<?xml version="1.0" encoding="UTF-8"?>
<!-- Generated by org.testng.reporters.JUnitXMLReporter -->
<testsuite ignored="19" hostname="AP-17L92T3" failures="3" tests="3" name="Parallel testing" time="7440.731" errors="0" timestamp="2024-09-27T15:26:28 IST">
  <testcase classname="dotcom.adobe.tests.MiloCreativeCloudTests_P" name="verifyJarvisChatIsDisplayedOnPage2" time="7169.689">
    <failure type="java.lang.AssertionError" message="The following asserts failed:
	Jarvis Chat is not Visible on pagehttps://www.stage.adobe.com/nz/products/illustrator/vectorize-image.html expected [true] but found [false],
	Jarvis Chat is not Visible on pagehttps://www.stage.adobe.com/ie/products/illustrator/features.html expected [true] but found [false],
	Jarvis Chat is not Visible on pagehttps://www.stage.adobe.com/africa/products/illustrator/features.html expected [true] but found [false],
	Jarvis Chat is not Visible on pagehttps://www.stage.adobe.com/ie/products/illustrator/vectorize-image.html expected [true] but found [false],
	Jarvis Chat is not Visible on pagehttps://www.stage.adobe.com/nz/products/illustrator/features.html expected [true] but found [false],
	Jarvis Chat is not Visible on pagehttps://www.stage.adobe.com/africa/products/illustrator/vectorize-image.html expected [true] but found [false],
	Jarvis Chat is not Visible on pagehttps://www.stage.adobe.com/africa/products/photoshop/ai-ideation.html expected [true] but found [false],
	Jarvis Chat is not Visible on pagehttps://www.stage.adobe.com/nz/products/photoshop.html expected [true] but found [false],
	Jarvis Chat is not Visible on pagehttps://www.stage.adobe.com/ie/products/photoshop.html expected [true] but found [false],
	Jarvis Chat is not Visible on pagehttps://www.stage.adobe.com/nz/products/photoshop/ai-ideation.html expected [true] but found [false],
	Jarvis Chat is not Visible on pagehttps://www.stage.adobe.com/ie/products/photoshop/ai.html expected [true] but found [false],
	Jarvis Chat is not Visible on pagehttps://www.stage.adobe.com/africa/products/photoshop.html expected [true] but found [false],
	Jarvis Chat is not Visible on pagehttps://www.stage.adobe.com/nz/products/photoshop/ai.html expected [true] but found [false],
	Jarvis Chat is not Visible on pagehttps://www.stage.adobe.com/africa/products/photoshop/ai.html expected [true] but found [false],
	Jarvis Chat is not Visible on pagehttps://www.stage.adobe.com/ie/products/photoshop/ai-ideation.html expected [true] but found [false],
	Jarvis Chat is not Visible on pagehttps://www.stage.adobe.com/nz/products/photoshop/generative-expand.html expected [true] but found [false],
	Jarvis Chat is not Visible on pagehttps://www.stage.adobe.com/ie/products/photoshop/features.html expected [true] but found [false],
	Jarvis Chat is not Visible on pagehttps://www.stage.adobe.com/africa/products/photoshop/features.html expected [true] but found [false],
	Jarvis Chat is not Visible on pagehttps://www.stage.adobe.com/nz/products/photoshop/features.html expected [true] but found [false],
	Jarvis Chat is not Visible on pagehttps://www.stage.adobe.com/africa/products/photoshop/landpa.html expected [true] but found [false],
	Jarvis Chat is not Visible on pagehttps://www.stage.adobe.com/ie/products/photoshop/generative-expand.html expected [true] but found [false],
	Jarvis Chat is not Visible on pagehttps://www.stage.adobe.com/nz/products/photoshop/generative-fill.html expected [true] but found [false],
	Jarvis Chat is not Visible on pagehttps://www.stage.adobe.com/africa/products/photoshop/generative-expand.html expected [true] but found [false],
	Jarvis Chat is not Visible on pagehttps://www.stage.adobe.com/ie/products/photoshop/generative-fill.html expected [true] but found [false],
	Jarvis Chat is not Visible on pagehttps://www.stage.adobe.com/nz/products/photoshop/landpa.html expected [true] but found [false],
	Jarvis Chat is not Visible on pagehttps://www.stage.adobe.com/africa/products/photoshop/generative-fill.html expected [true] but found [false],
	Jarvis Chat is not Visible on pagehttps://www.stage.adobe.com/ie/products/photoshop/remove-object.html expected [true] but found [false],
	Jarvis Chat is not Visible on pagehttps://www.stage.adobe.com/nz/products/photoshop/remove-object.html expected [true] but found [false],
	Jarvis Chat is not Visible on pagehttps://www.stage.adobe.com/ie/products/photoshop/landpa.html expected [true] but found [false],
	Jarvis Chat is not Visible on pagehttps://www.stage.adobe.com/africa/products/photoshop/remove-object.html expected [true] but found [false],
	Jarvis Chat is not Visible on pagehttps://www.stage.adobe.com/ph_en/products/photoshop.html expected [true] but found [false],
	Jarvis Chat is not Visible on pagehttps://www.stage.adobe.com/au/products/photoshop.html expected [true] but found [false],
	Jarvis Chat is not Visible on pagehttps://www.stage.adobe.com/ph_en/products/photoshop/ai-ideation.html expected [true] but found [false],
	Jarvis Chat is not Visible on pagehttps://www.stage.adobe.com/il_en/products/photoshop.html expected [true] but found [false],
	Jarvis Chat is not Visible on pagehttps://www.stage.adobe.com/au/products/photoshop/ai-ideation.html expected [true] but found [false],
	Jarvis Chat is not Visible on pagehttps://www.stage.adobe.com/ph_en/products/photoshop/ai.html expected [true] but found [false],
	Jarvis Chat is not Visible on pagehttps://www.stage.adobe.com/il_en/products/photoshop/ai-ideation.html expected [true] but found [false],
	Jarvis Chat is not Visible on pagehttps://www.stage.adobe.com/ph_en/products/photoshop/features.html expected [true] but found [false],
	Jarvis Chat is not Visible on pagehttps://www.stage.adobe.com/il_en/products/photoshop/ai.html expected [true] but found [false],
	Jarvis Chat is not Visible on pagehttps://www.stage.adobe.com/au/products/photoshop/features.html expected [true] but found [false],
	Jarvis Chat is not Visible on pagehttps://www.stage.adobe.com/ph_en/products/photoshop/generative-expand.html expected [true] but found [false],
	Jarvis Chat is not Visible on pagehttps://www.stage.adobe.com/au/products/photoshop/ai.html expected [true] but found [false],
	Jarvis Chat is not Visible on pagehttps://www.stage.adobe.com/il_en/products/photoshop/features.html expected [true] but found [false],
	Jarvis Chat is not Visible on pagehttps://www.stage.adobe.com/ph_en/products/photoshop/landpa.html expected [true] but found [false],
	Jarvis Chat is not Visible on pagehttps://www.stage.adobe.com/au/products/photoshop/landpa.html expected [true] but found [false],
	Jarvis Chat is not Visible on pagehttps://www.stage.adobe.com/il_en/products/photoshop/generative-expand.html expected [true] but found [false],
	Jarvis Chat is not Visible on pagehttps://www.stage.adobe.com/ph_en/products/photoshop/generative-fill.html expected [true] but found [false],
	Jarvis Chat is not Visible on pagehttps://www.stage.adobe.com/au/products/photoshop/generative-expand.html expected [true] but found [false],
	Jarvis Chat is not Visible on pagehttps://www.stage.adobe.com/il_en/products/photoshop/generative-fill.html expected [true] but found [false],
	Jarvis Chat is not Visible on pagehttps://www.stage.adobe.com/ph_en/products/photoshop/remove-object.html expected [true] but found [false],
	Jarvis Chat is not Visible on pagehttps://www.stage.adobe.com/au/products/photoshop/generative-fill.html expected [true] but found [false],
	Jarvis Chat is not Visible on pagehttps://www.stage.adobe.com/il_en/products/photoshop/landpa.html expected [true] but found [false],
	Jarvis Chat is not Visible on pagehttps://www.stage.adobe.com/il_en/products/photoshop/remove-object.html expected [true] but found [false],
	Jarvis Chat is not Visible on pagehttps://www.stage.adobe.com/au/products/photoshop/remove-object.html expected [true] but found [false],
	Jarvis Chat is not Visible on pagehttps://www.stage.adobe.com/be_en/products/photoshop.html expected [true] but found [false],
	Jarvis Chat is not Visible on pagehttps://www.stage.adobe.com/qa_en/products/photoshop.html expected [true] but found [false],
	Jarvis Chat is not Visible on pagehttps://www.stage.adobe.com/be_en/products/photoshop/ai-ideation.html expected [true] but found [false],
	Jarvis Chat is not Visible on pagehttps://www.stage.adobe.com/in/products/photoshop.html expected [true] but found [false],
	Jarvis Chat is not Visible on pagehttps://www.stage.adobe.com/qa_en/products/photoshop/ai-ideation.html expected [true] but found [false],
	Jarvis Chat is not Visible on pagehttps://www.stage.adobe.com/be_en/products/photoshop/ai.html expected [true] but found [false],
	Jarvis Chat is not Visible on pagehttps://www.stage.adobe.com/qa_en/products/photoshop/ai.html expected [true] but found [false],
	Jarvis Chat is not Visible on pagehttps://www.stage.adobe.com/in/products/photoshop/ai-ideation.html expected [true] but found [false],
	Jarvis Chat is not Visible on pagehttps://www.stage.adobe.com/be_en/products/photoshop/features.html expected [true] but found [false],
	Jarvis Chat is not Visible on pagehttps://www.stage.adobe.com/qa_en/products/photoshop/features.html expected [true] but found [false],
	Jarvis Chat is not Visible on pagehttps://www.stage.adobe.com/in/products/photoshop/ai.html expected [true] but found [false],
	Jarvis Chat is not Visible on pagehttps://www.stage.adobe.com/be_en/products/photoshop/generative-fill.html expected [true] but found [false],
	Jarvis Chat is not Visible on pagehttps://www.stage.adobe.com/qa_en/products/photoshop/generative-expand.html expected [true] but found [false],
	Jarvis Chat is not Visible on pagehttps://www.stage.adobe.com/in/products/photoshop/generative-expand.html expected [true] but found [false],
	Jarvis Chat is not Visible on pagehttps://www.stage.adobe.com/be_en/products/photoshop/landpa.html expected [true] but found [false],
	Jarvis Chat is not Visible on pagehttps://www.stage.adobe.com/qa_en/products/photoshop/landpa.html expected [true] but found [false],
	Jarvis Chat is not Visible on pagehttps://www.stage.adobe.com/in/products/photoshop/generative-fill.html expected [true] but found [false],
	Jarvis Chat is not Visible on pagehttps://www.stage.adobe.com/be_en/products/photoshop/generative-expand.html expected [true] but found [false],
	Jarvis Chat is not Visible on pagehttps://www.stage.adobe.com/qa_en/products/photoshop/generative-fill.html expected [true] but found [false],
	Jarvis Chat is not Visible on pagehttps://www.stage.adobe.com/be_en/products/photoshop/remove-object.html expected [true] but found [false],
	Jarvis Chat is not Visible on pagehttps://www.stage.adobe.com/qa_en/products/photoshop/remove-object.html expected [true] but found [false],
	Jarvis Chat is not Visible on pagehttps://www.stage.adobe.com/in/products/photoshop/features.html expected [true] but found [false],
	Jarvis Chat is not Visible on pagehttps://www.stage.adobe.com/in/products/photoshop/landpa.html expected [true] but found [false],
	Jarvis Chat is not Visible on pagehttps://www.stage.adobe.com/in/products/photoshop/remove-object.html expected [true] but found [false],
	Jarvis Chat is not Visible on pagehttps://www.stage.adobe.com/za/products/photoshop/remove-object.html expected [true] but found [false],
	Jarvis Chat is not Visible on pagehttps://www.stage.adobe.com/za/products/photoshop/landpa.html expected [true] but found [false],
	Jarvis Chat is not Visible on pagehttps://www.stage.adobe.com/za/products/photoshop/generative-fill.html expected [true] but found [false],
	Jarvis Chat is not Visible on pagehttps://www.stage.adobe.com/za/products/photoshop/features.html expected [true] but found [false],
	Jarvis Chat is not Visible on pagehttps://www.stage.adobe.com/ca/products/photoshop.html expected [true] but found [false],
	Jarvis Chat is not Visible on pagehttps://www.stage.adobe.com/za/products/photoshop/ai.html expected [true] but found [false],
	Jarvis Chat is not Visible on pagehttps://www.stage.adobe.com/ca/products/photoshop/ai-ideation.html expected [true] but found [false],
	Jarvis Chat is not Visible on pagehttps://www.stage.adobe.com/za/products/photoshop/generative-expand.html expected [true] but found [false],
	Jarvis Chat is not Visible on pagehttps://www.stage.adobe.com/ca/products/photoshop/ai.html expected [true] but found [false],
	Jarvis Chat is not Visible on pagehttps://www.stage.adobe.com/za/products/photoshop/ai-ideation.html expected [true] but found [false],
	Jarvis Chat is not Visible on pagehttps://www.stage.adobe.com/kw_en/products/photoshop.html expected [true] but found [false],
	Jarvis Chat is not Visible on pagehttps://www.stage.adobe.com/kw_en/products/photoshop/ai-ideation.html expected [true] but found [false],
	Jarvis Chat is not Visible on pagehttps://www.stage.adobe.com/ca/products/photoshop/features.html expected [true] but found [false],
	Jarvis Chat is not Visible on pagehttps://www.stage.adobe.com/za/products/photoshop.html expected [true] but found [false],
	Jarvis Chat is not Visible on pagehttps://www.stage.adobe.com/kw_en/products/photoshop/ai.html expected [true] but found [false],
	Jarvis Chat is not Visible on pagehttps://www.stage.adobe.com/ca/products/photoshop/generative-fill.html expected [true] but found [false],
	Jarvis Chat is not Visible on pagehttps://www.stage.adobe.com/ca/products/photoshop/generative-expand.html expected [true] but found [false],
	Jarvis Chat is not Visible on pagehttps://www.stage.adobe.com/kw_en/products/photoshop/features.html expected [true] but found [false],
	Jarvis Chat is not Visible on pagehttps://www.stage.adobe.com/ca/products/photoshop/landpa.html expected [true] but found [false],
	Jarvis Chat is not Visible on pagehttps://www.stage.adobe.com/kw_en/products/photoshop/generative-expand.html expected [true] but found [false],
	Jarvis Chat is not Visible on pagehttps://www.stage.adobe.com/ca/products/photoshop/remove-object.html expected [true] but found [false],
	Jarvis Chat is not Visible on pagehttps://www.stage.adobe.com/kw_en/products/photoshop/landpa.html expected [true] but found [false],
	Jarvis Chat is not Visible on pagehttps://www.stage.adobe.com/kw_en/products/photoshop/generative-fill.html expected [true] but found [false],
	Jarvis Chat is not Visible on pagehttps://www.stage.adobe.com/kw_en/products/photoshop/remove-object.html expected [true] but found [false],
	Jarvis Chat is not Visible on pagehttps://www.stage.adobe.com/vn_en/products/photoshop/remove-object.html expected [true] but found [false],
	Jarvis Chat is not Visible on pagehttps://www.stage.adobe.com/vn_en/products/photoshop/landpa.html expected [true] but found [false],
	Jarvis Chat is not Visible on pagehttps://www.stage.adobe.com/vn_en/products/photoshop/generative-fill.html expected [true] but found [false],
	Jarvis Chat is not Visible on pagehttps://www.stage.adobe.com/vn_en/products/photoshop/features.html expected [true] but found [false],
	Jarvis Chat is not Visible on pagehttps://www.stage.adobe.com/eg_en/products/photoshop.html expected [true] but found [false],
	Jarvis Chat is not Visible on pagehttps://www.stage.adobe.com/vn_en/products/photoshop/generative-expand.html expected [true] but found [false],
	Jarvis Chat is not Visible on pagehttps://www.stage.adobe.com/eg_en/products/photoshop/ai-ideation.html expected [true] but found [false],
	Jarvis Chat is not Visible on pagehttps://www.stage.adobe.com/vn_en/products/photoshop/ai.html expected [true] but found [false],
	Jarvis Chat is not Visible on pagehttps://www.stage.adobe.com/eg_en/products/photoshop/ai.html expected [true] but found [false],
	Jarvis Chat is not Visible on pagehttps://www.stage.adobe.com/vn_en/products/photoshop/ai-ideation.html expected [true] but found [false],
	Jarvis Chat is not Visible on pagehttps://www.stage.adobe.com/eg_en/products/photoshop/features.html expected [true] but found [false],
	Jarvis Chat is not Visible on pagehttps://www.stage.adobe.com/lu_en/products/photoshop.html expected [true] but found [false],
	Jarvis Chat is not Visible on pagehttps://www.stage.adobe.com/eg_en/products/photoshop/generative-fill.html expected [true] but found [false],
	Jarvis Chat is not Visible on pagehttps://www.stage.adobe.com/vn_en/products/photoshop.html expected [true] but found [false],
	Jarvis Chat is not Visible on pagehttps://www.stage.adobe.com/eg_en/products/photoshop/landpa.html expected [true] but found [false],
	Jarvis Chat is not Visible on pagehttps://www.stage.adobe.com/lu_en/products/photoshop/ai-ideation.html expected [true] but found [false],
	Jarvis Chat is not Visible on pagehttps://www.stage.adobe.com/eg_en/products/photoshop/generative-expand.html expected [true] but found [false],
	Jarvis Chat is not Visible on pagehttps://www.stage.adobe.com/lu_en/products/photoshop/features.html expected [true] but found [false],
	Jarvis Chat is not Visible on pagehttps://www.stage.adobe.com/eg_en/products/photoshop/remove-object.html expected [true] but found [false],
	Jarvis Chat is not Visible on pagehttps://www.stage.adobe.com/lu_en/products/photoshop/generative-fill.html expected [true] but found [false],
	Jarvis Chat is not Visible on pagehttps://www.stage.adobe.com/lu_en/products/photoshop/generative-expand.html expected [true] but found [false],
	Jarvis Chat is not Visible on pagehttps://www.stage.adobe.com/lu_en/products/photoshop/landpa.html expected [true] but found [false],
	Jarvis Chat is not Visible on pagehttps://www.stage.adobe.com/lu_en/products/photoshop/ai.html expected [true] but found [false],
	Jarvis Chat is not Visible on pagehttps://www.stage.adobe.com/lu_en/products/photoshop/remove-object.html expected [true] but found [false],
	Jarvis Chat is not Visible on pagehttps://www.stage.adobe.com/gr_en/products/photoshop.html expected [true] but found [false],
	Jarvis Chat is not Visible on pagehttps://www.stage.adobe.com/gr_en/products/photoshop/ai.html expected [true] but found [false],
	Jarvis Chat is not Visible on pagehttps://www.stage.adobe.com/gr_en/products/photoshop/ai-ideation.html expected [true] but found [false],
	Jarvis Chat is not Visible on pagehttps://www.stage.adobe.com/mena_en/products/photoshop/ai-ideation.html expected [true] but found [false],
	Jarvis Chat is not Visible on pagehttps://www.stage.adobe.com/gr_en/products/photoshop/features.html expected [true] but found [false],
	Jarvis Chat is not Visible on pagehttps://www.stage.adobe.com/mena_en/products/photoshop.html expected [true] but found [false],
	Jarvis Chat is not Visible on pagehttps://www.stage.adobe.com/gr_en/products/photoshop/generative-expand.html expected [true] but found [false],
	Jarvis Chat is not Visible on pagehttps://www.stage.adobe.com/gr_en/products/photoshop/generative-fill.html expected [true] but found [false],
	Jarvis Chat is not Visible on pagehttps://www.stage.adobe.com/gr_en/products/photoshop/landpa.html expected [true] but found [false],
	Jarvis Chat is not Visible on pagehttps://www.stage.adobe.com/mena_en/products/photoshop/ai.html expected [true] but found [false],
	Jarvis Chat is not Visible on pagehttps://www.stage.adobe.com/gr_en/products/photoshop/remove-object.html expected [true] but found [false],
	Jarvis Chat is not Visible on pagehttps://www.stage.adobe.com/mena_en/products/photoshop/features.html expected [true] but found [false],
	Jarvis Chat is not Visible on pagehttps://www.stage.adobe.com/mena_en/products/photoshop/generative-expand.html expected [true] but found [false],
	Jarvis Chat is not Visible on pagehttps://www.stage.adobe.com/mena_en/products/photoshop/generative-fill.html expected [true] but found [false],
	Jarvis Chat is not Visible on pagehttps://www.stage.adobe.com/mena_en/products/photoshop/landpa.html expected [true] but found [false],
	Jarvis Chat is not Visible on pagehttps://www.stage.adobe.com/mena_en/products/photoshop/remove-object.html expected [true] but found [false],
	Jarvis Chat is not Visible on pagehttps://www.stage.adobe.com/th_en/products/photoshop/remove-object.html expected [true] but found [false],
	Jarvis Chat is not Visible on pagehttps://www.stage.adobe.com/th_en/products/photoshop/landpa.html expected [true] but found [false],
	Jarvis Chat is not Visible on pagehttps://www.stage.adobe.com/th_en/products/photoshop/generative-fill.html expected [true] but found [false],
	Jarvis Chat is not Visible on pagehttps://www.stage.adobe.com/th_en/products/photoshop/generative-expand.html expected [true] but found [false],
	Jarvis Chat is not Visible on pagehttps://www.stage.adobe.com/th_en/products/photoshop/ai.html expected [true] but found [false],
	Jarvis Chat is not Visible on pagehttps://www.stage.adobe.com/th_en/products/photoshop/features.html expected [true] but found [false],
	Jarvis Chat is not Visible on pagehttps://www.stage.adobe.com/th_en/products/photoshop/ai-ideation.html expected [true] but found [false],
	Jarvis Chat is not Visible on pagehttps://www.stage.adobe.com/hk_en/products/photoshop.html expected [true] but found [false],
	Jarvis Chat is not Visible on pagehttps://www.stage.adobe.com/hk_en/products/photoshop/ai-ideation.html expected [true] but found [false],
	Jarvis Chat is not Visible on pagehttps://www.stage.adobe.com/th_en/products/photoshop.html expected [true] but found [false],
	Jarvis Chat is not Visible on pagehttps://www.stage.adobe.com/hk_en/products/photoshop/generative-expand.html expected [true] but found [false],
	Jarvis Chat is not Visible on pagehttps://www.stage.adobe.com/hk_en/products/photoshop/ai.html expected [true] but found [false],
	Jarvis Chat is not Visible on pagehttps://www.stage.adobe.com/hk_en/products/photoshop/features.html expected [true] but found [false],
	Jarvis Chat is not Visible on pagehttps://www.stage.adobe.com/my_en/products/photoshop.html expected [true] but found [false],
	Jarvis Chat is not Visible on pagehttps://www.stage.adobe.com/hk_en/products/photoshop/landpa.html expected [true] but found [false],
	Jarvis Chat is not Visible on pagehttps://www.stage.adobe.com/my_en/products/photoshop/ai-ideation.html expected [true] but found [false],
	Jarvis Chat is not Visible on pagehttps://www.stage.adobe.com/hk_en/products/photoshop/generative-fill.html expected [true] but found [false],
	Jarvis Chat is not Visible on pagehttps://www.stage.adobe.com/my_en/products/photoshop/ai.html expected [true] but found [false],
	Jarvis Chat is not Visible on pagehttps://www.stage.adobe.com/hk_en/products/photoshop/remove-object.html expected [true] but found [false],
	Jarvis Chat is not Visible on pagehttps://www.stage.adobe.com/my_en/products/photoshop/features.html expected [true] but found [false],
	Jarvis Chat is not Visible on pagehttps://www.stage.adobe.com/my_en/products/photoshop/generative-expand.html expected [true] but found [false],
	Jarvis Chat is not Visible on pagehttps://www.stage.adobe.com/my_en/products/photoshop/generative-fill.html expected [true] but found [false],
	Jarvis Chat is not Visible on pagehttps://www.stage.adobe.com/my_en/products/photoshop/landpa.html expected [true] but found [false],
	Jarvis Chat is not Visible on pagehttps://www.stage.adobe.com/my_en/products/photoshop/remove-object.html expected [true] but found [false],
	Jarvis Chat is not Visible on pagehttps://www.stage.adobe.com/sg/products/photoshop/remove-object.html expected [true] but found [false],
	Jarvis Chat is not Visible on pagehttps://www.stage.adobe.com/sg/products/photoshop/landpa.html expected [true] but found [false],
	Jarvis Chat is not Visible on pagehttps://www.stage.adobe.com/sg/products/photoshop/generative-fill.html expected [true] but found [false],
	Jarvis Chat is not Visible on pagehttps://www.stage.adobe.com/sg/products/photoshop/generative-expand.html expected [true] but found [false],
	Jarvis Chat is not Visible on pagehttps://www.stage.adobe.com/sg/products/photoshop/ai.html expected [true] but found [false],
	Jarvis Chat is not Visible on pagehttps://www.stage.adobe.com/sg/products/photoshop/features.html expected [true] but found [false],
	Jarvis Chat is not Visible on pagehttps://www.stage.adobe.com/sg/products/photoshop/ai-ideation.html expected [true] but found [false],
	Jarvis Chat is not Visible on pagehttps://www.stage.adobe.com/id_en/products/photoshop.html expected [true] but found [false],
	Jarvis Chat is not Visible on pagehttps://www.stage.adobe.com/id_en/products/photoshop/ai-ideation.html expected [true] but found [false],
	Jarvis Chat is not Visible on pagehttps://www.stage.adobe.com/sg/products/photoshop.html expected [true] but found [false],
	Jarvis Chat is not Visible on pagehttps://www.stage.adobe.com/id_en/products/photoshop/features.html expected [true] but found [false],
	Jarvis Chat is not Visible on pagehttps://www.stage.adobe.com/id_en/products/photoshop/ai.html expected [true] but found [false],
	Jarvis Chat is not Visible on pagehttps://www.stage.adobe.com/ng/products/photoshop.html expected [true] but found [false],
	Jarvis Chat is not Visible on pagehttps://www.stage.adobe.com/id_en/products/photoshop/generative-expand.html expected [true] but found [false],
	Jarvis Chat is not Visible on pagehttps://www.stage.adobe.com/ng/products/photoshop/ai-ideation.html expected [true] but found [false],
	Jarvis Chat is not Visible on pagehttps://www.stage.adobe.com/id_en/products/photoshop/generative-fill.html expected [true] but found [false],
	Jarvis Chat is not Visible on pagehttps://www.stage.adobe.com/ng/products/photoshop/ai.html expected [true] but found [false],
	Jarvis Chat is not Visible on pagehttps://www.stage.adobe.com/id_en/products/photoshop/landpa.html expected [true] but found [false],
	Jarvis Chat is not Visible on pagehttps://www.stage.adobe.com/ng/products/photoshop/features.html expected [true] but found [false],
	Jarvis Chat is not Visible on pagehttps://www.stage.adobe.com/ng/products/photoshop/generative-expand.html expected [true] but found [false],
	Jarvis Chat is not Visible on pagehttps://www.stage.adobe.com/id_en/products/photoshop/remove-object.html expected [true] but found [false],
	Jarvis Chat is not Visible on pagehttps://www.stage.adobe.com/ng/products/photoshop/landpa.html expected [true] but found [false],
	Jarvis Chat is not Visible on pagehttps://www.stage.adobe.com/ng/products/photoshop/generative-fill.html expected [true] but found [false],
	Jarvis Chat is not Visible on pagehttps://www.stage.adobe.com/ng/products/photoshop/remove-object.html expected [true] but found [false],
	Jarvis Chat is not Visible on pagehttps://www.stage.adobe.com/sa_en/products/photoshop/remove-object.html expected [true] but found [false],
	Jarvis Chat is not Visible on pagehttps://www.stage.adobe.com/sa_en/products/photoshop.html expected [true] but found [false],
	Jarvis Chat is not Visible on pagehttps://www.stage.adobe.com/sa_en/products/photoshop/landpa.html expected [true] but found [false],
	Jarvis Chat is not Visible on pagehttps://www.stage.adobe.com/sa_en/products/photoshop/generative-fill.html expected [true] but found [false]">
      <![CDATA[java.lang.AssertionError: The following asserts failed:
Jarvis Chat is not Visible on pagehttps://www.stage.adobe.com/nz/products/illustrator/vectorize-image.html expected [true] but found [false],
Jarvis Chat is not Visible on pagehttps://www.stage.adobe.com/ie/products/illustrator/features.html expected [true] but found [false],
Jarvis Chat is not Visible on pagehttps://www.stage.adobe.com/africa/products/illustrator/features.html expected [true] but found [false],
Jarvis Chat is not Visible on pagehttps://www.stage.adobe.com/ie/products/illustrator/vectorize-image.html expected [true] but found [false],
Jarvis Chat is not Visible on pagehttps://www.stage.adobe.com/nz/products/illustrator/features.html expected [true] but found [false],
Jarvis Chat is not Visible on pagehttps://www.stage.adobe.com/africa/products/illustrator/vectorize-image.html expected [true] but found [false],
Jarvis Chat is not Visible on pagehttps://www.stage.adobe.com/africa/products/photoshop/ai-ideation.html expected [true] but found [false],
Jarvis Chat is not Visible on pagehttps://www.stage.adobe.com/nz/products/photoshop.html expected [true] but found [false],
Jarvis Chat is not Visible on pagehttps://www.stage.adobe.com/ie/products/photoshop.html expected [true] but found [false],
Jarvis Chat is not Visible on pagehttps://www.stage.adobe.com/nz/products/photoshop/ai-ideation.html expected [true] but found [false],
Jarvis Chat is not Visible on pagehttps://www.stage.adobe.com/ie/products/photoshop/ai.html expected [true] but found [false],
Jarvis Chat is not Visible on pagehttps://www.stage.adobe.com/africa/products/photoshop.html expected [true] but found [false],
Jarvis Chat is not Visible on pagehttps://www.stage.adobe.com/nz/products/photoshop/ai.html expected [true] but found [false],
Jarvis Chat is not Visible on pagehttps://www.stage.adobe.com/africa/products/photoshop/ai.html expected [true] but found [false],
Jarvis Chat is not Visible on pagehttps://www.stage.adobe.com/ie/products/photoshop/ai-ideation.html expected [true] but found [false],
Jarvis Chat is not Visible on pagehttps://www.stage.adobe.com/nz/products/photoshop/generative-expand.html expected [true] but found [false],
Jarvis Chat is not Visible on pagehttps://www.stage.adobe.com/ie/products/photoshop/features.html expected [true] but found [false],
Jarvis Chat is not Visible on pagehttps://www.stage.adobe.com/africa/products/photoshop/features.html expected [true] but found [false],
Jarvis Chat is not Visible on pagehttps://www.stage.adobe.com/nz/products/photoshop/features.html expected [true] but found [false],
Jarvis Chat is not Visible on pagehttps://www.stage.adobe.com/africa/products/photoshop/landpa.html expected [true] but found [false],
Jarvis Chat is not Visible on pagehttps://www.stage.adobe.com/ie/products/photoshop/generative-expand.html expected [true] but found [false],
Jarvis Chat is not Visible on pagehttps://www.stage.adobe.com/nz/products/photoshop/generative-fill.html expected [true] but found [false],
Jarvis Chat is not Visible on pagehttps://www.stage.adobe.com/africa/products/photoshop/generative-expand.html expected [true] but found [false],
Jarvis Chat is not Visible on pagehttps://www.stage.adobe.com/ie/products/photoshop/generative-fill.html expected [true] but found [false],
Jarvis Chat is not Visible on pagehttps://www.stage.adobe.com/nz/products/photoshop/landpa.html expected [true] but found [false],
Jarvis Chat is not Visible on pagehttps://www.stage.adobe.com/africa/products/photoshop/generative-fill.html expected [true] but found [false],
Jarvis Chat is not Visible on pagehttps://www.stage.adobe.com/ie/products/photoshop/remove-object.html expected [true] but found [false],
Jarvis Chat is not Visible on pagehttps://www.stage.adobe.com/nz/products/photoshop/remove-object.html expected [true] but found [false],
Jarvis Chat is not Visible on pagehttps://www.stage.adobe.com/ie/products/photoshop/landpa.html expected [true] but found [false],
Jarvis Chat is not Visible on pagehttps://www.stage.adobe.com/africa/products/photoshop/remove-object.html expected [true] but found [false],
Jarvis Chat is not Visible on pagehttps://www.stage.adobe.com/ph_en/products/photoshop.html expected [true] but found [false],
Jarvis Chat is not Visible on pagehttps://www.stage.adobe.com/au/products/photoshop.html expected [true] but found [false],
Jarvis Chat is not Visible on pagehttps://www.stage.adobe.com/ph_en/products/photoshop/ai-ideation.html expected [true] but found [false],
Jarvis Chat is not Visible on pagehttps://www.stage.adobe.com/il_en/products/photoshop.html expected [true] but found [false],
Jarvis Chat is not Visible on pagehttps://www.stage.adobe.com/au/products/photoshop/ai-ideation.html expected [true] but found [false],
Jarvis Chat is not Visible on pagehttps://www.stage.adobe.com/ph_en/products/photoshop/ai.html expected [true] but found [false],
Jarvis Chat is not Visible on pagehttps://www.stage.adobe.com/il_en/products/photoshop/ai-ideation.html expected [true] but found [false],
Jarvis Chat is not Visible on pagehttps://www.stage.adobe.com/ph_en/products/photoshop/features.html expected [true] but found [false],
Jarvis Chat is not Visible on pagehttps://www.stage.adobe.com/il_en/products/photoshop/ai.html expected [true] but found [false],
Jarvis Chat is not Visible on pagehttps://www.stage.adobe.com/au/products/photoshop/features.html expected [true] but found [false],
Jarvis Chat is not Visible on pagehttps://www.stage.adobe.com/ph_en/products/photoshop/generative-expand.html expected [true] but found [false],
Jarvis Chat is not Visible on pagehttps://www.stage.adobe.com/au/products/photoshop/ai.html expected [true] but found [false],
Jarvis Chat is not Visible on pagehttps://www.stage.adobe.com/il_en/products/photoshop/features.html expected [true] but found [false],
Jarvis Chat is not Visible on pagehttps://www.stage.adobe.com/ph_en/products/photoshop/landpa.html expected [true] but found [false],
Jarvis Chat is not Visible on pagehttps://www.stage.adobe.com/au/products/photoshop/landpa.html expected [true] but found [false],
Jarvis Chat is not Visible on pagehttps://www.stage.adobe.com/il_en/products/photoshop/generative-expand.html expected [true] but found [false],
Jarvis Chat is not Visible on pagehttps://www.stage.adobe.com/ph_en/products/photoshop/generative-fill.html expected [true] but found [false],
Jarvis Chat is not Visible on pagehttps://www.stage.adobe.com/au/products/photoshop/generative-expand.html expected [true] but found [false],
Jarvis Chat is not Visible on pagehttps://www.stage.adobe.com/il_en/products/photoshop/generative-fill.html expected [true] but found [false],
Jarvis Chat is not Visible on pagehttps://www.stage.adobe.com/ph_en/products/photoshop/remove-object.html expected [true] but found [false],
Jarvis Chat is not Visible on pagehttps://www.stage.adobe.com/au/products/photoshop/generative-fill.html expected [true] but found [false],
Jarvis Chat is not Visible on pagehttps://www.stage.adobe.com/il_en/products/photoshop/landpa.html expected [true] but found [false],
Jarvis Chat is not Visible on pagehttps://www.stage.adobe.com/il_en/products/photoshop/remove-object.html expected [true] but found [false],
Jarvis Chat is not Visible on pagehttps://www.stage.adobe.com/au/products/photoshop/remove-object.html expected [true] but found [false],
Jarvis Chat is not Visible on pagehttps://www.stage.adobe.com/be_en/products/photoshop.html expected [true] but found [false],
Jarvis Chat is not Visible on pagehttps://www.stage.adobe.com/qa_en/products/photoshop.html expected [true] but found [false],
Jarvis Chat is not Visible on pagehttps://www.stage.adobe.com/be_en/products/photoshop/ai-ideation.html expected [true] but found [false],
Jarvis Chat is not Visible on pagehttps://www.stage.adobe.com/in/products/photoshop.html expected [true] but found [false],
Jarvis Chat is not Visible on pagehttps://www.stage.adobe.com/qa_en/products/photoshop/ai-ideation.html expected [true] but found [false],
Jarvis Chat is not Visible on pagehttps://www.stage.adobe.com/be_en/products/photoshop/ai.html expected [true] but found [false],
Jarvis Chat is not Visible on pagehttps://www.stage.adobe.com/qa_en/products/photoshop/ai.html expected [true] but found [false],
Jarvis Chat is not Visible on pagehttps://www.stage.adobe.com/in/products/photoshop/ai-ideation.html expected [true] but found [false],
Jarvis Chat is not Visible on pagehttps://www.stage.adobe.com/be_en/products/photoshop/features.html expected [true] but found [false],
Jarvis Chat is not Visible on pagehttps://www.stage.adobe.com/qa_en/products/photoshop/features.html expected [true] but found [false],
Jarvis Chat is not Visible on pagehttps://www.stage.adobe.com/in/products/photoshop/ai.html expected [true] but found [false],
Jarvis Chat is not Visible on pagehttps://www.stage.adobe.com/be_en/products/photoshop/generative-fill.html expected [true] but found [false],
Jarvis Chat is not Visible on pagehttps://www.stage.adobe.com/qa_en/products/photoshop/generative-expand.html expected [true] but found [false],
Jarvis Chat is not Visible on pagehttps://www.stage.adobe.com/in/products/photoshop/generative-expand.html expected [true] but found [false],
Jarvis Chat is not Visible on pagehttps://www.stage.adobe.com/be_en/products/photoshop/landpa.html expected [true] but found [false],
Jarvis Chat is not Visible on pagehttps://www.stage.adobe.com/qa_en/products/photoshop/landpa.html expected [true] but found [false],
Jarvis Chat is not Visible on pagehttps://www.stage.adobe.com/in/products/photoshop/generative-fill.html expected [true] but found [false],
Jarvis Chat is not Visible on pagehttps://www.stage.adobe.com/be_en/products/photoshop/generative-expand.html expected [true] but found [false],
Jarvis Chat is not Visible on pagehttps://www.stage.adobe.com/qa_en/products/photoshop/generative-fill.html expected [true] but found [false],
Jarvis Chat is not Visible on pagehttps://www.stage.adobe.com/be_en/products/photoshop/remove-object.html expected [true] but found [false],
Jarvis Chat is not Visible on pagehttps://www.stage.adobe.com/qa_en/products/photoshop/remove-object.html expected [true] but found [false],
Jarvis Chat is not Visible on pagehttps://www.stage.adobe.com/in/products/photoshop/features.html expected [true] but found [false],
Jarvis Chat is not Visible on pagehttps://www.stage.adobe.com/in/products/photoshop/landpa.html expected [true] but found [false],
Jarvis Chat is not Visible on pagehttps://www.stage.adobe.com/in/products/photoshop/remove-object.html expected [true] but found [false],
Jarvis Chat is not Visible on pagehttps://www.stage.adobe.com/za/products/photoshop/remove-object.html expected [true] but found [false],
Jarvis Chat is not Visible on pagehttps://www.stage.adobe.com/za/products/photoshop/landpa.html expected [true] but found [false],
Jarvis Chat is not Visible on pagehttps://www.stage.adobe.com/za/products/photoshop/generative-fill.html expected [true] but found [false],
Jarvis Chat is not Visible on pagehttps://www.stage.adobe.com/za/products/photoshop/features.html expected [true] but found [false],
Jarvis Chat is not Visible on pagehttps://www.stage.adobe.com/ca/products/photoshop.html expected [true] but found [false],
Jarvis Chat is not Visible on pagehttps://www.stage.adobe.com/za/products/photoshop/ai.html expected [true] but found [false],
Jarvis Chat is not Visible on pagehttps://www.stage.adobe.com/ca/products/photoshop/ai-ideation.html expected [true] but found [false],
Jarvis Chat is not Visible on pagehttps://www.stage.adobe.com/za/products/photoshop/generative-expand.html expected [true] but found [false],
Jarvis Chat is not Visible on pagehttps://www.stage.adobe.com/ca/products/photoshop/ai.html expected [true] but found [false],
Jarvis Chat is not Visible on pagehttps://www.stage.adobe.com/za/products/photoshop/ai-ideation.html expected [true] but found [false],
Jarvis Chat is not Visible on pagehttps://www.stage.adobe.com/kw_en/products/photoshop.html expected [true] but found [false],
Jarvis Chat is not Visible on pagehttps://www.stage.adobe.com/kw_en/products/photoshop/ai-ideation.html expected [true] but found [false],
Jarvis Chat is not Visible on pagehttps://www.stage.adobe.com/ca/products/photoshop/features.html expected [true] but found [false],
Jarvis Chat is not Visible on pagehttps://www.stage.adobe.com/za/products/photoshop.html expected [true] but found [false],
Jarvis Chat is not Visible on pagehttps://www.stage.adobe.com/kw_en/products/photoshop/ai.html expected [true] but found [false],
Jarvis Chat is not Visible on pagehttps://www.stage.adobe.com/ca/products/photoshop/generative-fill.html expected [true] but found [false],
Jarvis Chat is not Visible on pagehttps://www.stage.adobe.com/ca/products/photoshop/generative-expand.html expected [true] but found [false],
Jarvis Chat is not Visible on pagehttps://www.stage.adobe.com/kw_en/products/photoshop/features.html expected [true] but found [false],
Jarvis Chat is not Visible on pagehttps://www.stage.adobe.com/ca/products/photoshop/landpa.html expected [true] but found [false],
Jarvis Chat is not Visible on pagehttps://www.stage.adobe.com/kw_en/products/photoshop/generative-expand.html expected [true] but found [false],
Jarvis Chat is not Visible on pagehttps://www.stage.adobe.com/ca/products/photoshop/remove-object.html expected [true] but found [false],
Jarvis Chat is not Visible on pagehttps://www.stage.adobe.com/kw_en/products/photoshop/landpa.html expected [true] but found [false],
Jarvis Chat is not Visible on pagehttps://www.stage.adobe.com/kw_en/products/photoshop/generative-fill.html expected [true] but found [false],
Jarvis Chat is not Visible on pagehttps://www.stage.adobe.com/kw_en/products/photoshop/remove-object.html expected [true] but found [false],
Jarvis Chat is not Visible on pagehttps://www.stage.adobe.com/vn_en/products/photoshop/remove-object.html expected [true] but found [false],
Jarvis Chat is not Visible on pagehttps://www.stage.adobe.com/vn_en/products/photoshop/landpa.html expected [true] but found [false],
Jarvis Chat is not Visible on pagehttps://www.stage.adobe.com/vn_en/products/photoshop/generative-fill.html expected [true] but found [false],
Jarvis Chat is not Visible on pagehttps://www.stage.adobe.com/vn_en/products/photoshop/features.html expected [true] but found [false],
Jarvis Chat is not Visible on pagehttps://www.stage.adobe.com/eg_en/products/photoshop.html expected [true] but found [false],
Jarvis Chat is not Visible on pagehttps://www.stage.adobe.com/vn_en/products/photoshop/generative-expand.html expected [true] but found [false],
Jarvis Chat is not Visible on pagehttps://www.stage.adobe.com/eg_en/products/photoshop/ai-ideation.html expected [true] but found [false],
Jarvis Chat is not Visible on pagehttps://www.stage.adobe.com/vn_en/products/photoshop/ai.html expected [true] but found [false],
Jarvis Chat is not Visible on pagehttps://www.stage.adobe.com/eg_en/products/photoshop/ai.html expected [true] but found [false],
Jarvis Chat is not Visible on pagehttps://www.stage.adobe.com/vn_en/products/photoshop/ai-ideation.html expected [true] but found [false],
Jarvis Chat is not Visible on pagehttps://www.stage.adobe.com/eg_en/products/photoshop/features.html expected [true] but found [false],
Jarvis Chat is not Visible on pagehttps://www.stage.adobe.com/lu_en/products/photoshop.html expected [true] but found [false],
Jarvis Chat is not Visible on pagehttps://www.stage.adobe.com/eg_en/products/photoshop/generative-fill.html expected [true] but found [false],
Jarvis Chat is not Visible on pagehttps://www.stage.adobe.com/vn_en/products/photoshop.html expected [true] but found [false],
Jarvis Chat is not Visible on pagehttps://www.stage.adobe.com/eg_en/products/photoshop/landpa.html expected [true] but found [false],
Jarvis Chat is not Visible on pagehttps://www.stage.adobe.com/lu_en/products/photoshop/ai-ideation.html expected [true] but found [false],
Jarvis Chat is not Visible on pagehttps://www.stage.adobe.com/eg_en/products/photoshop/generative-expand.html expected [true] but found [false],
Jarvis Chat is not Visible on pagehttps://www.stage.adobe.com/lu_en/products/photoshop/features.html expected [true] but found [false],
Jarvis Chat is not Visible on pagehttps://www.stage.adobe.com/eg_en/products/photoshop/remove-object.html expected [true] but found [false],
Jarvis Chat is not Visible on pagehttps://www.stage.adobe.com/lu_en/products/photoshop/generative-fill.html expected [true] but found [false],
Jarvis Chat is not Visible on pagehttps://www.stage.adobe.com/lu_en/products/photoshop/generative-expand.html expected [true] but found [false],
Jarvis Chat is not Visible on pagehttps://www.stage.adobe.com/lu_en/products/photoshop/landpa.html expected [true] but found [false],
Jarvis Chat is not Visible on pagehttps://www.stage.adobe.com/lu_en/products/photoshop/ai.html expected [true] but found [false],
Jarvis Chat is not Visible on pagehttps://www.stage.adobe.com/lu_en/products/photoshop/remove-object.html expected [true] but found [false],
Jarvis Chat is not Visible on pagehttps://www.stage.adobe.com/gr_en/products/photoshop.html expected [true] but found [false],
Jarvis Chat is not Visible on pagehttps://www.stage.adobe.com/gr_en/products/photoshop/ai.html expected [true] but found [false],
Jarvis Chat is not Visible on pagehttps://www.stage.adobe.com/gr_en/products/photoshop/ai-ideation.html expected [true] but found [false],
Jarvis Chat is not Visible on pagehttps://www.stage.adobe.com/mena_en/products/photoshop/ai-ideation.html expected [true] but found [false],
Jarvis Chat is not Visible on pagehttps://www.stage.adobe.com/gr_en/products/photoshop/features.html expected [true] but found [false],
Jarvis Chat is not Visible on pagehttps://www.stage.adobe.com/mena_en/products/photoshop.html expected [true] but found [false],
Jarvis Chat is not Visible on pagehttps://www.stage.adobe.com/gr_en/products/photoshop/generative-expand.html expected [true] but found [false],
Jarvis Chat is not Visible on pagehttps://www.stage.adobe.com/gr_en/products/photoshop/generative-fill.html expected [true] but found [false],
Jarvis Chat is not Visible on pagehttps://www.stage.adobe.com/gr_en/products/photoshop/landpa.html expected [true] but found [false],
Jarvis Chat is not Visible on pagehttps://www.stage.adobe.com/mena_en/products/photoshop/ai.html expected [true] but found [false],
Jarvis Chat is not Visible on pagehttps://www.stage.adobe.com/gr_en/products/photoshop/remove-object.html expected [true] but found [false],
Jarvis Chat is not Visible on pagehttps://www.stage.adobe.com/mena_en/products/photoshop/features.html expected [true] but found [false],
Jarvis Chat is not Visible on pagehttps://www.stage.adobe.com/mena_en/products/photoshop/generative-expand.html expected [true] but found [false],
Jarvis Chat is not Visible on pagehttps://www.stage.adobe.com/mena_en/products/photoshop/generative-fill.html expected [true] but found [false],
Jarvis Chat is not Visible on pagehttps://www.stage.adobe.com/mena_en/products/photoshop/landpa.html expected [true] but found [false],
Jarvis Chat is not Visible on pagehttps://www.stage.adobe.com/mena_en/products/photoshop/remove-object.html expected [true] but found [false],
Jarvis Chat is not Visible on pagehttps://www.stage.adobe.com/th_en/products/photoshop/remove-object.html expected [true] but found [false],
Jarvis Chat is not Visible on pagehttps://www.stage.adobe.com/th_en/products/photoshop/landpa.html expected [true] but found [false],
Jarvis Chat is not Visible on pagehttps://www.stage.adobe.com/th_en/products/photoshop/generative-fill.html expected [true] but found [false],
Jarvis Chat is not Visible on pagehttps://www.stage.adobe.com/th_en/products/photoshop/generative-expand.html expected [true] but found [false],
Jarvis Chat is not Visible on pagehttps://www.stage.adobe.com/th_en/products/photoshop/ai.html expected [true] but found [false],
Jarvis Chat is not Visible on pagehttps://www.stage.adobe.com/th_en/products/photoshop/features.html expected [true] but found [false],
Jarvis Chat is not Visible on pagehttps://www.stage.adobe.com/th_en/products/photoshop/ai-ideation.html expected [true] but found [false],
Jarvis Chat is not Visible on pagehttps://www.stage.adobe.com/hk_en/products/photoshop.html expected [true] but found [false],
Jarvis Chat is not Visible on pagehttps://www.stage.adobe.com/hk_en/products/photoshop/ai-ideation.html expected [true] but found [false],
Jarvis Chat is not Visible on pagehttps://www.stage.adobe.com/th_en/products/photoshop.html expected [true] but found [false],
Jarvis Chat is not Visible on pagehttps://www.stage.adobe.com/hk_en/products/photoshop/generative-expand.html expected [true] but found [false],
Jarvis Chat is not Visible on pagehttps://www.stage.adobe.com/hk_en/products/photoshop/ai.html expected [true] but found [false],
Jarvis Chat is not Visible on pagehttps://www.stage.adobe.com/hk_en/products/photoshop/features.html expected [true] but found [false],
Jarvis Chat is not Visible on pagehttps://www.stage.adobe.com/my_en/products/photoshop.html expected [true] but found [false],
Jarvis Chat is not Visible on pagehttps://www.stage.adobe.com/hk_en/products/photoshop/landpa.html expected [true] but found [false],
Jarvis Chat is not Visible on pagehttps://www.stage.adobe.com/my_en/products/photoshop/ai-ideation.html expected [true] but found [false],
Jarvis Chat is not Visible on pagehttps://www.stage.adobe.com/hk_en/products/photoshop/generative-fill.html expected [true] but found [false],
Jarvis Chat is not Visible on pagehttps://www.stage.adobe.com/my_en/products/photoshop/ai.html expected [true] but found [false],
Jarvis Chat is not Visible on pagehttps://www.stage.adobe.com/hk_en/products/photoshop/remove-object.html expected [true] but found [false],
Jarvis Chat is not Visible on pagehttps://www.stage.adobe.com/my_en/products/photoshop/features.html expected [true] but found [false],
Jarvis Chat is not Visible on pagehttps://www.stage.adobe.com/my_en/products/photoshop/generative-expand.html expected [true] but found [false],
Jarvis Chat is not Visible on pagehttps://www.stage.adobe.com/my_en/products/photoshop/generative-fill.html expected [true] but found [false],
Jarvis Chat is not Visible on pagehttps://www.stage.adobe.com/my_en/products/photoshop/landpa.html expected [true] but found [false],
Jarvis Chat is not Visible on pagehttps://www.stage.adobe.com/my_en/products/photoshop/remove-object.html expected [true] but found [false],
Jarvis Chat is not Visible on pagehttps://www.stage.adobe.com/sg/products/photoshop/remove-object.html expected [true] but found [false],
Jarvis Chat is not Visible on pagehttps://www.stage.adobe.com/sg/products/photoshop/landpa.html expected [true] but found [false],
Jarvis Chat is not Visible on pagehttps://www.stage.adobe.com/sg/products/photoshop/generative-fill.html expected [true] but found [false],
Jarvis Chat is not Visible on pagehttps://www.stage.adobe.com/sg/products/photoshop/generative-expand.html expected [true] but found [false],
Jarvis Chat is not Visible on pagehttps://www.stage.adobe.com/sg/products/photoshop/ai.html expected [true] but found [false],
Jarvis Chat is not Visible on pagehttps://www.stage.adobe.com/sg/products/photoshop/features.html expected [true] but found [false],
Jarvis Chat is not Visible on pagehttps://www.stage.adobe.com/sg/products/photoshop/ai-ideation.html expected [true] but found [false],
Jarvis Chat is not Visible on pagehttps://www.stage.adobe.com/id_en/products/photoshop.html expected [true] but found [false],
Jarvis Chat is not Visible on pagehttps://www.stage.adobe.com/id_en/products/photoshop/ai-ideation.html expected [true] but found [false],
Jarvis Chat is not Visible on pagehttps://www.stage.adobe.com/sg/products/photoshop.html expected [true] but found [false],
Jarvis Chat is not Visible on pagehttps://www.stage.adobe.com/id_en/products/photoshop/features.html expected [true] but found [false],
Jarvis Chat is not Visible on pagehttps://www.stage.adobe.com/id_en/products/photoshop/ai.html expected [true] but found [false],
Jarvis Chat is not Visible on pagehttps://www.stage.adobe.com/ng/products/photoshop.html expected [true] but found [false],
Jarvis Chat is not Visible on pagehttps://www.stage.adobe.com/id_en/products/photoshop/generative-expand.html expected [true] but found [false],
Jarvis Chat is not Visible on pagehttps://www.stage.adobe.com/ng/products/photoshop/ai-ideation.html expected [true] but found [false],
Jarvis Chat is not Visible on pagehttps://www.stage.adobe.com/id_en/products/photoshop/generative-fill.html expected [true] but found [false],
Jarvis Chat is not Visible on pagehttps://www.stage.adobe.com/ng/products/photoshop/ai.html expected [true] but found [false],
Jarvis Chat is not Visible on pagehttps://www.stage.adobe.com/id_en/products/photoshop/landpa.html expected [true] but found [false],
Jarvis Chat is not Visible on pagehttps://www.stage.adobe.com/ng/products/photoshop/features.html expected [true] but found [false],
Jarvis Chat is not Visible on pagehttps://www.stage.adobe.com/ng/products/photoshop/generative-expand.html expected [true] but found [false],
Jarvis Chat is not Visible on pagehttps://www.stage.adobe.com/id_en/products/photoshop/remove-object.html expected [true] but found [false],
Jarvis Chat is not Visible on pagehttps://www.stage.adobe.com/ng/products/photoshop/landpa.html expected [true] but found [false],
Jarvis Chat is not Visible on pagehttps://www.stage.adobe.com/ng/products/photoshop/generative-fill.html expected [true] but found [false],
Jarvis Chat is not Visible on pagehttps://www.stage.adobe.com/ng/products/photoshop/remove-object.html expected [true] but found [false],
Jarvis Chat is not Visible on pagehttps://www.stage.adobe.com/sa_en/products/photoshop/remove-object.html expected [true] but found [false],
Jarvis Chat is not Visible on pagehttps://www.stage.adobe.com/sa_en/products/photoshop.html expected [true] but found [false],
Jarvis Chat is not Visible on pagehttps://www.stage.adobe.com/sa_en/products/photoshop/landpa.html expected [true] but found [false],
Jarvis Chat is not Visible on pagehttps://www.stage.adobe.com/sa_en/products/photoshop/generative-fill.html expected [true] but found [false]
at dotcom.adobe.tests.MiloCreativeCloudTests_P.verifyJarvisChatIsDisplayedOnPage2(MiloCreativeCloudTests_P.java:2780)
at java.base/java.util.concurrent.ThreadPoolExecutor.runWorker(ThreadPoolExecutor.java:1144)
at java.base/java.util.concurrent.ThreadPoolExecutor$Worker.run(ThreadPoolExecutor.java:642)
at java.base/java.lang.Thread.run(Thread.java:1589)
... Removed 12 stack frames]]>
    </failure>
  </testcase> <!-- verifyJarvisChatIsDisplayedOnPage2 -->
  <testcase classname="dotcom.adobe.tests.MiloCreativeCloudTests_P" name="verifyJarvisChatIsDisplayedOnPage3" time="7364.214">
    <failure type="java.lang.AssertionError" message="The following asserts failed:
	Jarvis Chat is not Visible on pagehttps://www.stage.adobe.com/nz/products/illustrator/vectorize-image.html expected [true] but found [false],
	Jarvis Chat is not Visible on pagehttps://www.stage.adobe.com/ie/products/illustrator/features.html expected [true] but found [false],
	Jarvis Chat is not Visible on pagehttps://www.stage.adobe.com/africa/products/illustrator/features.html expected [true] but found [false],
	Jarvis Chat is not Visible on pagehttps://www.stage.adobe.com/ie/products/illustrator/vectorize-image.html expected [true] but found [false],
	Jarvis Chat is not Visible on pagehttps://www.stage.adobe.com/nz/products/illustrator/features.html expected [true] but found [false],
	Jarvis Chat is not Visible on pagehttps://www.stage.adobe.com/africa/products/illustrator/vectorize-image.html expected [true] but found [false],
	Jarvis Chat is not Visible on pagehttps://www.stage.adobe.com/africa/products/photoshop/ai-ideation.html expected [true] but found [false],
	Jarvis Chat is not Visible on pagehttps://www.stage.adobe.com/nz/products/photoshop.html expected [true] but found [false],
	Jarvis Chat is not Visible on pagehttps://www.stage.adobe.com/ie/products/photoshop.html expected [true] but found [false],
	Jarvis Chat is not Visible on pagehttps://www.stage.adobe.com/nz/products/photoshop/ai-ideation.html expected [true] but found [false],
	Jarvis Chat is not Visible on pagehttps://www.stage.adobe.com/ie/products/photoshop/ai.html expected [true] but found [false],
	Jarvis Chat is not Visible on pagehttps://www.stage.adobe.com/africa/products/photoshop.html expected [true] but found [false],
	Jarvis Chat is not Visible on pagehttps://www.stage.adobe.com/nz/products/photoshop/ai.html expected [true] but found [false],
	Jarvis Chat is not Visible on pagehttps://www.stage.adobe.com/africa/products/photoshop/ai.html expected [true] but found [false],
	Jarvis Chat is not Visible on pagehttps://www.stage.adobe.com/ie/products/photoshop/ai-ideation.html expected [true] but found [false],
	Jarvis Chat is not Visible on pagehttps://www.stage.adobe.com/nz/products/photoshop/generative-expand.html expected [true] but found [false],
	Jarvis Chat is not Visible on pagehttps://www.stage.adobe.com/ie/products/photoshop/features.html expected [true] but found [false],
	Jarvis Chat is not Visible on pagehttps://www.stage.adobe.com/africa/products/photoshop/features.html expected [true] but found [false],
	Jarvis Chat is not Visible on pagehttps://www.stage.adobe.com/nz/products/photoshop/features.html expected [true] but found [false],
	Jarvis Chat is not Visible on pagehttps://www.stage.adobe.com/africa/products/photoshop/landpa.html expected [true] but found [false],
	Jarvis Chat is not Visible on pagehttps://www.stage.adobe.com/ie/products/photoshop/generative-expand.html expected [true] but found [false],
	Jarvis Chat is not Visible on pagehttps://www.stage.adobe.com/nz/products/photoshop/generative-fill.html expected [true] but found [false],
	Jarvis Chat is not Visible on pagehttps://www.stage.adobe.com/africa/products/photoshop/generative-expand.html expected [true] but found [false],
	Jarvis Chat is not Visible on pagehttps://www.stage.adobe.com/ie/products/photoshop/generative-fill.html expected [true] but found [false],
	Jarvis Chat is not Visible on pagehttps://www.stage.adobe.com/nz/products/photoshop/landpa.html expected [true] but found [false],
	Jarvis Chat is not Visible on pagehttps://www.stage.adobe.com/africa/products/photoshop/generative-fill.html expected [true] but found [false],
	Jarvis Chat is not Visible on pagehttps://www.stage.adobe.com/ie/products/photoshop/remove-object.html expected [true] but found [false],
	Jarvis Chat is not Visible on pagehttps://www.stage.adobe.com/nz/products/photoshop/remove-object.html expected [true] but found [false],
	Jarvis Chat is not Visible on pagehttps://www.stage.adobe.com/ie/products/photoshop/landpa.html expected [true] but found [false],
	Jarvis Chat is not Visible on pagehttps://www.stage.adobe.com/africa/products/photoshop/remove-object.html expected [true] but found [false],
	Jarvis Chat is not Visible on pagehttps://www.stage.adobe.com/ph_en/products/photoshop.html expected [true] but found [false],
	Jarvis Chat is not Visible on pagehttps://www.stage.adobe.com/au/products/photoshop.html expected [true] but found [false],
	Jarvis Chat is not Visible on pagehttps://www.stage.adobe.com/ph_en/products/photoshop/ai-ideation.html expected [true] but found [false],
	Jarvis Chat is not Visible on pagehttps://www.stage.adobe.com/il_en/products/photoshop.html expected [true] but found [false],
	Jarvis Chat is not Visible on pagehttps://www.stage.adobe.com/au/products/photoshop/ai-ideation.html expected [true] but found [false],
	Jarvis Chat is not Visible on pagehttps://www.stage.adobe.com/ph_en/products/photoshop/ai.html expected [true] but found [false],
	Jarvis Chat is not Visible on pagehttps://www.stage.adobe.com/il_en/products/photoshop/ai-ideation.html expected [true] but found [false],
	Jarvis Chat is not Visible on pagehttps://www.stage.adobe.com/ph_en/products/photoshop/features.html expected [true] but found [false],
	Jarvis Chat is not Visible on pagehttps://www.stage.adobe.com/il_en/products/photoshop/ai.html expected [true] but found [false],
	Jarvis Chat is not Visible on pagehttps://www.stage.adobe.com/au/products/photoshop/features.html expected [true] but found [false],
	Jarvis Chat is not Visible on pagehttps://www.stage.adobe.com/ph_en/products/photoshop/generative-expand.html expected [true] but found [false],
	Jarvis Chat is not Visible on pagehttps://www.stage.adobe.com/au/products/photoshop/ai.html expected [true] but found [false],
	Jarvis Chat is not Visible on pagehttps://www.stage.adobe.com/il_en/products/photoshop/features.html expected [true] but found [false],
	Jarvis Chat is not Visible on pagehttps://www.stage.adobe.com/ph_en/products/photoshop/landpa.html expected [true] but found [false],
	Jarvis Chat is not Visible on pagehttps://www.stage.adobe.com/au/products/photoshop/landpa.html expected [true] but found [false],
	Jarvis Chat is not Visible on pagehttps://www.stage.adobe.com/il_en/products/photoshop/generative-expand.html expected [true] but found [false],
	Jarvis Chat is not Visible on pagehttps://www.stage.adobe.com/ph_en/products/photoshop/generative-fill.html expected [true] but found [false],
	Jarvis Chat is not Visible on pagehttps://www.stage.adobe.com/au/products/photoshop/generative-expand.html expected [true] but found [false],
	Jarvis Chat is not Visible on pagehttps://www.stage.adobe.com/il_en/products/photoshop/generative-fill.html expected [true] but found [false],
	Jarvis Chat is not Visible on pagehttps://www.stage.adobe.com/ph_en/products/photoshop/remove-object.html expected [true] but found [false],
	Jarvis Chat is not Visible on pagehttps://www.stage.adobe.com/au/products/photoshop/generative-fill.html expected [true] but found [false],
	Jarvis Chat is not Visible on pagehttps://www.stage.adobe.com/il_en/products/photoshop/landpa.html expected [true] but found [false],
	Jarvis Chat is not Visible on pagehttps://www.stage.adobe.com/il_en/products/photoshop/remove-object.html expected [true] but found [false],
	Jarvis Chat is not Visible on pagehttps://www.stage.adobe.com/au/products/photoshop/remove-object.html expected [true] but found [false],
	Jarvis Chat is not Visible on pagehttps://www.stage.adobe.com/be_en/products/photoshop.html expected [true] but found [false],
	Jarvis Chat is not Visible on pagehttps://www.stage.adobe.com/qa_en/products/photoshop.html expected [true] but found [false],
	Jarvis Chat is not Visible on pagehttps://www.stage.adobe.com/be_en/products/photoshop/ai-ideation.html expected [true] but found [false],
	Jarvis Chat is not Visible on pagehttps://www.stage.adobe.com/in/products/photoshop.html expected [true] but found [false],
	Jarvis Chat is not Visible on pagehttps://www.stage.adobe.com/qa_en/products/photoshop/ai-ideation.html expected [true] but found [false],
	Jarvis Chat is not Visible on pagehttps://www.stage.adobe.com/be_en/products/photoshop/ai.html expected [true] but found [false],
	Jarvis Chat is not Visible on pagehttps://www.stage.adobe.com/qa_en/products/photoshop/ai.html expected [true] but found [false],
	Jarvis Chat is not Visible on pagehttps://www.stage.adobe.com/in/products/photoshop/ai-ideation.html expected [true] but found [false],
	Jarvis Chat is not Visible on pagehttps://www.stage.adobe.com/be_en/products/photoshop/features.html expected [true] but found [false],
	Jarvis Chat is not Visible on pagehttps://www.stage.adobe.com/qa_en/products/photoshop/features.html expected [true] but found [false],
	Jarvis Chat is not Visible on pagehttps://www.stage.adobe.com/in/products/photoshop/ai.html expected [true] but found [false],
	Jarvis Chat is not Visible on pagehttps://www.stage.adobe.com/be_en/products/photoshop/generative-fill.html expected [true] but found [false],
	Jarvis Chat is not Visible on pagehttps://www.stage.adobe.com/qa_en/products/photoshop/generative-expand.html expected [true] but found [false],
	Jarvis Chat is not Visible on pagehttps://www.stage.adobe.com/in/products/photoshop/generative-expand.html expected [true] but found [false],
	Jarvis Chat is not Visible on pagehttps://www.stage.adobe.com/be_en/products/photoshop/landpa.html expected [true] but found [false],
	Jarvis Chat is not Visible on pagehttps://www.stage.adobe.com/qa_en/products/photoshop/landpa.html expected [true] but found [false],
	Jarvis Chat is not Visible on pagehttps://www.stage.adobe.com/in/products/photoshop/generative-fill.html expected [true] but found [false],
	Jarvis Chat is not Visible on pagehttps://www.stage.adobe.com/be_en/products/photoshop/generative-expand.html expected [true] but found [false],
	Jarvis Chat is not Visible on pagehttps://www.stage.adobe.com/qa_en/products/photoshop/generative-fill.html expected [true] but found [false],
	Jarvis Chat is not Visible on pagehttps://www.stage.adobe.com/be_en/products/photoshop/remove-object.html expected [true] but found [false],
	Jarvis Chat is not Visible on pagehttps://www.stage.adobe.com/qa_en/products/photoshop/remove-object.html expected [true] but found [false],
	Jarvis Chat is not Visible on pagehttps://www.stage.adobe.com/in/products/photoshop/features.html expected [true] but found [false],
	Jarvis Chat is not Visible on pagehttps://www.stage.adobe.com/in/products/photoshop/landpa.html expected [true] but found [false],
	Jarvis Chat is not Visible on pagehttps://www.stage.adobe.com/in/products/photoshop/remove-object.html expected [true] but found [false],
	Jarvis Chat is not Visible on pagehttps://www.stage.adobe.com/za/products/photoshop/remove-object.html expected [true] but found [false],
	Jarvis Chat is not Visible on pagehttps://www.stage.adobe.com/za/products/photoshop/landpa.html expected [true] but found [false],
	Jarvis Chat is not Visible on pagehttps://www.stage.adobe.com/za/products/photoshop/generative-fill.html expected [true] but found [false],
	Jarvis Chat is not Visible on pagehttps://www.stage.adobe.com/za/products/photoshop/features.html expected [true] but found [false],
	Jarvis Chat is not Visible on pagehttps://www.stage.adobe.com/ca/products/photoshop.html expected [true] but found [false],
	Jarvis Chat is not Visible on pagehttps://www.stage.adobe.com/za/products/photoshop/ai.html expected [true] but found [false],
	Jarvis Chat is not Visible on pagehttps://www.stage.adobe.com/ca/products/photoshop/ai-ideation.html expected [true] but found [false],
	Jarvis Chat is not Visible on pagehttps://www.stage.adobe.com/za/products/photoshop/generative-expand.html expected [true] but found [false],
	Jarvis Chat is not Visible on pagehttps://www.stage.adobe.com/ca/products/photoshop/ai.html expected [true] but found [false],
	Jarvis Chat is not Visible on pagehttps://www.stage.adobe.com/za/products/photoshop/ai-ideation.html expected [true] but found [false],
	Jarvis Chat is not Visible on pagehttps://www.stage.adobe.com/kw_en/products/photoshop.html expected [true] but found [false],
	Jarvis Chat is not Visible on pagehttps://www.stage.adobe.com/kw_en/products/photoshop/ai-ideation.html expected [true] but found [false],
	Jarvis Chat is not Visible on pagehttps://www.stage.adobe.com/ca/products/photoshop/features.html expected [true] but found [false],
	Jarvis Chat is not Visible on pagehttps://www.stage.adobe.com/za/products/photoshop.html expected [true] but found [false],
	Jarvis Chat is not Visible on pagehttps://www.stage.adobe.com/kw_en/products/photoshop/ai.html expected [true] but found [false],
	Jarvis Chat is not Visible on pagehttps://www.stage.adobe.com/ca/products/photoshop/generative-fill.html expected [true] but found [false],
	Jarvis Chat is not Visible on pagehttps://www.stage.adobe.com/ca/products/photoshop/generative-expand.html expected [true] but found [false],
	Jarvis Chat is not Visible on pagehttps://www.stage.adobe.com/kw_en/products/photoshop/features.html expected [true] but found [false],
	Jarvis Chat is not Visible on pagehttps://www.stage.adobe.com/ca/products/photoshop/landpa.html expected [true] but found [false],
	Jarvis Chat is not Visible on pagehttps://www.stage.adobe.com/kw_en/products/photoshop/generative-expand.html expected [true] but found [false],
	Jarvis Chat is not Visible on pagehttps://www.stage.adobe.com/ca/products/photoshop/remove-object.html expected [true] but found [false],
	Jarvis Chat is not Visible on pagehttps://www.stage.adobe.com/kw_en/products/photoshop/landpa.html expected [true] but found [false],
	Jarvis Chat is not Visible on pagehttps://www.stage.adobe.com/kw_en/products/photoshop/generative-fill.html expected [true] but found [false],
	Jarvis Chat is not Visible on pagehttps://www.stage.adobe.com/kw_en/products/photoshop/remove-object.html expected [true] but found [false],
	Jarvis Chat is not Visible on pagehttps://www.stage.adobe.com/vn_en/products/photoshop/remove-object.html expected [true] but found [false],
	Jarvis Chat is not Visible on pagehttps://www.stage.adobe.com/vn_en/products/photoshop/landpa.html expected [true] but found [false],
	Jarvis Chat is not Visible on pagehttps://www.stage.adobe.com/vn_en/products/photoshop/generative-fill.html expected [true] but found [false],
	Jarvis Chat is not Visible on pagehttps://www.stage.adobe.com/vn_en/products/photoshop/features.html expected [true] but found [false],
	Jarvis Chat is not Visible on pagehttps://www.stage.adobe.com/eg_en/products/photoshop.html expected [true] but found [false],
	Jarvis Chat is not Visible on pagehttps://www.stage.adobe.com/vn_en/products/photoshop/generative-expand.html expected [true] but found [false],
	Jarvis Chat is not Visible on pagehttps://www.stage.adobe.com/eg_en/products/photoshop/ai-ideation.html expected [true] but found [false],
	Jarvis Chat is not Visible on pagehttps://www.stage.adobe.com/vn_en/products/photoshop/ai.html expected [true] but found [false],
	Jarvis Chat is not Visible on pagehttps://www.stage.adobe.com/eg_en/products/photoshop/ai.html expected [true] but found [false],
	Jarvis Chat is not Visible on pagehttps://www.stage.adobe.com/vn_en/products/photoshop/ai-ideation.html expected [true] but found [false],
	Jarvis Chat is not Visible on pagehttps://www.stage.adobe.com/eg_en/products/photoshop/features.html expected [true] but found [false],
	Jarvis Chat is not Visible on pagehttps://www.stage.adobe.com/lu_en/products/photoshop.html expected [true] but found [false],
	Jarvis Chat is not Visible on pagehttps://www.stage.adobe.com/eg_en/products/photoshop/generative-fill.html expected [true] but found [false],
	Jarvis Chat is not Visible on pagehttps://www.stage.adobe.com/vn_en/products/photoshop.html expected [true] but found [false],
	Jarvis Chat is not Visible on pagehttps://www.stage.adobe.com/eg_en/products/photoshop/landpa.html expected [true] but found [false],
	Jarvis Chat is not Visible on pagehttps://www.stage.adobe.com/lu_en/products/photoshop/ai-ideation.html expected [true] but found [false],
	Jarvis Chat is not Visible on pagehttps://www.stage.adobe.com/eg_en/products/photoshop/generative-expand.html expected [true] but found [false],
	Jarvis Chat is not Visible on pagehttps://www.stage.adobe.com/lu_en/products/photoshop/features.html expected [true] but found [false],
	Jarvis Chat is not Visible on pagehttps://www.stage.adobe.com/eg_en/products/photoshop/remove-object.html expected [true] but found [false],
	Jarvis Chat is not Visible on pagehttps://www.stage.adobe.com/lu_en/products/photoshop/generative-fill.html expected [true] but found [false],
	Jarvis Chat is not Visible on pagehttps://www.stage.adobe.com/lu_en/products/photoshop/generative-expand.html expected [true] but found [false],
	Jarvis Chat is not Visible on pagehttps://www.stage.adobe.com/lu_en/products/photoshop/landpa.html expected [true] but found [false],
	Jarvis Chat is not Visible on pagehttps://www.stage.adobe.com/lu_en/products/photoshop/ai.html expected [true] but found [false],
	Jarvis Chat is not Visible on pagehttps://www.stage.adobe.com/lu_en/products/photoshop/remove-object.html expected [true] but found [false],
	Jarvis Chat is not Visible on pagehttps://www.stage.adobe.com/gr_en/products/photoshop.html expected [true] but found [false],
	Jarvis Chat is not Visible on pagehttps://www.stage.adobe.com/gr_en/products/photoshop/ai.html expected [true] but found [false],
	Jarvis Chat is not Visible on pagehttps://www.stage.adobe.com/gr_en/products/photoshop/ai-ideation.html expected [true] but found [false],
	Jarvis Chat is not Visible on pagehttps://www.stage.adobe.com/mena_en/products/photoshop/ai-ideation.html expected [true] but found [false],
	Jarvis Chat is not Visible on pagehttps://www.stage.adobe.com/gr_en/products/photoshop/features.html expected [true] but found [false],
	Jarvis Chat is not Visible on pagehttps://www.stage.adobe.com/mena_en/products/photoshop.html expected [true] but found [false],
	Jarvis Chat is not Visible on pagehttps://www.stage.adobe.com/gr_en/products/photoshop/generative-expand.html expected [true] but found [false],
	Jarvis Chat is not Visible on pagehttps://www.stage.adobe.com/gr_en/products/photoshop/generative-fill.html expected [true] but found [false],
	Jarvis Chat is not Visible on pagehttps://www.stage.adobe.com/gr_en/products/photoshop/landpa.html expected [true] but found [false],
	Jarvis Chat is not Visible on pagehttps://www.stage.adobe.com/mena_en/products/photoshop/ai.html expected [true] but found [false],
	Jarvis Chat is not Visible on pagehttps://www.stage.adobe.com/gr_en/products/photoshop/remove-object.html expected [true] but found [false],
	Jarvis Chat is not Visible on pagehttps://www.stage.adobe.com/mena_en/products/photoshop/features.html expected [true] but found [false],
	Jarvis Chat is not Visible on pagehttps://www.stage.adobe.com/mena_en/products/photoshop/generative-expand.html expected [true] but found [false],
	Jarvis Chat is not Visible on pagehttps://www.stage.adobe.com/mena_en/products/photoshop/generative-fill.html expected [true] but found [false],
	Jarvis Chat is not Visible on pagehttps://www.stage.adobe.com/mena_en/products/photoshop/landpa.html expected [true] but found [false],
	Jarvis Chat is not Visible on pagehttps://www.stage.adobe.com/mena_en/products/photoshop/remove-object.html expected [true] but found [false],
	Jarvis Chat is not Visible on pagehttps://www.stage.adobe.com/th_en/products/photoshop/remove-object.html expected [true] but found [false],
	Jarvis Chat is not Visible on pagehttps://www.stage.adobe.com/th_en/products/photoshop/landpa.html expected [true] but found [false],
	Jarvis Chat is not Visible on pagehttps://www.stage.adobe.com/th_en/products/photoshop/generative-fill.html expected [true] but found [false],
	Jarvis Chat is not Visible on pagehttps://www.stage.adobe.com/th_en/products/photoshop/generative-expand.html expected [true] but found [false],
	Jarvis Chat is not Visible on pagehttps://www.stage.adobe.com/th_en/products/photoshop/ai.html expected [true] but found [false],
	Jarvis Chat is not Visible on pagehttps://www.stage.adobe.com/th_en/products/photoshop/features.html expected [true] but found [false],
	Jarvis Chat is not Visible on pagehttps://www.stage.adobe.com/th_en/products/photoshop/ai-ideation.html expected [true] but found [false],
	Jarvis Chat is not Visible on pagehttps://www.stage.adobe.com/hk_en/products/photoshop.html expected [true] but found [false],
	Jarvis Chat is not Visible on pagehttps://www.stage.adobe.com/hk_en/products/photoshop/ai-ideation.html expected [true] but found [false],
	Jarvis Chat is not Visible on pagehttps://www.stage.adobe.com/th_en/products/photoshop.html expected [true] but found [false],
	Jarvis Chat is not Visible on pagehttps://www.stage.adobe.com/hk_en/products/photoshop/generative-expand.html expected [true] but found [false],
	Jarvis Chat is not Visible on pagehttps://www.stage.adobe.com/hk_en/products/photoshop/ai.html expected [true] but found [false],
	Jarvis Chat is not Visible on pagehttps://www.stage.adobe.com/hk_en/products/photoshop/features.html expected [true] but found [false],
	Jarvis Chat is not Visible on pagehttps://www.stage.adobe.com/my_en/products/photoshop.html expected [true] but found [false],
	Jarvis Chat is not Visible on pagehttps://www.stage.adobe.com/hk_en/products/photoshop/landpa.html expected [true] but found [false],
	Jarvis Chat is not Visible on pagehttps://www.stage.adobe.com/my_en/products/photoshop/ai-ideation.html expected [true] but found [false],
	Jarvis Chat is not Visible on pagehttps://www.stage.adobe.com/hk_en/products/photoshop/generative-fill.html expected [true] but found [false],
	Jarvis Chat is not Visible on pagehttps://www.stage.adobe.com/my_en/products/photoshop/ai.html expected [true] but found [false],
	Jarvis Chat is not Visible on pagehttps://www.stage.adobe.com/hk_en/products/photoshop/remove-object.html expected [true] but found [false],
	Jarvis Chat is not Visible on pagehttps://www.stage.adobe.com/my_en/products/photoshop/features.html expected [true] but found [false],
	Jarvis Chat is not Visible on pagehttps://www.stage.adobe.com/my_en/products/photoshop/generative-expand.html expected [true] but found [false],
	Jarvis Chat is not Visible on pagehttps://www.stage.adobe.com/my_en/products/photoshop/generative-fill.html expected [true] but found [false],
	Jarvis Chat is not Visible on pagehttps://www.stage.adobe.com/my_en/products/photoshop/landpa.html expected [true] but found [false],
	Jarvis Chat is not Visible on pagehttps://www.stage.adobe.com/my_en/products/photoshop/remove-object.html expected [true] but found [false],
	Jarvis Chat is not Visible on pagehttps://www.stage.adobe.com/sg/products/photoshop/remove-object.html expected [true] but found [false],
	Jarvis Chat is not Visible on pagehttps://www.stage.adobe.com/sg/products/photoshop/landpa.html expected [true] but found [false],
	Jarvis Chat is not Visible on pagehttps://www.stage.adobe.com/sg/products/photoshop/generative-fill.html expected [true] but found [false],
	Jarvis Chat is not Visible on pagehttps://www.stage.adobe.com/sg/products/photoshop/generative-expand.html expected [true] but found [false],
	Jarvis Chat is not Visible on pagehttps://www.stage.adobe.com/sg/products/photoshop/ai.html expected [true] but found [false],
	Jarvis Chat is not Visible on pagehttps://www.stage.adobe.com/sg/products/photoshop/features.html expected [true] but found [false],
	Jarvis Chat is not Visible on pagehttps://www.stage.adobe.com/sg/products/photoshop/ai-ideation.html expected [true] but found [false],
	Jarvis Chat is not Visible on pagehttps://www.stage.adobe.com/id_en/products/photoshop.html expected [true] but found [false],
	Jarvis Chat is not Visible on pagehttps://www.stage.adobe.com/id_en/products/photoshop/ai-ideation.html expected [true] but found [false],
	Jarvis Chat is not Visible on pagehttps://www.stage.adobe.com/sg/products/photoshop.html expected [true] but found [false],
	Jarvis Chat is not Visible on pagehttps://www.stage.adobe.com/id_en/products/photoshop/features.html expected [true] but found [false],
	Jarvis Chat is not Visible on pagehttps://www.stage.adobe.com/id_en/products/photoshop/ai.html expected [true] but found [false],
	Jarvis Chat is not Visible on pagehttps://www.stage.adobe.com/ng/products/photoshop.html expected [true] but found [false],
	Jarvis Chat is not Visible on pagehttps://www.stage.adobe.com/id_en/products/photoshop/generative-expand.html expected [true] but found [false],
	Jarvis Chat is not Visible on pagehttps://www.stage.adobe.com/ng/products/photoshop/ai-ideation.html expected [true] but found [false],
	Jarvis Chat is not Visible on pagehttps://www.stage.adobe.com/id_en/products/photoshop/generative-fill.html expected [true] but found [false],
	Jarvis Chat is not Visible on pagehttps://www.stage.adobe.com/ng/products/photoshop/ai.html expected [true] but found [false],
	Jarvis Chat is not Visible on pagehttps://www.stage.adobe.com/id_en/products/photoshop/landpa.html expected [true] but found [false],
	Jarvis Chat is not Visible on pagehttps://www.stage.adobe.com/ng/products/photoshop/features.html expected [true] but found [false],
	Jarvis Chat is not Visible on pagehttps://www.stage.adobe.com/ng/products/photoshop/generative-expand.html expected [true] but found [false],
	Jarvis Chat is not Visible on pagehttps://www.stage.adobe.com/id_en/products/photoshop/remove-object.html expected [true] but found [false],
	Jarvis Chat is not Visible on pagehttps://www.stage.adobe.com/ng/products/photoshop/landpa.html expected [true] but found [false],
[...]
Jarvis Chat is not Visible on pagehttps://www.stage.adobe.com/ca/products/photoshop.html expected [true] but found [false],
Jarvis Chat is not Visible on pagehttps://www.stage.adobe.com/za/products/photoshop/ai.html expected [true] but found [false],
Jarvis Chat is not Visible on pagehttps://www.stage.adobe.com/ca/products/photoshop/ai-ideation.html expected [true] but found [false],
Jarvis Chat is not Visible on pagehttps://www.stage.adobe.com/za/products/photoshop/generative-expand.html expected [true] but found [false],
Jarvis Chat is not Visible on pagehttps://www.stage.adobe.com/ca/products/photoshop/ai.html expected [true] but found [false],
Jarvis Chat is not Visible on pagehttps://www.stage.adobe.com/za/products/photoshop/ai-ideation.html expected [true] but found [false],
Jarvis Chat is not Visible on pagehttps://www.stage.adobe.com/kw_en/products/photoshop.html expected [true] but found [false],
Jarvis Chat is not Visible on pagehttps://www.stage.adobe.com/kw_en/products/photoshop/ai-ideation.html expected [true] but found [false],
Jarvis Chat is not Visible on pagehttps://www.stage.adobe.com/ca/products/photoshop/features.html expected [true] but found [false],
Jarvis Chat is not Visible on pagehttps://www.stage.adobe.com/za/products/photoshop.html expected [true] but found [false],
Jarvis Chat is not Visible on pagehttps://www.stage.adobe.com/kw_en/products/photoshop/ai.html expected [true] but found [false],
Jarvis Chat is not Visible on pagehttps://www.stage.adobe.com/ca/products/photoshop/generative-fill.html expected [true] but found [false],
Jarvis Chat is not Visible on pagehttps://www.stage.adobe.com/ca/products/photoshop/generative-expand.html expected [true] but found [false],
Jarvis Chat is not Visible on pagehttps://www.stage.adobe.com/kw_en/products/photoshop/features.html expected [true] but found [false],
Jarvis Chat is not Visible on pagehttps://www.stage.adobe.com/ca/products/photoshop/landpa.html expected [true] but found [false],
Jarvis Chat is not Visible on pagehttps://www.stage.adobe.com/kw_en/products/photoshop/generative-expand.html expected [true] but found [false],
Jarvis Chat is not Visible on pagehttps://www.stage.adobe.com/ca/products/photoshop/remove-object.html expected [true] but found [false],
Jarvis Chat is not Visible on pagehttps://www.stage.adobe.com/kw_en/products/photoshop/landpa.html expected [true] but found [false],
Jarvis Chat is not Visible on pagehttps://www.stage.adobe.com/kw_en/products/photoshop/generative-fill.html expected [true] but found [false],
Jarvis Chat is not Visible on pagehttps://www.stage.adobe.com/kw_en/products/photoshop/remove-object.html expected [true] but found [false],
Jarvis Chat is not Visible on pagehttps://www.stage.adobe.com/vn_en/products/photoshop/remove-object.html expected [true] but found [false],
Jarvis Chat is not Visible on pagehttps://www.stage.adobe.com/vn_en/products/photoshop/landpa.html expected [true] but found [false],
Jarvis Chat is not Visible on pagehttps://www.stage.adobe.com/vn_en/products/photoshop/generative-fill.html expected [true] but found [false],
Jarvis Chat is not Visible on pagehttps://www.stage.adobe.com/vn_en/products/photoshop/features.html expected [true] but found [false],
Jarvis Chat is not Visible on pagehttps://www.stage.adobe.com/eg_en/products/photoshop.html expected [true] but found [false],
Jarvis Chat is not Visible on pagehttps://www.stage.adobe.com/vn_en/products/photoshop/generative-expand.html expected [true] but found [false],
Jarvis Chat is not Visible on pagehttps://www.stage.adobe.com/eg_en/products/photoshop/ai-ideation.html expected [true] but found [false],
Jarvis Chat is not Visible on pagehttps://www.stage.adobe.com/vn_en/products/photoshop/ai.html expected [true] but found [false],
Jarvis Chat is not Visible on pagehttps://www.stage.adobe.com/eg_en/products/photoshop/ai.html expected [true] but found [false],
Jarvis Chat is not Visible on pagehttps://www.stage.adobe.com/vn_en/products/photoshop/ai-ideation.html expected [true] but found [false],
Jarvis Chat is not Visible on pagehttps://www.stage.adobe.com/eg_en/products/photoshop/features.html expected [true] but found [false],
Jarvis Chat is not Visible on pagehttps://www.stage.adobe.com/lu_en/products/photoshop.html expected [true] but found [false],
Jarvis Chat is not Visible on pagehttps://www.stage.adobe.com/eg_en/products/photoshop/generative-fill.html expected [true] but found [false],
Jarvis Chat is not Visible on pagehttps://www.stage.adobe.com/vn_en/products/photoshop.html expected [true] but found [false],
Jarvis Chat is not Visible on pagehttps://www.stage.adobe.com/eg_en/products/photoshop/landpa.html expected [true] but found [false],
Jarvis Chat is not Visible on pagehttps://www.stage.adobe.com/lu_en/products/photoshop/ai-ideation.html expected [true] but found [false],
Jarvis Chat is not Visible on pagehttps://www.stage.adobe.com/eg_en/products/photoshop/generative-expand.html expected [true] but found [false],
Jarvis Chat is not Visible on pagehttps://www.stage.adobe.com/lu_en/products/photoshop/features.html expected [true] but found [false],
Jarvis Chat is not Visible on pagehttps://www.stage.adobe.com/eg_en/products/photoshop/remove-object.html expected [true] but found [false],
Jarvis Chat is not Visible on pagehttps://www.stage.adobe.com/lu_en/products/photoshop/generative-fill.html expected [true] but found [false],
Jarvis Chat is not Visible on pagehttps://www.stage.adobe.com/lu_en/products/photoshop/generative-expand.html expected [true] but found [false],
Jarvis Chat is not Visible on pagehttps://www.stage.adobe.com/lu_en/products/photoshop/landpa.html expected [true] but found [false],
Jarvis Chat is not Visible on pagehttps://www.stage.adobe.com/lu_en/products/photoshop/ai.html expected [true] but found [false],
Jarvis Chat is not Visible on pagehttps://www.stage.adobe.com/lu_en/products/photoshop/remove-object.html expected [true] but found [false],
Jarvis Chat is not Visible on pagehttps://www.stage.adobe.com/gr_en/products/photoshop.html expected [true] but found [false],
Jarvis Chat is not Visible on pagehttps://www.stage.adobe.com/gr_en/products/photoshop/ai.html expected [true] but found [false],
Jarvis Chat is not Visible on pagehttps://www.stage.adobe.com/gr_en/products/photoshop/ai-ideation.html expected [true] but found [false],
Jarvis Chat is not Visible on pagehttps://www.stage.adobe.com/mena_en/products/photoshop/ai-ideation.html expected [true] but found [false],
Jarvis Chat is not Visible on pagehttps://www.stage.adobe.com/gr_en/products/photoshop/features.html expected [true] but found [false],
Jarvis Chat is not Visible on pagehttps://www.stage.adobe.com/mena_en/products/photoshop.html expected [true] but found [false],
Jarvis Chat is not Visible on pagehttps://www.stage.adobe.com/gr_en/products/photoshop/generative-expand.html expected [true] but found [false],
Jarvis Chat is not Visible on pagehttps://www.stage.adobe.com/gr_en/products/photoshop/generative-fill.html expected [true] but found [false],
Jarvis Chat is not Visible on pagehttps://www.stage.adobe.com/gr_en/products/photoshop/landpa.html expected [true] but found [false],
Jarvis Chat is not Visible on pagehttps://www.stage.adobe.com/mena_en/products/photoshop/ai.html expected [true] but found [false],
Jarvis Chat is not Visible on pagehttps://www.stage.adobe.com/gr_en/products/photoshop/remove-object.html expected [true] but found [false],
Jarvis Chat is not Visible on pagehttps://www.stage.adobe.com/mena_en/products/photoshop/features.html expected [true] but found [false],
Jarvis Chat is not Visible on pagehttps://www.stage.adobe.com/mena_en/products/photoshop/generative-expand.html expected [true] but found [false],
Jarvis Chat is not Visible on pagehttps://www.stage.adobe.com/mena_en/products/photoshop/generative-fill.html expected [true] but found [false],
Jarvis Chat is not Visible on pagehttps://www.stage.adobe.com/mena_en/products/photoshop/landpa.html expected [true] but found [false],
Jarvis Chat is not Visible on pagehttps://www.stage.adobe.com/mena_en/products/photoshop/remove-object.html expected [true] but found [false],
Jarvis Chat is not Visible on pagehttps://www.stage.adobe.com/th_en/products/photoshop/remove-object.html expected [true] but found [false],
Jarvis Chat is not Visible on pagehttps://www.stage.adobe.com/th_en/products/photoshop/landpa.html expected [true] but found [false],
Jarvis Chat is not Visible on pagehttps://www.stage.adobe.com/th_en/products/photoshop/generative-fill.html expected [true] but found [false],
Jarvis Chat is not Visible on pagehttps://www.stage.adobe.com/th_en/products/photoshop/generative-expand.html expected [true] but found [false],
Jarvis Chat is not Visible on pagehttps://www.stage.adobe.com/th_en/products/photoshop/ai.html expected [true] but found [false],
Jarvis Chat is not Visible on pagehttps://www.stage.adobe.com/th_en/products/photoshop/features.html expected [true] but found [false],
Jarvis Chat is not Visible on pagehttps://www.stage.adobe.com/th_en/products/photoshop/ai-ideation.html expected [true] but found [false],
Jarvis Chat is not Visible on pagehttps://www.stage.adobe.com/hk_en/products/photoshop.html expected [true] but found [false],
Jarvis Chat is not Visible on pagehttps://www.stage.adobe.com/hk_en/products/photoshop/ai-ideation.html expected [true] but found [false],
Jarvis Chat is not Visible on pagehttps://www.stage.adobe.com/th_en/products/photoshop.html expected [true] but found [false],
Jarvis Chat is not Visible on pagehttps://www.stage.adobe.com/hk_en/products/photoshop/generative-expand.html expected [true] but found [false],
Jarvis Chat is not Visible on pagehttps://www.stage.adobe.com/hk_en/products/photoshop/ai.html expected [true] but found [false],
Jarvis Chat is not Visible on pagehttps://www.stage.adobe.com/hk_en/products/photoshop/features.html expected [true] but found [false],
Jarvis Chat is not Visible on pagehttps://www.stage.adobe.com/my_en/products/photoshop.html expected [true] but found [false],
Jarvis Chat is not Visible on pagehttps://www.stage.adobe.com/hk_en/products/photoshop/landpa.html expected [true] but found [false],
Jarvis Chat is not Visible on pagehttps://www.stage.adobe.com/my_en/products/photoshop/ai-ideation.html expected [true] but found [false],
Jarvis Chat is not Visible on pagehttps://www.stage.adobe.com/hk_en/products/photoshop/generative-fill.html expected [true] but found [false],
Jarvis Chat is not Visible on pagehttps://www.stage.adobe.com/my_en/products/photoshop/ai.html expected [true] but found [false],
Jarvis Chat is not Visible on pagehttps://www.stage.adobe.com/hk_en/products/photoshop/remove-object.html expected [true] but found [false],
Jarvis Chat is not Visible on pagehttps://www.stage.adobe.com/my_en/products/photoshop/features.html expected [true] but found [false],
Jarvis Chat is not Visible on pagehttps://www.stage.adobe.com/my_en/products/photoshop/generative-expand.html expected [true] but found [false],
Jarvis Chat is not Visible on pagehttps://www.stage.adobe.com/my_en/products/photoshop/generative-fill.html expected [true] but found [false],
Jarvis Chat is not Visible on pagehttps://www.stage.adobe.com/my_en/products/photoshop/landpa.html expected [true] but found [false],
Jarvis Chat is not Visible on pagehttps://www.stage.adobe.com/my_en/products/photoshop/remove-object.html expected [true] but found [false],
Jarvis Chat is not Visible on pagehttps://www.stage.adobe.com/sg/products/photoshop/remove-object.html expected [true] but found [false],
Jarvis Chat is not Visible on pagehttps://www.stage.adobe.com/sg/products/photoshop/landpa.html expected [true] but found [false],
Jarvis Chat is not Visible on pagehttps://www.stage.adobe.com/sg/products/photoshop/generative-fill.html expected [true] but found [false],
Jarvis Chat is not Visible on pagehttps://www.stage.adobe.com/sg/products/photoshop/generative-expand.html expected [true] but found [false],
Jarvis Chat is not Visible on pagehttps://www.stage.adobe.com/sg/products/photoshop/ai.html expected [true] but found [false],
Jarvis Chat is not Visible on pagehttps://www.stage.adobe.com/sg/products/photoshop/features.html expected [true] but found [false],
Jarvis Chat is not Visible on pagehttps://www.stage.adobe.com/sg/products/photoshop/ai-ideation.html expected [true] but found [false],
Jarvis Chat is not Visible on pagehttps://www.stage.adobe.com/id_en/products/photoshop.html expected [true] but found [false],
Jarvis Chat is not Visible on pagehttps://www.stage.adobe.com/id_en/products/photoshop/ai-ideation.html expected [true] but found [false],
Jarvis Chat is not Visible on pagehttps://www.stage.adobe.com/sg/products/photoshop.html expected [true] but found [false],
Jarvis Chat is not Visible on pagehttps://www.stage.adobe.com/id_en/products/photoshop/features.html expected [true] but found [false],
Jarvis Chat is not Visible on pagehttps://www.stage.adobe.com/id_en/products/photoshop/ai.html expected [true] but found [false],
Jarvis Chat is not Visible on pagehttps://www.stage.adobe.com/ng/products/photoshop.html expected [true] but found [false],
Jarvis Chat is not Visible on pagehttps://www.stage.adobe.com/id_en/products/photoshop/generative-expand.html expected [true] but found [false],
Jarvis Chat is not Visible on pagehttps://www.stage.adobe.com/ng/products/photoshop/ai-ideation.html expected [true] but found [false],
Jarvis Chat is not Visible on pagehttps://www.stage.adobe.com/id_en/products/photoshop/generative-fill.html expected [true] but found [false],
Jarvis Chat is not Visible on pagehttps://www.stage.adobe.com/ng/products/photoshop/ai.html expected [true] but found [false],
Jarvis Chat is not Visible on pagehttps://www.stage.adobe.com/id_en/products/photoshop/landpa.html expected [true] but found [false],
Jarvis Chat is not Visible on pagehttps://www.stage.adobe.com/ng/products/photoshop/features.html expected [true] but found [false],
Jarvis Chat is not Visible on pagehttps://www.stage.adobe.com/ng/products/photoshop/generative-expand.html expected [true] but found [false],
Jarvis Chat is not Visible on pagehttps://www.stage.adobe.com/id_en/products/photoshop/remove-object.html expected [true] but found [false],
Jarvis Chat is not Visible on pagehttps://www.stage.adobe.com/ng/products/photoshop/landpa.html expected [true] but found [false],
Jarvis Chat is not Visible on pagehttps://www.stage.adobe.com/ng/products/photoshop/generative-fill.html expected [true] but found [false],
Jarvis Chat is not Visible on pagehttps://www.stage.adobe.com/ng/products/photoshop/remove-object.html expected [true] but found [false],
Jarvis Chat is not Visible on pagehttps://www.stage.adobe.com/sa_en/products/photoshop/remove-object.html expected [true] but found [false],
Jarvis Chat is not Visible on pagehttps://www.stage.adobe.com/sa_en/products/photoshop.html expected [true] but found [false],
Jarvis Chat is not Visible on pagehttps://www.stage.adobe.com/sa_en/products/photoshop/landpa.html expected [true] but found [false],
Jarvis Chat is not Visible on pagehttps://www.stage.adobe.com/sa_en/products/photoshop/generative-fill.html expected [true] but found [false],
Jarvis Chat is not Visible on pagehttps://www.stage.adobe.com/sa_en/products/photoshop/ai.html expected [true] but found [false],
Jarvis Chat is not Visible on pagehttps://www.stage.adobe.com/sa_en/products/photoshop/generative-expand.html expected [true] but found [false],
Jarvis Chat is not Visible on pagehttps://www.stage.adobe.com/sa_en/products/photoshop/features.html expected [true] but found [false],
Jarvis Chat is not Visible on pagehttps://www.stage.adobe.com/sa_en/products/photoshop/ai-ideation.html expected [true] but found [false]
at dotcom.adobe.tests.MiloCreativeCloudTests_P.verifyJarvisChatIsDisplayedOnPage(MiloCreativeCloudTests_P.java:2705)
at java.base/java.util.concurrent.ThreadPoolExecutor.runWorker(ThreadPoolExecutor.java:1144)
at java.base/java.util.concurrent.ThreadPoolExecutor$Worker.run(ThreadPoolExecutor.java:642)
at java.base/java.lang.Thread.run(Thread.java:1589)
... Removed 12 stack frames]]>
    </failure>
  </testcase> <!-- verifyJarvisChatIsDisplayedOnPage -->
  <testcase classname="dotcom.adobe.tests.MiloCreativeCloudTests_P" name="cc_milo_pricing" time="0.0">
    <ignored/>
  </testcase> <!-- cc_milo_pricing -->
  <testcase classname="dotcom.adobe.tests.MiloCreativeCloudTests_P" name="verifyUpdateAppCTADetailWithLoggedInState1" time="0.0">
    <ignored/>
  </testcase> <!-- verifyUpdateAppCTADetailWithLoggedInState1 -->
  <testcase classname="dotcom.adobe.tests.MiloCreativeCloudTests_P" name="CC_milo_verifyVideoModalsIncludingModalsInTabs_2" time="0.0">
    <ignored/>
  </testcase> <!-- CC_milo_verifyVideoModalsIncludingModalsInTabs_2 -->
  <testcase classname="dotcom.adobe.tests.MiloCreativeCloudTests_P" name="verifyUpgradeNowCTADetailWithLoggedInState" time="0.0">
    <ignored/>
  </testcase> <!-- verifyUpgradeNowCTADetailWithLoggedInState -->
  <testcase classname="dotcom.adobe.tests.MiloCreativeCloudTests_P" name="verifyUpdateAppCTADetailWithLoggedInState" time="0.0">
    <ignored/>
  </testcase> <!-- verifyUpdateAppCTADetailWithLoggedInState -->
  <testcase classname="dotcom.adobe.tests.MiloCreativeCloudTests_P" name="CC_milo_verifyVideoModalsIncludingModalsInTabs" time="0.0">
    <ignored/>
  </testcase> <!-- CC_milo_verifyVideoModalsIncludingModalsInTabs -->
  <testcase classname="dotcom.adobe.tests.MiloCreativeCloudTests_P" name="test_1" time="0.0">
    <ignored/>
  </testcase> <!-- test_1 -->
  <testcase classname="dotcom.adobe.tests.MiloCreativeCloudTests_P" name="CC_milo_verifyVideoModalsIncludingModalsInTabs_1" time="0.0">
    <ignored/>
  </testcase> <!-- CC_milo_verifyVideoModalsIncludingModalsInTabs_1 -->
  <testcase classname="dotcom.adobe.tests.MiloCreativeCloudTests_P" name="test_2" time="0.0">
    <ignored/>
  </testcase> <!-- test_2 -->
  <testcase classname="dotcom.adobe.tests.MiloCreativeCloudTests_P" name="CC_milo_verifyModalLinksExceptVideo_1" time="0.0">
    <ignored/>
  </testcase> <!-- CC_milo_verifyModalLinksExceptVideo_1 -->
  <testcase classname="dotcom.adobe.tests.MiloCreativeCloudTests_P" name="CC_milo_verifyModalLinksExceptVideo_2" time="0.0">
    <ignored/>
  </testcase> <!-- CC_milo_verifyModalLinksExceptVideo_2 -->
  <testcase classname="dotcom.adobe.tests.MiloCreativeCloudTests_P" name="cc_milo_pricing_ExpressRelease" time="0.0">
    <ignored/>
  </testcase> <!-- cc_milo_pricing_ExpressRelease -->
  <testcase classname="dotcom.adobe.tests.MiloCreativeCloudTests_P" name="cc_milo_pricing2" time="0.0">
    <ignored/>
  </testcase> <!-- cc_milo_pricing2 -->
  <testcase classname="dotcom.adobe.tests.MiloCreativeCloudTests_P" name="test" time="0.0">
    <ignored/>
  </testcase> <!-- test -->
  <testcase classname="dotcom.adobe.tests.MiloCreativeCloudTests_P" name="cc_milo_verifyDynamicPriceLoadFailure" time="0.0">
    <ignored/>
  </testcase> <!-- cc_milo_verifyDynamicPriceLoadFailure -->
  <testcase classname="dotcom.adobe.tests.MiloCreativeCloudTests_P" name="cc_milo_verifyMarqueeBackgroundVideo" time="0.0">
    <ignored/>
  </testcase> <!-- cc_milo_verifyMarqueeBackgroundVideo -->
  <testcase classname="dotcom.adobe.tests.MiloCreativeCloudTests_P" name="CC_milo_verifyVideoModals" time="0.0">
    <ignored/>
  </testcase> <!-- CC_milo_verifyVideoModals -->
  <testcase classname="dotcom.adobe.tests.MiloCreativeCloudTests_P" name="verifyUpgradeNowCTADetailWithLoggedInState1" time="0.0">
    <ignored/>
  </testcase> <!-- verifyUpgradeNowCTADetailWithLoggedInState1 -->
  <testcase classname="dotcom.adobe.tests.MiloCreativeCloudTests_P" name="CC_milo_verifyModalLinksExceptVideo" time="0.0">
    <ignored/>
  </testcase> <!-- CC_milo_verifyModalLinksExceptVideo -->
</testsuite> <!-- Parallel testing -->
