<?xml version="1.0" encoding="UTF-8"?>
<!-- Generated by org.testng.reporters.JUnitReportReporter -->
<testsuite hostname="AP-17L92T3" failures="3" tests="3" name="dotcom.adobe.tests.MiloCreativeCloudTests_P" time="21971.348" errors="0" timestamp="2024-09-27T15:26:28 IST" skipped="0">
  <testcase classname="dotcom.adobe.tests.MiloCreativeCloudTests_P" name="verifyJarvisChatIsDisplayedOnPage3" time="7364.582">
    <failure message="The following asserts failed:
	Jarvis Chat is not Visible on pagehttps://www.stage.adobe.com/nz/products/illustrator/vectorize-image.html expected [true] but found [false],
	Jarvis Chat is not Visible on pagehttps://www.stage.adobe.com/ie/products/illustrator/features.html expected [true] but found [false],
	Jarvis Chat is not Visible on pagehttps://www.stage.adobe.com/africa/products/illustrator/features.html expected [true] but found [false],
	Jarvis Chat is not Visible on pagehttps://www.stage.adobe.com/ie/products/illustrator/vectorize-image.html expected [true] but found [false],
	Jarvis Chat is not Visible on pagehttps://www.stage.adobe.com/nz/products/illustrator/features.html expected [true] but found [false],
	Jarvis Chat is not Visible on pagehttps://www.stage.adobe.com/africa/products/illustrator/vectorize-image.html expected [true] but found [false],
	Jarvis Chat is not Visible on pagehttps://www.stage.adobe.com/africa/products/photoshop/ai-ideation.html expected [true] but found [false],
	Jarvis Chat is not Visible on pagehttps://www.stage.adobe.com/nz/products/photoshop.html expected [true] but found [false],
	Jarvis Chat is not Visible on pagehttps://www.stage.adobe.com/ie/products/photoshop.html expected [true] but found [false],
	Jarvis Chat is not Visible on pagehttps://www.stage.adobe.com/nz/products/photoshop/ai-ideation.html expected [true] but found [false],
	Jarvis Chat is not Visible on pagehttps://www.stage.adobe.com/ie/products/photoshop/ai.html expected [true] but found [false],
	Jarvis Chat is not Visible on pagehttps://www.stage.adobe.com/africa/products/photoshop.html expected [true] but found [false],
	Jarvis Chat is not Visible on pagehttps://www.stage.adobe.com/nz/products/photoshop/ai.html expected [true] but found [false],
	Jarvis Chat is not Visible on pagehttps://www.stage.adobe.com/africa/products/photoshop/ai.html expected [true] but found [false],
	Jarvis Chat is not Visible on pagehttps://www.stage.adobe.com/ie/products/photoshop/ai-ideation.html expected [true] but found [false],
	Jarvis Chat is not Visible on pagehttps://www.stage.adobe.com/nz/products/photoshop/generative-expand.html expected [true] but found [false],
	Jarvis Chat is not Visible on pagehttps://www.stage.adobe.com/ie/products/photoshop/features.html expected [true] but found [false],
	Jarvis Chat is not Visible on pagehttps://www.stage.adobe.com/africa/products/photoshop/features.html expected [true] but found [false],
	Jarvis Chat is not Visible on pagehttps://www.stage.adobe.com/nz/products/photoshop/features.html expected [true] but found [false],
	Jarvis Chat is not Visible on pagehttps://www.stage.adobe.com/africa/products/photoshop/landpa.html expected [true] but found [false],
	Jarvis Chat is not Visible on pagehttps://www.stage.adobe.com/ie/products/photoshop/generative-expand.html expected [true] but found [false],
	Jarvis Chat is not Visible on pagehttps://www.stage.adobe.com/nz/products/photoshop/generative-fill.html expected [true] but found [false],
	Jarvis Chat is not Visible on pagehttps://www.stage.adobe.com/africa/products/photoshop/generative-expand.html expected [true] but found [false],
	Jarvis Chat is not Visible on pagehttps://www.stage.adobe.com/ie/products/photoshop/generative-fill.html expected [true] but found [false],
	Jarvis Chat is not Visible on pagehttps://www.stage.adobe.com/nz/products/photoshop/landpa.html expected [true] but found [false],
	Jarvis Chat is not Visible on pagehttps://www.stage.adobe.com/africa/products/photoshop/generative-fill.html expected [true] but found [false],
	Jarvis Chat is not Visible on pagehttps://www.stage.adobe.com/ie/products/photoshop/remove-object.html expected [true] but found [false],
	Jarvis Chat is not Visible on pagehttps://www.stage.adobe.com/nz/products/photoshop/remove-object.html expected [true] but found [false],
	Jarvis Chat is not Visible on pagehttps://www.stage.adobe.com/ie/products/photoshop/landpa.html expected [true] but found [false],
	Jarvis Chat is not Visible on pagehttps://www.stage.adobe.com/africa/products/photoshop/remove-object.html expected [true] but found [false],
	Jarvis Chat is not Visible on pagehttps://www.stage.adobe.com/ph_en/products/photoshop.html expected [true] but found [false],
	Jarvis Chat is not Visible on pagehttps://www.stage.adobe.com/au/products/photoshop.html expected [true] but found [false],
	Jarvis Chat is not Visible on pagehttps://www.stage.adobe.com/ph_en/products/photoshop/ai-ideation.html expected [true] but found [false],
	Jarvis Chat is not Visible on pagehttps://www.stage.adobe.com/il_en/products/photoshop.html expected [true] but found [false],
	Jarvis Chat is not Visible on pagehttps://www.stage.adobe.com/au/products/photoshop/ai-ideation.html expected [true] but found [false],
	Jarvis Chat is not Visible on pagehttps://www.stage.adobe.com/ph_en/products/photoshop/ai.html expected [true] but found [false],
	Jarvis Chat is not Visible on pagehttps://www.stage.adobe.com/il_en/products/photoshop/ai-ideation.html expected [true] but found [false],
	Jarvis Chat is not Visible on pagehttps://www.stage.adobe.com/ph_en/products/photoshop/features.html expected [true] but found [false],
	Jarvis Chat is not Visible on pagehttps://www.stage.adobe.com/il_en/products/photoshop/ai.html expected [true] but found [false],
	Jarvis Chat is not Visible on pagehttps://www.stage.adobe.com/au/products/photoshop/features.html expected [true] but found [false],
	Jarvis Chat is not Visible on pagehttps://www.stage.adobe.com/ph_en/products/photoshop/generative-expand.html expected [true] but found [false],
	Jarvis Chat is not Visible on pagehttps://www.stage.adobe.com/au/products/photoshop/ai.html expected [true] but found [false],
	Jarvis Chat is not Visible on pagehttps://www.stage.adobe.com/il_en/products/photoshop/features.html expected [true] but found [false],
	Jarvis Chat is not Visible on pagehttps://www.stage.adobe.com/ph_en/products/photoshop/landpa.html expected [true] but found [false],
	Jarvis Chat is not Visible on pagehttps://www.stage.adobe.com/au/products/photoshop/landpa.html expected [true] but found [false],
	Jarvis Chat is not Visible on pagehttps://www.stage.adobe.com/il_en/products/photoshop/generative-expand.html expected [true] but found [false],
	Jarvis Chat is not Visible on pagehttps://www.stage.adobe.com/ph_en/products/photoshop/generative-fill.html expected [true] but found [false],
	Jarvis Chat is not Visible on pagehttps://www.stage.adobe.com/au/products/photoshop/generative-expand.html expected [true] but found [false],
	Jarvis Chat is not Visible on pagehttps://www.stage.adobe.com/il_en/products/photoshop/generative-fill.html expected [true] but found [false],
	Jarvis Chat is not Visible on pagehttps://www.stage.adobe.com/ph_en/products/photoshop/remove-object.html expected [true] but found [false],
	Jarvis Chat is not Visible on pagehttps://www.stage.adobe.com/au/products/photoshop/generative-fill.html expected [true] but found [false],
	Jarvis Chat is not Visible on pagehttps://www.stage.adobe.com/il_en/products/photoshop/landpa.html expected [true] but found [false],
	Jarvis Chat is not Visible on pagehttps://www.stage.adobe.com/il_en/products/photoshop/remove-object.html expected [true] but found [false],
	Jarvis Chat is not Visible on pagehttps://www.stage.adobe.com/au/products/photoshop/remove-object.html expected [true] but found [false],
	Jarvis Chat is not Visible on pagehttps://www.stage.adobe.com/be_en/products/photoshop.html expected [true] but found [false],
	Jarvis Chat is not Visible on pagehttps://www.stage.adobe.com/qa_en/products/photoshop.html expected [true] but found [false],
	Jarvis Chat is not Visible on pagehttps://www.stage.adobe.com/be_en/products/photoshop/ai-ideation.html expected [true] but found [false],
	Jarvis Chat is not Visible on pagehttps://www.stage.adobe.com/in/products/photoshop.html expected [true] but found [false],
	Jarvis Chat is not Visible on pagehttps://www.stage.adobe.com/qa_en/products/photoshop/ai-ideation.html expected [true] but found [false],
	Jarvis Chat is not Visible on pagehttps://www.stage.adobe.com/be_en/products/photoshop/ai.html expected [true] but found [false],
	Jarvis Chat is not Visible on pagehttps://www.stage.adobe.com/qa_en/products/photoshop/ai.html expected [true] but found [false],
	Jarvis Chat is not Visible on pagehttps://www.stage.adobe.com/in/products/photoshop/ai-ideation.html expected [true] but found [false],
	Jarvis Chat is not Visible on pagehttps://www.stage.adobe.com/be_en/products/photoshop/features.html expected [true] but found [false],
	Jarvis Chat is not Visible on pagehttps://www.stage.adobe.com/qa_en/products/photoshop/features.html expected [true] but found [false],
	Jarvis Chat is not Visible on pagehttps://www.stage.adobe.com/in/products/photoshop/ai.html expected [true] but found [false],
	Jarvis Chat is not Visible on pagehttps://www.stage.adobe.com/be_en/products/photoshop/generative-fill.html expected [true] but found [false],
	Jarvis Chat is not Visible on pagehttps://www.stage.adobe.com/qa_en/products/photoshop/generative-expand.html expected [true] but found [false],
	Jarvis Chat is not Visible on pagehttps://www.stage.adobe.com/in/products/photoshop/generative-expand.html expected [true] but found [false],
	Jarvis Chat is not Visible on pagehttps://www.stage.adobe.com/be_en/products/photoshop/landpa.html expected [true] but found [false],
	Jarvis Chat is not Visible on pagehttps://www.stage.adobe.com/qa_en/products/photoshop/landpa.html expected [true] but found [false],
	Jarvis Chat is not Visible on pagehttps://www.stage.adobe.com/in/products/photoshop/generative-fill.html expected [true] but found [false],
	Jarvis Chat is not Visible on pagehttps://www.stage.adobe.com/be_en/products/photoshop/generative-expand.html expected [true] but found [false],
	Jarvis Chat is not Visible on pagehttps://www.stage.adobe.com/qa_en/products/photoshop/generative-fill.html expected [true] but found [false],
	Jarvis Chat is not Visible on pagehttps://www.stage.adobe.com/be_en/products/photoshop/remove-object.html expected [true] but found [false],
	Jarvis Chat is not Visible on pagehttps://www.stage.adobe.com/qa_en/products/photoshop/remove-object.html expected [true] but found [false],
	Jarvis Chat is not Visible on pagehttps://www.stage.adobe.com/in/products/photoshop/features.html expected [true] but found [false],
	Jarvis Chat is not Visible on pagehttps://www.stage.adobe.com/in/products/photoshop/landpa.html expected [true] but found [false],
	Jarvis Chat is not Visible on pagehttps://www.stage.adobe.com/in/products/photoshop/remove-object.html expected [true] but found [false],
	Jarvis Chat is not Visible on pagehttps://www.stage.adobe.com/za/products/photoshop/remove-object.html expected [true] but found [false],
	Jarvis Chat is not Visible on pagehttps://www.stage.adobe.com/za/products/photoshop/landpa.html expected [true] but found [false],
	Jarvis Chat is not Visible on pagehttps://www.stage.adobe.com/za/products/photoshop/generative-fill.html expected [true] but found [false],
	Jarvis Chat is not Visible on pagehttps://www.stage.adobe.com/za/products/photoshop/features.html expected [true] but found [false],
	Jarvis Chat is not Visible on pagehttps://www.stage.adobe.com/ca/products/photoshop.html expected [true] but found [false],
	Jarvis Chat is not Visible on pagehttps://www.stage.adobe.com/za/products/photoshop/ai.html expected [true] but found [false],
	Jarvis Chat is not Visible on pagehttps://www.stage.adobe.com/ca/products/photoshop/ai-ideation.html expected [true] but found [false],
	Jarvis Chat is not Visible on pagehttps://www.stage.adobe.com/za/products/photoshop/generative-expand.html expected [true] but found [false],
	Jarvis Chat is not Visible on pagehttps://www.stage.adobe.com/ca/products/photoshop/ai.html expected [true] but found [false],
	Jarvis Chat is not Visible on pagehttps://www.stage.adobe.com/za/products/photoshop/ai-ideation.html expected [true] but found [false],
	Jarvis Chat is not Visible on pagehttps://www.stage.adobe.com/kw_en/products/photoshop.html expected [true] but found [false],
	Jarvis Chat is not Visible on pagehttps://www.stage.adobe.com/kw_en/products/photoshop/ai-ideation.html expected [true] but found [false],
	Jarvis Chat is not Visible on pagehttps://www.stage.adobe.com/ca/products/photoshop/features.html expected [true] but found [false],
	Jarvis Chat is not Visible on pagehttps://www.stage.adobe.com/za/products/photoshop.html expected [true] but found [false],
	Jarvis Chat is not Visible on pagehttps://www.stage.adobe.com/kw_en/products/photoshop/ai.html expected [true] but found [false],
	Jarvis Chat is not Visible on pagehttps://www.stage.adobe.com/ca/products/photoshop/generative-fill.html expected [true] but found [false],
	Jarvis Chat is not Visible on pagehttps://www.stage.adobe.com/ca/products/photoshop/generative-expand.html expected [true] but found [false],
	Jarvis Chat is not Visible on pagehttps://www.stage.adobe.com/kw_en/products/photoshop/features.html expected [true] but found [false],
	Jarvis Chat is not Visible on pagehttps://www.stage.adobe.com/ca/products/photoshop/landpa.html expected [true] but found [false],
	Jarvis Chat is not Visible on pagehttps://www.stage.adobe.com/kw_en/products/photoshop/generative-expand.html expected [true] but found [false],
	Jarvis Chat is not Visible on pagehttps://www.stage.adobe.com/ca/products/photoshop/remove-object.html expected [true] but found [false],
	Jarvis Chat is not Visible on pagehttps://www.stage.adobe.com/kw_en/products/photoshop/landpa.html expected [true] but found [false],
	Jarvis Chat is not Visible on pagehttps://www.stage.adobe.com/kw_en/products/photoshop/generative-fill.html expected [true] but found [false],
	Jarvis Chat is not Visible on pagehttps://www.stage.adobe.com/kw_en/products/photoshop/remove-object.html expected [true] but found [false],
	Jarvis Chat is not Visible on pagehttps://www.stage.adobe.com/vn_en/products/photoshop/remove-object.html expected [true] but found [false],
	Jarvis Chat is not Visible on pagehttps://www.stage.adobe.com/vn_en/products/photoshop/landpa.html expected [true] but found [false],
	Jarvis Chat is not Visible on pagehttps://www.stage.adobe.com/vn_en/products/photoshop/generative-fill.html expected [true] but found [false],
	Jarvis Chat is not Visible on pagehttps://www.stage.adobe.com/vn_en/products/photoshop/features.html expected [true] but found [false],
	Jarvis Chat is not Visible on pagehttps://www.stage.adobe.com/eg_en/products/photoshop.html expected [true] but found [false],
	Jarvis Chat is not Visible on pagehttps://www.stage.adobe.com/vn_en/products/photoshop/generative-expand.html expected [true] but found [false],
	Jarvis Chat is not Visible on pagehttps://www.stage.adobe.com/eg_en/products/photoshop/ai-ideation.html expected [true] but found [false],
	Jarvis Chat is not Visible on pagehttps://www.stage.adobe.com/vn_en/products/photoshop/ai.html expected [true] but found [false],
	Jarvis Chat is not Visible on pagehttps://www.stage.adobe.com/eg_en/products/photoshop/ai.html expected [true] but found [false],
	Jarvis Chat is not Visible on pagehttps://www.stage.adobe.com/vn_en/products/photoshop/ai-ideation.html expected [true] but found [false],
	Jarvis Chat is not Visible on pagehttps://www.stage.adobe.com/eg_en/products/photoshop/features.html expected [true] but found [false],
	Jarvis Chat is not Visible on pagehttps://www.stage.adobe.com/lu_en/products/photoshop.html expected [true] but found [false],
	Jarvis Chat is not Visible on pagehttps://www.stage.adobe.com/eg_en/products/photoshop/generative-fill.html expected [true] but found [false],
	Jarvis Chat is not Visible on pagehttps://www.stage.adobe.com/vn_en/products/photoshop.html expected [true] but found [false],
	Jarvis Chat is not Visible on pagehttps://www.stage.adobe.com/eg_en/products/photoshop/landpa.html expected [true] but found [false],
	Jarvis Chat is not Visible on pagehttps://www.stage.adobe.com/lu_en/products/photoshop/ai-ideation.html expected [true] but found [false],
	Jarvis Chat is not Visible on pagehttps://www.stage.adobe.com/eg_en/products/photoshop/generative-expand.html expected [true] but found [false],
	Jarvis Chat is not Visible on pagehttps://www.stage.adobe.com/lu_en/products/photoshop/features.html expected [true] but found [false],
	Jarvis Chat is not Visible on pagehttps://www.stage.adobe.com/eg_en/products/photoshop/remove-object.html expected [true] but found [false],
	Jarvis Chat is not Visible on pagehttps://www.stage.adobe.com/lu_en/products/photoshop/generative-fill.html expected [true] but found [false],
	Jarvis Chat is not Visible on pagehttps://www.stage.adobe.com/lu_en/products/photoshop/generative-expand.html expected [true] but found [false],
	Jarvis Chat is not Visible on pagehttps://www.stage.adobe.com/lu_en/products/photoshop/landpa.html expected [true] but found [false],
	Jarvis Chat is not Visible on pagehttps://www.stage.adobe.com/lu_en/products/photoshop/ai.html expected [true] but found [false],
	Jarvis Chat is not Visible on pagehttps://www.stage.adobe.com/lu_en/products/photoshop/remove-object.html expected [true] but found [false],
	Jarvis Chat is not Visible on pagehttps://www.stage.adobe.com/gr_en/products/photoshop.html expected [true] but found [false],
	Jarvis Chat is not Visible on pagehttps://www.stage.adobe.com/gr_en/products/photoshop/ai.html expected [true] but found [false],
	Jarvis Chat is not Visible on pagehttps://www.stage.adobe.com/gr_en/products/photoshop/ai-ideation.html expected [true] but found [false],
	Jarvis Chat is not Visible on pagehttps://www.stage.adobe.com/mena_en/products/photoshop/ai-ideation.html expected [true] but found [false],
	Jarvis Chat is not Visible on pagehttps://www.stage.adobe.com/gr_en/products/photoshop/features.html expected [true] but found [false],
	Jarvis Chat is not Visible on pagehttps://www.stage.adobe.com/mena_en/products/photoshop.html expected [true] but found [false],
	Jarvis Chat is not Visible on pagehttps://www.stage.adobe.com/gr_en/products/photoshop/generative-expand.html expected [true] but found [false],
	Jarvis Chat is not Visible on pagehttps://www.stage.adobe.com/gr_en/products/photoshop/generative-fill.html expected [true] but found [false],
	Jarvis Chat is not Visible on pagehttps://www.stage.adobe.com/gr_en/products/photoshop/landpa.html expected [true] but found [false],
	Jarvis Chat is not Visible on pagehttps://www.stage.adobe.com/mena_en/products/photoshop/ai.html expected [true] but found [false],
	Jarvis Chat is not Visible on pagehttps://www.stage.adobe.com/gr_en/products/photoshop/remove-object.html expected [true] but found [false],
	Jarvis Chat is not Visible on pagehttps://www.stage.adobe.com/mena_en/products/photoshop/features.html expected [true] but found [false],
	Jarvis Chat is not Visible on pagehttps://www.stage.adobe.com/mena_en/products/photoshop/generative-expand.html expected [true] but found [false],
	Jarvis Chat is not Visible on pagehttps://www.stage.adobe.com/mena_en/products/photoshop/generative-fill.html expected [true] but found [false],
	Jarvis Chat is not Visible on pagehttps://www.stage.adobe.com/mena_en/products/photoshop/landpa.html expected [true] but found [false],
	Jarvis Chat is not Visible on pagehttps://www.stage.adobe.com/mena_en/products/photoshop/remove-object.html expected [true] but found [false],
	Jarvis Chat is not Visible on pagehttps://www.stage.adobe.com/th_en/products/photoshop/remove-object.html expected [true] but found [false],
	Jarvis Chat is not Visible on pagehttps://www.stage.adobe.com/th_en/products/photoshop/landpa.html expected [true] but found [false],
	Jarvis Chat is not Visible on pagehttps://www.stage.adobe.com/th_en/products/photoshop/generative-fill.html expected [true] but found [false],
	Jarvis Chat is not Visible on pagehttps://www.stage.adobe.com/th_en/products/photoshop/generative-expand.html expected [true] but found [false],
	Jarvis Chat is not Visible on pagehttps://www.stage.adobe.com/th_en/products/photoshop/ai.html expected [true] but found [false],
	Jarvis Chat is not Visible on pagehttps://www.stage.adobe.com/th_en/products/photoshop/features.html expected [true] but found [false],
	Jarvis Chat is not Visible on pagehttps://www.stage.adobe.com/th_en/products/photoshop/ai-ideation.html expected [true] but found [false],
	Jarvis Chat is not Visible on pagehttps://www.stage.adobe.com/hk_en/products/photoshop.html expected [true] but found [false],
	Jarvis Chat is not Visible on pagehttps://www.stage.adobe.com/hk_en/products/photoshop/ai-ideation.html expected [true] but found [false],
	Jarvis Chat is not Visible on pagehttps://www.stage.adobe.com/th_en/products/photoshop.html expected [true] but found [false],
	Jarvis Chat is not Visible on pagehttps://www.stage.adobe.com/hk_en/products/photoshop/generative-expand.html expected [true] but found [false],
	Jarvis Chat is not Visible on pagehttps://www.stage.adobe.com/hk_en/products/photoshop/ai.html expected [true] but found [false],
	Jarvis Chat is not Visible on pagehttps://www.stage.adobe.com/hk_en/products/photoshop/features.html expected [true] but found [false],
	Jarvis Chat is not Visible on pagehttps://www.stage.adobe.com/my_en/products/photoshop.html expected [true] but found [false],
	Jarvis Chat is not Visible on pagehttps://www.stage.adobe.com/hk_en/products/photoshop/landpa.html expected [true] but found [false],
	Jarvis Chat is not Visible on pagehttps://www.stage.adobe.com/my_en/products/photoshop/ai-ideation.html expected [true] but found [false],
	Jarvis Chat is not Visible on pagehttps://www.stage.adobe.com/hk_en/products/photoshop/generative-fill.html expected [true] but found [false],
	Jarvis Chat is not Visible on pagehttps://www.stage.adobe.com/my_en/products/photoshop/ai.html expected [true] but found [false],
	Jarvis Chat is not Visible on pagehttps://www.stage.adobe.com/hk_en/products/photoshop/remove-object.html expected [true] but found [false],
	Jarvis Chat is not Visible on pagehttps://www.stage.adobe.com/my_en/products/photoshop/features.html expected [true] but found [false],
	Jarvis Chat is not Visible on pagehttps://www.stage.adobe.com/my_en/products/photoshop/generative-expand.html expected [true] but found [false],
	Jarvis Chat is not Visible on pagehttps://www.stage.adobe.com/my_en/products/photoshop/generative-fill.html expected [true] but found [false],
	Jarvis Chat is not Visible on pagehttps://www.stage.adobe.com/my_en/products/photoshop/landpa.html expected [true] but found [false],
	Jarvis Chat is not Visible on pagehttps://www.stage.adobe.com/my_en/products/photoshop/remove-object.html expected [true] but found [false],
	Jarvis Chat is not Visible on pagehttps://www.stage.adobe.com/sg/products/photoshop/remove-object.html expected [true] but found [false],
	Jarvis Chat is not Visible on pagehttps://www.stage.adobe.com/sg/products/photoshop/landpa.html expected [true] but found [false],
	Jarvis Chat is not Visible on pagehttps://www.stage.adobe.com/sg/products/photoshop/generative-fill.html expected [true] but found [false],
	Jarvis Chat is not Visible on pagehttps://www.stage.adobe.com/sg/products/photoshop/generative-expand.html expected [true] but found [false],
	Jarvis Chat is not Visible on pagehttps://www.stage.adobe.com/sg/products/photoshop/ai.html expected [true] but found [false],
	Jarvis Chat is not Visible on pagehttps://www.stage.adobe.com/sg/products/photoshop/features.html expected [true] but found [false],
	Jarvis Chat is not Visible on pagehttps://www.stage.adobe.com/sg/products/photoshop/ai-ideation.html expected [true] but found [false],
	Jarvis Chat is not Visible on pagehttps://www.stage.adobe.com/id_en/products/photoshop.html expected [true] but found [false],
	Jarvis Chat is not Visible on pagehttps://www.stage.adobe.com/id_en/products/photoshop/ai-ideation.html expected [true] but found [false],
	Jarvis Chat is not Visible on pagehttps://www.stage.adobe.com/sg/products/photoshop.html expected [true] but found [false],
	Jarvis Chat is not Visible on pagehttps://www.stage.adobe.com/id_en/products/photoshop/features.html expected [true] but found [false],
	Jarvis Chat is not Visible on pagehttps://www.stage.adobe.com/id_en/products/photoshop/ai.html expected [true] but found [false],
	Jarvis Chat is not Visible on pagehttps://www.stage.adobe.com/ng/products/photoshop.html expected [true] but found [false],
	Jarvis Chat is not Visible on pagehttps://www.stage.adobe.com/id_en/products/photoshop/generative-expand.html expected [true] but found [false],
	Jarvis Chat is not Visible on pagehttps://www.stage.adobe.com/ng/products/photoshop/ai-ideation.html expected [true] but found [false],
	Jarvis Chat is not Visible on pagehttps://www.stage.adobe.com/id_en/products/photoshop/generative-fill.html expected [true] but found [false],
	Jarvis Chat is not Visible on pagehttps://www.stage.adobe.com/ng/products/photoshop/ai.html expected [true] but found [false],
	Jarvis Chat is not Visible on pagehttps://www.stage.adobe.com/id_en/products/photoshop/landpa.html expected [true] but found [false],
	Jarvis Chat is not Visible on pagehttps://www.stage.adobe.com/ng/products/photoshop/features.html expected [true] but found [false],
	Jarvis Chat is not Visible on pagehttps://www.stage.adobe.com/ng/products/photoshop/generative-expand.html expected [true] but found [false],
	Jarvis Chat is not Visible on pagehttps://www.stage.adobe.com/id_en/products/photoshop/remove-object.html expected [true] but found [false],
	Jarvis Chat is not Visible on pagehttps://www.stage.adobe.com/ng/products/photoshop/landpa.html expected [true] but found [false],
	Jarvis Chat is not Visible on pagehttps://www.stage.adobe.com/ng/products/photoshop/generative-fill.html expected [true] but found [false],
	Jarvis Chat is not Visible on pagehttps://www.stage.adobe.com/ng/products/photoshop/remove-object.html expected [true] but found [false],
	Jarvis Chat is not Visible on pagehttps://www.stage.adobe.com/sa_en/products/photoshop/remove-object.html expected [true] but found [false],
	Jarvis Chat is not Visible on pagehttps://www.stage.adobe.com/sa_en/products/photoshop.html expected [true] but found [false],
	Jarvis Chat is not Visible on pagehttps://www.stage.adobe.com/sa_en/products/photoshop/landpa.html expected [true] but found [false],
	Jarvis Chat is not Visible on pagehttps://www.stage.adobe.com/sa_en/products/photoshop/generative-fill.html expected [true] but found [false],
	Jarvis Chat is not Visible on pagehttps://www.stage.adobe.com/sa_en/products/photoshop/ai.html expected [true] but found [false],
	Jarvis Chat is not Visible on pagehttps://www.stage.adobe.com/sa_en/products/photoshop/generative-expand.html expected [true] but found [false],
	Jarvis Chat is not Visible on pagehttps://www.stage.adobe.com/sa_en/products/photoshop/features.html expected [true] but found [false],
	Jarvis Chat is not Visible on pagehttps://www.stage.adobe.com/sa_en/products/photoshop/ai-ideation.html expected [true] but found [false]" type="java.lang.AssertionError">
      <![CDATA[java.lang.AssertionError: The following asserts failed:
Jarvis Chat is not Visible on pagehttps://www.stage.adobe.com/nz/products/illustrator/vectorize-image.html expected [true] but found [false],
Jarvis Chat is not Visible on pagehttps://www.stage.adobe.com/ie/products/illustrator/features.html expected [true] but found [false],
Jarvis Chat is not Visible on pagehttps://www.stage.adobe.com/africa/products/illustrator/features.html expected [true] but found [false],
Jarvis Chat is not Visible on pagehttps://www.stage.adobe.com/ie/products/illustrator/vectorize-image.html expected [true] but found [false],
Jarvis Chat is not Visible on pagehttps://www.stage.adobe.com/nz/products/illustrator/features.html expected [true] but found [false],
Jarvis Chat is not Visible on pagehttps://www.stage.adobe.com/africa/products/illustrator/vectorize-image.html expected [true] but found [false],
Jarvis Chat is not Visible on pagehttps://www.stage.adobe.com/africa/products/photoshop/ai-ideation.html expected [true] but found [false],
Jarvis Chat is not Visible on pagehttps://www.stage.adobe.com/nz/products/photoshop.html expected [true] but found [false],
Jarvis Chat is not Visible on pagehttps://www.stage.adobe.com/ie/products/photoshop.html expected [true] but found [false],
Jarvis Chat is not Visible on pagehttps://www.stage.adobe.com/nz/products/photoshop/ai-ideation.html expected [true] but found [false],
Jarvis Chat is not Visible on pagehttps://www.stage.adobe.com/ie/products/photoshop/ai.html expected [true] but found [false],
Jarvis Chat is not Visible on pagehttps://www.stage.adobe.com/africa/products/photoshop.html expected [true] but found [false],
Jarvis Chat is not Visible on pagehttps://www.stage.adobe.com/nz/products/photoshop/ai.html expected [true] but found [false],
Jarvis Chat is not Visible on pagehttps://www.stage.adobe.com/africa/products/photoshop/ai.html expected [true] but found [false],
Jarvis Chat is not Visible on pagehttps://www.stage.adobe.com/ie/products/photoshop/ai-ideation.html expected [true] but found [false],
Jarvis Chat is not Visible on pagehttps://www.stage.adobe.com/nz/products/photoshop/generative-expand.html expected [true] but found [false],
Jarvis Chat is not Visible on pagehttps://www.stage.adobe.com/ie/products/photoshop/features.html expected [true] but found [false],
Jarvis Chat is not Visible on pagehttps://www.stage.adobe.com/africa/products/photoshop/features.html expected [true] but found [false],
Jarvis Chat is not Visible on pagehttps://www.stage.adobe.com/nz/products/photoshop/features.html expected [true] but found [false],
Jarvis Chat is not Visible on pagehttps://www.stage.adobe.com/africa/products/photoshop/landpa.html expected [true] but found [false],
Jarvis Chat is not Visible on pagehttps://www.stage.adobe.com/ie/products/photoshop/generative-expand.html expected [true] but found [false],
Jarvis Chat is not Visible on pagehttps://www.stage.adobe.com/nz/products/photoshop/generative-fill.html expected [true] but found [false],
Jarvis Chat is not Visible on pagehttps://www.stage.adobe.com/africa/products/photoshop/generative-expand.html expected [true] but found [false],
Jarvis Chat is not Visible on pagehttps://www.stage.adobe.com/ie/products/photoshop/generative-fill.html expected [true] but found [false],
Jarvis Chat is not Visible on pagehttps://www.stage.adobe.com/nz/products/photoshop/landpa.html expected [true] but found [false],
Jarvis Chat is not Visible on pagehttps://www.stage.adobe.com/africa/products/photoshop/generative-fill.html expected [true] but found [false],
Jarvis Chat is not Visible on pagehttps://www.stage.adobe.com/ie/products/photoshop/remove-object.html expected [true] but found [false],
Jarvis Chat is not Visible on pagehttps://www.stage.adobe.com/nz/products/photoshop/remove-object.html expected [true] but found [false],
Jarvis Chat is not Visible on pagehttps://www.stage.adobe.com/ie/products/photoshop/landpa.html expected [true] but found [false],
Jarvis Chat is not Visible on pagehttps://www.stage.adobe.com/africa/products/photoshop/remove-object.html expected [true] but found [false],
Jarvis Chat is not Visible on pagehttps://www.stage.adobe.com/ph_en/products/photoshop.html expected [true] but found [false],
Jarvis Chat is not Visible on pagehttps://www.stage.adobe.com/au/products/photoshop.html expected [true] but found [false],
Jarvis Chat is not Visible on pagehttps://www.stage.adobe.com/ph_en/products/photoshop/ai-ideation.html expected [true] but found [false],
Jarvis Chat is not Visible on pagehttps://www.stage.adobe.com/il_en/products/photoshop.html expected [true] but found [false],
Jarvis Chat is not Visible on pagehttps://www.stage.adobe.com/au/products/photoshop/ai-ideation.html expected [true] but found [false],
Jarvis Chat is not Visible on pagehttps://www.stage.adobe.com/ph_en/products/photoshop/ai.html expected [true] but found [false],
Jarvis Chat is not Visible on pagehttps://www.stage.adobe.com/il_en/products/photoshop/ai-ideation.html expected [true] but found [false],
Jarvis Chat is not Visible on pagehttps://www.stage.adobe.com/ph_en/products/photoshop/features.html expected [true] but found [false],
Jarvis Chat is not Visible on pagehttps://www.stage.adobe.com/il_en/products/photoshop/ai.html expected [true] but found [false],
Jarvis Chat is not Visible on pagehttps://www.stage.adobe.com/au/products/photoshop/features.html expected [true] but found [false],
Jarvis Chat is not Visible on pagehttps://www.stage.adobe.com/ph_en/products/photoshop/generative-expand.html expected [true] but found [false],
Jarvis Chat is not Visible on pagehttps://www.stage.adobe.com/au/products/photoshop/ai.html expected [true] but found [false],
Jarvis Chat is not Visible on pagehttps://www.stage.adobe.com/il_en/products/photoshop/features.html expected [true] but found [false],
Jarvis Chat is not Visible on pagehttps://www.stage.adobe.com/ph_en/products/photoshop/landpa.html expected [true] but found [false],
Jarvis Chat is not Visible on pagehttps://www.stage.adobe.com/au/products/photoshop/landpa.html expected [true] but found [false],
Jarvis Chat is not Visible on pagehttps://www.stage.adobe.com/il_en/products/photoshop/generative-expand.html expected [true] but found [false],
Jarvis Chat is not Visible on pagehttps://www.stage.adobe.com/ph_en/products/photoshop/generative-fill.html expected [true] but found [false],
Jarvis Chat is not Visible on pagehttps://www.stage.adobe.com/au/products/photoshop/generative-expand.html expected [true] but found [false],
Jarvis Chat is not Visible on pagehttps://www.stage.adobe.com/il_en/products/photoshop/generative-fill.html expected [true] but found [false],
Jarvis Chat is not Visible on pagehttps://www.stage.adobe.com/ph_en/products/photoshop/remove-object.html expected [true] but found [false],
Jarvis Chat is not Visible on pagehttps://www.stage.adobe.com/au/products/photoshop/generative-fill.html expected [true] but found [false],
Jarvis Chat is not Visible on pagehttps://www.stage.adobe.com/il_en/products/photoshop/landpa.html expected [true] but found [false],
Jarvis Chat is not Visible on pagehttps://www.stage.adobe.com/il_en/products/photoshop/remove-object.html expected [true] but found [false],
Jarvis Chat is not Visible on pagehttps://www.stage.adobe.com/au/products/photoshop/remove-object.html expected [true] but found [false],
Jarvis Chat is not Visible on pagehttps://www.stage.adobe.com/be_en/products/photoshop.html expected [true] but found [false],
Jarvis Chat is not Visible on pagehttps://www.stage.adobe.com/qa_en/products/photoshop.html expected [true] but found [false],
Jarvis Chat is not Visible on pagehttps://www.stage.adobe.com/be_en/products/photoshop/ai-ideation.html expected [true] but found [false],
Jarvis Chat is not Visible on pagehttps://www.stage.adobe.com/in/products/photoshop.html expected [true] but found [false],
Jarvis Chat is not Visible on pagehttps://www.stage.adobe.com/qa_en/products/photoshop/ai-ideation.html expected [true] but found [false],
Jarvis Chat is not Visible on pagehttps://www.stage.adobe.com/be_en/products/photoshop/ai.html expected [true] but found [false],
Jarvis Chat is not Visible on pagehttps://www.stage.adobe.com/qa_en/products/photoshop/ai.html expected [true] but found [false],
Jarvis Chat is not Visible on pagehttps://www.stage.adobe.com/in/products/photoshop/ai-ideation.html expected [true] but found [false],
Jarvis Chat is not Visible on pagehttps://www.stage.adobe.com/be_en/products/photoshop/features.html expected [true] but found [false],
Jarvis Chat is not Visible on pagehttps://www.stage.adobe.com/qa_en/products/photoshop/features.html expected [true] but found [false],
Jarvis Chat is not Visible on pagehttps://www.stage.adobe.com/in/products/photoshop/ai.html expected [true] but found [false],
Jarvis Chat is not Visible on pagehttps://www.stage.adobe.com/be_en/products/photoshop/generative-fill.html expected [true] but found [false],
Jarvis Chat is not Visible on pagehttps://www.stage.adobe.com/qa_en/products/photoshop/generative-expand.html expected [true] but found [false],
Jarvis Chat is not Visible on pagehttps://www.stage.adobe.com/in/products/photoshop/generative-expand.html expected [true] but found [false],
Jarvis Chat is not Visible on pagehttps://www.stage.adobe.com/be_en/products/photoshop/landpa.html expected [true] but found [false],
Jarvis Chat is not Visible on pagehttps://www.stage.adobe.com/qa_en/products/photoshop/landpa.html expected [true] but found [false],
Jarvis Chat is not Visible on pagehttps://www.stage.adobe.com/in/products/photoshop/generative-fill.html expected [true] but found [false],
Jarvis Chat is not Visible on pagehttps://www.stage.adobe.com/be_en/products/photoshop/generative-expand.html expected [true] but found [false],
Jarvis Chat is not Visible on pagehttps://www.stage.adobe.com/qa_en/products/photoshop/generative-fill.html expected [true] but found [false],
Jarvis Chat is not Visible on pagehttps://www.stage.adobe.com/be_en/products/photoshop/remove-object.html expected [true] but found [false],
Jarvis Chat is not Visible on pagehttps://www.stage.adobe.com/qa_en/products/photoshop/remove-object.html expected [true] but found [false],
Jarvis Chat is not Visible on pagehttps://www.stage.adobe.com/in/products/photoshop/features.html expected [true] but found [false],
Jarvis Chat is not Visible on pagehttps://www.stage.adobe.com/in/products/photoshop/landpa.html expected [true] but found [false],
Jarvis Chat is not Visible on pagehttps://www.stage.adobe.com/in/products/photoshop/remove-object.html expected [true] but found [false],
Jarvis Chat is not Visible on pagehttps://www.stage.adobe.com/za/products/photoshop/remove-object.html expected [true] but found [false],
Jarvis Chat is not Visible on pagehttps://www.stage.adobe.com/za/products/photoshop/landpa.html expected [true] but found [false],
Jarvis Chat is not Visible on pagehttps://www.stage.adobe.com/za/products/photoshop/generative-fill.html expected [true] but found [false],
Jarvis Chat is not Visible on pagehttps://www.stage.adobe.com/za/products/photoshop/features.html expected [true] but found [false],
Jarvis Chat is not Visible on pagehttps://www.stage.adobe.com/ca/products/photoshop.html expected [true] but found [false],
Jarvis Chat is not Visible on pagehttps://www.stage.adobe.com/za/products/photoshop/ai.html expected [true] but found [false],
Jarvis Chat is not Visible on pagehttps://www.stage.adobe.com/ca/products/photoshop/ai-ideation.html expected [true] but found [false],
Jarvis Chat is not Visible on pagehttps://www.stage.adobe.com/za/products/photoshop/generative-expand.html expected [true] but found [false],
Jarvis Chat is not Visible on pagehttps://www.stage.adobe.com/ca/products/photoshop/ai.html expected [true] but found [false],
Jarvis Chat is not Visible on pagehttps://www.stage.adobe.com/za/products/photoshop/ai-ideation.html expected [true] but found [false],
Jarvis Chat is not Visible on pagehttps://www.stage.adobe.com/kw_en/products/photoshop.html expected [true] but found [false],
Jarvis Chat is not Visible on pagehttps://www.stage.adobe.com/kw_en/products/photoshop/ai-ideation.html expected [true] but found [false],
Jarvis Chat is not Visible on pagehttps://www.stage.adobe.com/ca/products/photoshop/features.html expected [true] but found [false],
Jarvis Chat is not Visible on pagehttps://www.stage.adobe.com/za/products/photoshop.html expected [true] but found [false],
Jarvis Chat is not Visible on pagehttps://www.stage.adobe.com/kw_en/products/photoshop/ai.html expected [true] but found [false],
Jarvis Chat is not Visible on pagehttps://www.stage.adobe.com/ca/products/photoshop/generative-fill.html expected [true] but found [false],
Jarvis Chat is not Visible on pagehttps://www.stage.adobe.com/ca/products/photoshop/generative-expand.html expected [true] but found [false],
Jarvis Chat is not Visible on pagehttps://www.stage.adobe.com/kw_en/products/photoshop/features.html expected [true] but found [false],
Jarvis Chat is not Visible on pagehttps://www.stage.adobe.com/ca/products/photoshop/landpa.html expected [true] but found [false],
Jarvis Chat is not Visible on pagehttps://www.stage.adobe.com/kw_en/products/photoshop/generative-expand.html expected [true] but found [false],
Jarvis Chat is not Visible on pagehttps://www.stage.adobe.com/ca/products/photoshop/remove-object.html expected [true] but found [false],
Jarvis Chat is not Visible on pagehttps://www.stage.adobe.com/kw_en/products/photoshop/landpa.html expected [true] but found [false],
Jarvis Chat is not Visible on pagehttps://www.stage.adobe.com/kw_en/products/photoshop/generative-fill.html expected [true] but found [false],
Jarvis Chat is not Visible on pagehttps://www.stage.adobe.com/kw_en/products/photoshop/remove-object.html expected [true] but found [false],
Jarvis Chat is not Visible on pagehttps://www.stage.adobe.com/vn_en/products/photoshop/remove-object.html expected [true] but found [false],
Jarvis Chat is not Visible on pagehttps://www.stage.adobe.com/vn_en/products/photoshop/landpa.html expected [true] but found [false],
Jarvis Chat is not Visible on pagehttps://www.stage.adobe.com/vn_en/products/photoshop/generative-fill.html expected [true] but found [false],
Jarvis Chat is not Visible on pagehttps://www.stage.adobe.com/vn_en/products/photoshop/features.html expected [true] but found [false],
Jarvis Chat is not Visible on pagehttps://www.stage.adobe.com/eg_en/products/photoshop.html expected [true] but found [false],
Jarvis Chat is not Visible on pagehttps://www.stage.adobe.com/vn_en/products/photoshop/generative-expand.html expected [true] but found [false],
Jarvis Chat is not Visible on pagehttps://www.stage.adobe.com/eg_en/products/photoshop/ai-ideation.html expected [true] but found [false],
Jarvis Chat is not Visible on pagehttps://www.stage.adobe.com/vn_en/products/photoshop/ai.html expected [true] but found [false],
Jarvis Chat is not Visible on pagehttps://www.stage.adobe.com/eg_en/products/photoshop/ai.html expected [true] but found [false],
Jarvis Chat is not Visible on pagehttps://www.stage.adobe.com/vn_en/products/photoshop/ai-ideation.html expected [true] but found [false],
Jarvis Chat is not Visible on pagehttps://www.stage.adobe.com/eg_en/products/photoshop/features.html expected [true] but found [false],
Jarvis Chat is not Visible on pagehttps://www.stage.adobe.com/lu_en/products/photoshop.html expected [true] but found [false],
Jarvis Chat is not Visible on pagehttps://www.stage.adobe.com/eg_en/products/photoshop/generative-fill.html expected [true] but found [false],
Jarvis Chat is not Visible on pagehttps://www.stage.adobe.com/vn_en/products/photoshop.html expected [true] but found [false],
Jarvis Chat is not Visible on pagehttps://www.stage.adobe.com/eg_en/products/photoshop/landpa.html expected [true] but found [false],
Jarvis Chat is not Visible on pagehttps://www.stage.adobe.com/lu_en/products/photoshop/ai-ideation.html expected [true] but found [false],
Jarvis Chat is not Visible on pagehttps://www.stage.adobe.com/eg_en/products/photoshop/generative-expand.html expected [true] but found [false],
Jarvis Chat is not Visible on pagehttps://www.stage.adobe.com/lu_en/products/photoshop/features.html expected [true] but found [false],
Jarvis Chat is not Visible on pagehttps://www.stage.adobe.com/eg_en/products/photoshop/remove-object.html expected [true] but found [false],
Jarvis Chat is not Visible on pagehttps://www.stage.adobe.com/lu_en/products/photoshop/generative-fill.html expected [true] but found [false],
Jarvis Chat is not Visible on pagehttps://www.stage.adobe.com/lu_en/products/photoshop/generative-expand.html expected [true] but found [false],
Jarvis Chat is not Visible on pagehttps://www.stage.adobe.com/lu_en/products/photoshop/landpa.html expected [true] but found [false],
Jarvis Chat is not Visible on pagehttps://www.stage.adobe.com/lu_en/products/photoshop/ai.html expected [true] but found [false],
Jarvis Chat is not Visible on pagehttps://www.stage.adobe.com/lu_en/products/photoshop/remove-object.html expected [true] but found [false],
Jarvis Chat is not Visible on pagehttps://www.stage.adobe.com/gr_en/products/photoshop.html expected [true] but found [false],
Jarvis Chat is not Visible on pagehttps://www.stage.adobe.com/gr_en/products/photoshop/ai.html expected [true] but found [false],
Jarvis Chat is not Visible on pagehttps://www.stage.adobe.com/gr_en/products/photoshop/ai-ideation.html expected [true] but found [false],
Jarvis Chat is not Visible on pagehttps://www.stage.adobe.com/mena_en/products/photoshop/ai-ideation.html expected [true] but found [false],
Jarvis Chat is not Visible on pagehttps://www.stage.adobe.com/gr_en/products/photoshop/features.html expected [true] but found [false],
Jarvis Chat is not Visible on pagehttps://www.stage.adobe.com/mena_en/products/photoshop.html expected [true] but found [false],
Jarvis Chat is not Visible on pagehttps://www.stage.adobe.com/gr_en/products/photoshop/generative-expand.html expected [true] but found [false],
Jarvis Chat is not Visible on pagehttps://www.stage.adobe.com/gr_en/products/photoshop/generative-fill.html expected [true] but found [false],
Jarvis Chat is not Visible on pagehttps://www.stage.adobe.com/gr_en/products/photoshop/landpa.html expected [true] but found [false],
Jarvis Chat is not Visible on pagehttps://www.stage.adobe.com/mena_en/products/photoshop/ai.html expected [true] but found [false],
Jarvis Chat is not Visible on pagehttps://www.stage.adobe.com/gr_en/products/photoshop/remove-object.html expected [true] but found [false],
Jarvis Chat is not Visible on pagehttps://www.stage.adobe.com/mena_en/products/photoshop/features.html expected [true] but found [false],
Jarvis Chat is not Visible on pagehttps://www.stage.adobe.com/mena_en/products/photoshop/generative-expand.html expected [true] but found [false],
Jarvis Chat is not Visible on pagehttps://www.stage.adobe.com/mena_en/products/photoshop/generative-fill.html expected [true] but found [false],
Jarvis Chat is not Visible on pagehttps://www.stage.adobe.com/mena_en/products/photoshop/landpa.html expected [true] but found [false],
Jarvis Chat is not Visible on pagehttps://www.stage.adobe.com/mena_en/products/photoshop/remove-object.html expected [true] but found [false],
Jarvis Chat is not Visible on pagehttps://www.stage.adobe.com/th_en/products/photoshop/remove-object.html expected [true] but found [false],
Jarvis Chat is not Visible on pagehttps://www.stage.adobe.com/th_en/products/photoshop/landpa.html expected [true] but found [false],
Jarvis Chat is not Visible on pagehttps://www.stage.adobe.com/th_en/products/photoshop/generative-fill.html expected [true] but found [false],
Jarvis Chat is not Visible on pagehttps://www.stage.adobe.com/th_en/products/photoshop/generative-expand.html expected [true] but found [false],
Jarvis Chat is not Visible on pagehttps://www.stage.adobe.com/th_en/products/photoshop/ai.html expected [true] but found [false],
Jarvis Chat is not Visible on pagehttps://www.stage.adobe.com/th_en/products/photoshop/features.html expected [true] but found [false],
Jarvis Chat is not Visible on pagehttps://www.stage.adobe.com/th_en/products/photoshop/ai-ideation.html expected [true] but found [false],
Jarvis Chat is not Visible on pagehttps://www.stage.adobe.com/hk_en/products/photoshop.html expected [true] but found [false],
Jarvis Chat is not Visible on pagehttps://www.stage.adobe.com/hk_en/products/photoshop/ai-ideation.html expected [true] but found [false],
Jarvis Chat is not Visible on pagehttps://www.stage.adobe.com/th_en/products/photoshop.html expected [true] but found [false],
Jarvis Chat is not Visible on pagehttps://www.stage.adobe.com/hk_en/products/photoshop/generative-expand.html expected [true] but found [false],
Jarvis Chat is not Visible on pagehttps://www.stage.adobe.com/hk_en/products/photoshop/ai.html expected [true] but found [false],
Jarvis Chat is not Visible on pagehttps://www.stage.adobe.com/hk_en/products/photoshop/features.html expected [true] but found [false],
Jarvis Chat is not Visible on pagehttps://www.stage.adobe.com/my_en/products/photoshop.html expected [true] but found [false],
Jarvis Chat is not Visible on pagehttps://www.stage.adobe.com/hk_en/products/photoshop/landpa.html expected [true] but found [false],
Jarvis Chat is not Visible on pagehttps://www.stage.adobe.com/my_en/products/photoshop/ai-ideation.html expected [true] but found [false],
Jarvis Chat is not Visible on pagehttps://www.stage.adobe.com/hk_en/products/photoshop/generative-fill.html expected [true] but found [false],
Jarvis Chat is not Visible on pagehttps://www.stage.adobe.com/my_en/products/photoshop/ai.html expected [true] but found [false],
Jarvis Chat is not Visible on pagehttps://www.stage.adobe.com/hk_en/products/photoshop/remove-object.html expected [true] but found [false],
Jarvis Chat is not Visible on pagehttps://www.stage.adobe.com/my_en/products/photoshop/features.html expected [true] but found [false],
Jarvis Chat is not Visible on pagehttps://www.stage.adobe.com/my_en/products/photoshop/generative-expand.html expected [true] but found [false],
Jarvis Chat is not Visible on pagehttps://www.stage.adobe.com/my_en/products/photoshop/generative-fill.html expected [true] but found [false],
Jarvis Chat is not Visible on pagehttps://www.stage.adobe.com/my_en/products/photoshop/landpa.html expected [true] but found [false],
Jarvis Chat is not Visible on pagehttps://www.stage.adobe.com/my_en/products/photoshop/remove-object.html expected [true] but found [false],
Jarvis Chat is not Visible on pagehttps://www.stage.adobe.com/sg/products/photoshop/remove-object.html expected [true] but found [false],
Jarvis Chat is not Visible on pagehttps://www.stage.adobe.com/sg/products/photoshop/landpa.html expected [true] but found [false],
Jarvis Chat is not Visible on pagehttps://www.stage.adobe.com/sg/products/photoshop/generative-fill.html expected [true] but found [false],
Jarvis Chat is not Visible on pagehttps://www.stage.adobe.com/sg/products/photoshop/generative-expand.html expected [true] but found [false],
Jarvis Chat is not Visible on pagehttps://www.stage.adobe.com/sg/products/photoshop/ai.html expected [true] but found [false],
Jarvis Chat is not Visible on pagehttps://www.stage.adobe.com/sg/products/photoshop/features.html expected [true] but found [false],
Jarvis Chat is not Visible on pagehttps://www.stage.adobe.com/sg/products/photoshop/ai-ideation.html expected [true] but found [false],
Jarvis Chat is not Visible on pagehttps://www.stage.adobe.com/id_en/products/photoshop.html expected [true] but found [false],
Jarvis Chat is not Visible on pagehttps://www.stage.adobe.com/id_en/products/photoshop/ai-ideation.html expected [true] but found [false],
Jarvis Chat is not Visible on pagehttps://www.stage.adobe.com/sg/products/photoshop.html expected [true] but found [false],
Jarvis Chat is not Visible on pagehttps://www.stage.adobe.com/id_en/products/photoshop/features.html expected [true] but found [false],
Jarvis Chat is not Visible on pagehttps://www.stage.adobe.com/id_en/products/photoshop/ai.html expected [true] but found [false],
Jarvis Chat is not Visible on pagehttps://www.stage.adobe.com/ng/products/photoshop.html expected [true] but found [false],
Jarvis Chat is not Visible on pagehttps://www.stage.adobe.com/id_en/products/photoshop/generative-expand.html expected [true] but found [false],
Jarvis Chat is not Visible on pagehttps://www.stage.adobe.com/ng/products/photoshop/ai-ideation.html expected [true] but found [false],
Jarvis Chat is not Visible on pagehttps://www.stage.adobe.com/id_en/products/photoshop/generative-fill.html expected [true] but found [false],
Jarvis Chat is not Visible on pagehttps://www.stage.adobe.com/ng/products/photoshop/ai.html expected [true] but found [false],
Jarvis Chat is not Visible on pagehttps://www.stage.adobe.com/id_en/products/photoshop/landpa.html expected [true] but found [false],
Jarvis Chat is not Visible on pagehttps://www.stage.adobe.com/ng/products/photoshop/features.html expected [true] but found [false],
Jarvis Chat is not Visible on pagehttps://www.stage.adobe.com/ng/products/photoshop/generative-expand.html expected [true] but found [false],
Jarvis Chat is not Visible on pagehttps://www.stage.adobe.com/id_en/products/photoshop/remove-object.html expected [true] but found [false],
Jarvis Chat is not Visible on pagehttps://www.stage.adobe.com/ng/products/photoshop/landpa.html expected [true] but found [false],
Jarvis Chat is not Visible on pagehttps://www.stage.adobe.com/ng/products/photoshop/generative-fill.html expected [true] but found [false],
Jarvis Chat is not Visible on pagehttps://www.stage.adobe.com/ng/products/photoshop/remove-object.html expected [true] but found [false],
Jarvis Chat is not Visible on pagehttps://www.stage.adobe.com/sa_en/products/photoshop/remove-object.html expected [true] but found [false],
Jarvis Chat is not Visible on pagehttps://www.stage.adobe.com/sa_en/products/photoshop.html expected [true] but found [false],
Jarvis Chat is not Visible on pagehttps://www.stage.adobe.com/sa_en/products/photoshop/landpa.html expected [true] but found [false],
Jarvis Chat is not Visible on pagehttps://www.stage.adobe.com/sa_en/products/photoshop/generative-fill.html expected [true] but found [false],
Jarvis Chat is not Visible on pagehttps://www.stage.adobe.com/sa_en/products/photoshop/ai.html expected [true] but found [false],
Jarvis Chat is not Visible on pagehttps://www.stage.adobe.com/sa_en/products/photoshop/generative-expand.html expected [true] but found [false],
Jarvis Chat is not Visible on pagehttps://www.stage.adobe.com/sa_en/products/photoshop/features.html expected [true] but found [false],
Jarvis Chat is not Visible on pagehttps://www.stage.adobe.com/sa_en/products/photoshop/ai-ideation.html expected [true] but found [false]
at org.testng.asserts.SoftAssert.assertAll(SoftAssert.java:47)
at org.testng.asserts.SoftAssert.assertAll(SoftAssert.java:31)
at dotcom.adobe.tests.MiloCreativeCloudTests_P.verifyJarvisChatIsDisplayedOnPage3(MiloCreativeCloudTests_P.java:2855)
at java.base/jdk.internal.reflect.DirectMethodHandleAccessor.invoke(DirectMethodHandleAccessor.java:104)
at java.base/java.lang.reflect.Method.invoke(Method.java:578)
at org.testng.internal.MethodInvocationHelper.invokeMethod(MethodInvocationHelper.java:133)
at org.testng.internal.TestInvoker.invokeMethod(TestInvoker.java:598)
at org.testng.internal.TestInvoker.invokeTestMethod(TestInvoker.java:173)
at org.testng.internal.MethodRunner.runInSequence(MethodRunner.java:46)
at org.testng.internal.TestInvoker$MethodInvocationAgent.invoke(TestInvoker.java:824)
at org.testng.internal.TestInvoker.invokeTestMethods(TestInvoker.java:146)
at org.testng.internal.TestMethodWorker.invokeTestMethods(TestMethodWorker.java:146)
at org.testng.internal.TestMethodWorker.run(TestMethodWorker.java:128)
at java.base/java.util.concurrent.ThreadPoolExecutor.runWorker(ThreadPoolExecutor.java:1144)
at java.base/java.util.concurrent.ThreadPoolExecutor$Worker.run(ThreadPoolExecutor.java:642)
at java.base/java.lang.Thread.run(Thread.java:1589)
]]>
    </failure>
  </testcase> <!-- verifyJarvisChatIsDisplayedOnPage3 -->
  <system-out/>
  <testcase classname="dotcom.adobe.tests.MiloCreativeCloudTests_P" name="verifyJarvisChatIsDisplayedOnPage" time="7436.513">
    <failure message="The following asserts failed:
	Jarvis Chat is not Visible on pagehttps://www.stage.adobe.com/nz/products/illustrator/vectorize-image.html expected [true] but found [false],
	Jarvis Chat is not Visible on pagehttps://www.stage.adobe.com/ie/products/illustrator/features.html expected [true] but found [false],
	Jarvis Chat is not Visible on pagehttps://www.stage.adobe.com/africa/products/illustrator/features.html expected [true] but found [false],
	Jarvis Chat is not Visible on pagehttps://www.stage.adobe.com/ie/products/illustrator/vectorize-image.html expected [true] but found [false],
	Jarvis Chat is not Visible on pagehttps://www.stage.adobe.com/nz/products/illustrator/features.html expected [true] but found [false],
	Jarvis Chat is not Visible on pagehttps://www.stage.adobe.com/africa/products/illustrator/vectorize-image.html expected [true] but found [false],
	Jarvis Chat is not Visible on pagehttps://www.stage.adobe.com/africa/products/photoshop/ai-ideation.html expected [true] but found [false],
	Jarvis Chat is not Visible on pagehttps://www.stage.adobe.com/nz/products/photoshop.html expected [true] but found [false],
	Jarvis Chat is not Visible on pagehttps://www.stage.adobe.com/ie/products/photoshop.html expected [true] but found [false],
	Jarvis Chat is not Visible on pagehttps://www.stage.adobe.com/nz/products/photoshop/ai-ideation.html expected [true] but found [false],
	Jarvis Chat is not Visible on pagehttps://www.stage.adobe.com/ie/products/photoshop/ai.html expected [true] but found [false],
	Jarvis Chat is not Visible on pagehttps://www.stage.adobe.com/africa/products/photoshop.html expected [true] but found [false],
	Jarvis Chat is not Visible on pagehttps://www.stage.adobe.com/nz/products/photoshop/ai.html expected [true] but found [false],
	Jarvis Chat is not Visible on pagehttps://www.stage.adobe.com/africa/products/photoshop/ai.html expected [true] but found [false],
	Jarvis Chat is not Visible on pagehttps://www.stage.adobe.com/ie/products/photoshop/ai-ideation.html expected [true] but found [false],
	Jarvis Chat is not Visible on pagehttps://www.stage.adobe.com/nz/products/photoshop/generative-expand.html expected [true] but found [false],
	Jarvis Chat is not Visible on pagehttps://www.stage.adobe.com/ie/products/photoshop/features.html expected [true] but found [false],
	Jarvis Chat is not Visible on pagehttps://www.stage.adobe.com/africa/products/photoshop/features.html expected [true] but found [false],
	Jarvis Chat is not Visible on pagehttps://www.stage.adobe.com/nz/products/photoshop/features.html expected [true] but found [false],
	Jarvis Chat is not Visible on pagehttps://www.stage.adobe.com/africa/products/photoshop/landpa.html expected [true] but found [false],
	Jarvis Chat is not Visible on pagehttps://www.stage.adobe.com/ie/products/photoshop/generative-expand.html expected [true] but found [false],
	Jarvis Chat is not Visible on pagehttps://www.stage.adobe.com/nz/products/photoshop/generative-fill.html expected [true] but found [false],
	Jarvis Chat is not Visible on pagehttps://www.stage.adobe.com/africa/products/photoshop/generative-expand.html expected [true] but found [false],
	Jarvis Chat is not Visible on pagehttps://www.stage.adobe.com/ie/products/photoshop/generative-fill.html expected [true] but found [false],
	Jarvis Chat is not Visible on pagehttps://www.stage.adobe.com/nz/products/photoshop/landpa.html expected [true] but found [false],
	Jarvis Chat is not Visible on pagehttps://www.stage.adobe.com/africa/products/photoshop/generative-fill.html expected [true] but found [false],
	Jarvis Chat is not Visible on pagehttps://www.stage.adobe.com/ie/products/photoshop/remove-object.html expected [true] but found [false],
	Jarvis Chat is not Visible on pagehttps://www.stage.adobe.com/nz/products/photoshop/remove-object.html expected [true] but found [false],
	Jarvis Chat is not Visible on pagehttps://www.stage.adobe.com/ie/products/photoshop/landpa.html expected [true] but found [false],
	Jarvis Chat is not Visible on pagehttps://www.stage.adobe.com/africa/products/photoshop/remove-object.html expected [true] but found [false],
	Jarvis Chat is not Visible on pagehttps://www.stage.adobe.com/ph_en/products/photoshop.html expected [true] but found [false],
	Jarvis Chat is not Visible on pagehttps://www.stage.adobe.com/au/products/photoshop.html expected [true] but found [false],
	Jarvis Chat is not Visible on pagehttps://www.stage.adobe.com/ph_en/products/photoshop/ai-ideation.html expected [true] but found [false],
	Jarvis Chat is not Visible on pagehttps://www.stage.adobe.com/il_en/products/photoshop.html expected [true] but found [false],
	Jarvis Chat is not Visible on pagehttps://www.stage.adobe.com/au/products/photoshop/ai-ideation.html expected [true] but found [false],
	Jarvis Chat is not Visible on pagehttps://www.stage.adobe.com/ph_en/products/photoshop/ai.html expected [true] but found [false],
	Jarvis Chat is not Visible on pagehttps://www.stage.adobe.com/il_en/products/photoshop/ai-ideation.html expected [true] but found [false],
	Jarvis Chat is not Visible on pagehttps://www.stage.adobe.com/ph_en/products/photoshop/features.html expected [true] but found [false],
	Jarvis Chat is not Visible on pagehttps://www.stage.adobe.com/il_en/products/photoshop/ai.html expected [true] but found [false],
	Jarvis Chat is not Visible on pagehttps://www.stage.adobe.com/au/products/photoshop/features.html expected [true] but found [false],
	Jarvis Chat is not Visible on pagehttps://www.stage.adobe.com/ph_en/products/photoshop/generative-expand.html expected [true] but found [false],
	Jarvis Chat is not Visible on pagehttps://www.stage.adobe.com/au/products/photoshop/ai.html expected [true] but found [false],
	Jarvis Chat is not Visible on pagehttps://www.stage.adobe.com/il_en/products/photoshop/features.html expected [true] but found [false],
	Jarvis Chat is not Visible on pagehttps://www.stage.adobe.com/ph_en/products/photoshop/landpa.html expected [true] but found [false],
	Jarvis Chat is not Visible on pagehttps://www.stage.adobe.com/au/products/photoshop/landpa.html expected [true] but found [false],
	Jarvis Chat is not Visible on pagehttps://www.stage.adobe.com/il_en/products/photoshop/generative-expand.html expected [true] but found [false],
	Jarvis Chat is not Visible on pagehttps://www.stage.adobe.com/ph_en/products/photoshop/generative-fill.html expected [true] but found [false],
	Jarvis Chat is not Visible on pagehttps://www.stage.adobe.com/au/products/photoshop/generative-expand.html expected [true] but found [false],
	Jarvis Chat is not Visible on pagehttps://www.stage.adobe.com/il_en/products/photoshop/generative-fill.html expected [true] but found [false],
	Jarvis Chat is not Visible on pagehttps://www.stage.adobe.com/ph_en/products/photoshop/remove-object.html expected [true] but found [false],
	Jarvis Chat is not Visible on pagehttps://www.stage.adobe.com/au/products/photoshop/generative-fill.html expected [true] but found [false],
	Jarvis Chat is not Visible on pagehttps://www.stage.adobe.com/il_en/products/photoshop/landpa.html expected [true] but found [false],
	Jarvis Chat is not Visible on pagehttps://www.stage.adobe.com/il_en/products/photoshop/remove-object.html expected [true] but found [false],
	Jarvis Chat is not Visible on pagehttps://www.stage.adobe.com/au/products/photoshop/remove-object.html expected [true] but found [false],
	Jarvis Chat is not Visible on pagehttps://www.stage.adobe.com/be_en/products/photoshop.html expected [true] but found [false],
	Jarvis Chat is not Visible on pagehttps://www.stage.adobe.com/qa_en/products/photoshop.html expected [true] but found [false],
	Jarvis Chat is not Visible on pagehttps://www.stage.adobe.com/be_en/products/photoshop/ai-ideation.html expected [true] but found [false],
	Jarvis Chat is not Visible on pagehttps://www.stage.adobe.com/in/products/photoshop.html expected [true] but found [false],
	Jarvis Chat is not Visible on pagehttps://www.stage.adobe.com/qa_en/products/photoshop/ai-ideation.html expected [true] but found [false],
	Jarvis Chat is not Visible on pagehttps://www.stage.adobe.com/be_en/products/photoshop/ai.html expected [true] but found [false],
	Jarvis Chat is not Visible on pagehttps://www.stage.adobe.com/qa_en/products/photoshop/ai.html expected [true] but found [false],
	Jarvis Chat is not Visible on pagehttps://www.stage.adobe.com/in/products/photoshop/ai-ideation.html expected [true] but found [false],
	Jarvis Chat is not Visible on pagehttps://www.stage.adobe.com/be_en/products/photoshop/features.html expected [true] but found [false],
	Jarvis Chat is not Visible on pagehttps://www.stage.adobe.com/qa_en/products/photoshop/features.html expected [true] but found [false],
	Jarvis Chat is not Visible on pagehttps://www.stage.adobe.com/in/products/photoshop/ai.html expected [true] but found [false],
	Jarvis Chat is not Visible on pagehttps://www.stage.adobe.com/be_en/products/photoshop/generative-fill.html expected [true] but found [false],
	Jarvis Chat is not Visible on pagehttps://www.stage.adobe.com/qa_en/products/photoshop/generative-expand.html expected [true] but found [false],
	Jarvis Chat is not Visible on pagehttps://www.stage.adobe.com/in/products/photoshop/generative-expand.html expected [true] but found [false],
	Jarvis Chat is not Visible on pagehttps://www.stage.adobe.com/be_en/products/photoshop/landpa.html expected [true] but found [false],
	Jarvis Chat is not Visible on pagehttps://www.stage.adobe.com/qa_en/products/photoshop/landpa.html expected [true] but found [false],
	Jarvis Chat is not Visible on pagehttps://www.stage.adobe.com/in/products/photoshop/generative-fill.html expected [true] but found [false],
	Jarvis Chat is not Visible on pagehttps://www.stage.adobe.com/be_en/products/photoshop/generative-expand.html expected [true] but found [false],
	Jarvis Chat is not Visible on pagehttps://www.stage.adobe.com/qa_en/products/photoshop/generative-fill.html expected [true] but found [false],
	Jarvis Chat is not Visible on pagehttps://www.stage.adobe.com/be_en/products/photoshop/remove-object.html expected [true] but found [false],
	Jarvis Chat is not Visible on pagehttps://www.stage.adobe.com/qa_en/products/photoshop/remove-object.html expected [true] but found [false],
	Jarvis Chat is not Visible on pagehttps://www.stage.adobe.com/in/products/photoshop/features.html expected [true] but found [false],
	Jarvis Chat is not Visible on pagehttps://www.stage.adobe.com/in/products/photoshop/landpa.html expected [true] but found [false],
	Jarvis Chat is not Visible on pagehttps://www.stage.adobe.com/in/products/photoshop/remove-object.html expected [true] but found [false],
	Jarvis Chat is not Visible on pagehttps://www.stage.adobe.com/za/products/photoshop/remove-object.html expected [true] but found [false],
	Jarvis Chat is not Visible on pagehttps://www.stage.adobe.com/za/products/photoshop/landpa.html expected [true] but found [false],
	Jarvis Chat is not Visible on pagehttps://www.stage.adobe.com/za/products/photoshop/generative-fill.html expected [true] but found [false],
	Jarvis Chat is not Visible on pagehttps://www.stage.adobe.com/za/products/photoshop/features.html expected [true] but found [false],
	Jarvis Chat is not Visible on pagehttps://www.stage.adobe.com/ca/products/photoshop.html expected [true] but found [false],
	Jarvis Chat is not Visible on pagehttps://www.stage.adobe.com/za/products/photoshop/ai.html expected [true] but found [false],
	Jarvis Chat is not Visible on pagehttps://www.stage.adobe.com/ca/products/photoshop/ai-ideation.html expected [true] but found [false],
	Jarvis Chat is not Visible on pagehttps://www.stage.adobe.com/za/products/photoshop/generative-expand.html expected [true] but found [false],
	Jarvis Chat is not Visible on pagehttps://www.stage.adobe.com/ca/products/photoshop/ai.html expected [true] but found [false],
	Jarvis Chat is not Visible on pagehttps://www.stage.adobe.com/za/products/photoshop/ai-ideation.html expected [true] but found [false],
	Jarvis Chat is not Visible on pagehttps://www.stage.adobe.com/kw_en/products/photoshop.html expected [true] but found [false],
	Jarvis Chat is not Visible on pagehttps://www.stage.adobe.com/kw_en/products/photoshop/ai-ideation.html expected [true] but found [false],
	Jarvis Chat is not Visible on pagehttps://www.stage.adobe.com/ca/products/photoshop/features.html expected [true] but found [false],
	Jarvis Chat is not Visible on pagehttps://www.stage.adobe.com/za/products/photoshop.html expected [true] but found [false],
	Jarvis Chat is not Visible on pagehttps://www.stage.adobe.com/kw_en/products/photoshop/ai.html expected [true] but found [false],
	Jarvis Chat is not Visible on pagehttps://www.stage.adobe.com/ca/products/photoshop/generative-fill.html expected [true] but found [false],
	Jarvis Chat is not Visible on pagehttps://www.stage.adobe.com/ca/products/photoshop/generative-expand.html expected [true] but found [false],
	Jarvis Chat is not Visible on pagehttps://www.stage.adobe.com/kw_en/products/photoshop/features.html expected [true] but found [false],
	Jarvis Chat is not Visible on pagehttps://www.stage.adobe.com/ca/products/photoshop/landpa.html expected [true] but found [false],
	Jarvis Chat is not Visible on pagehttps://www.stage.adobe.com/kw_en/products/photoshop/generative-expand.html expected [true] but found [false],
	Jarvis Chat is not Visible on pagehttps://www.stage.adobe.com/ca/products/photoshop/remove-object.html expected [true] but found [false],
	Jarvis Chat is not Visible on pagehttps://www.stage.adobe.com/kw_en/products/photoshop/landpa.html expected [true] but found [false],
	Jarvis Chat is not Visible on pagehttps://www.stage.adobe.com/kw_en/products/photoshop/generative-fill.html expected [true] but found [false],
	Jarvis Chat is not Visible on pagehttps://www.stage.adobe.com/kw_en/products/photoshop/remove-object.html expected [true] but found [false],
	Jarvis Chat is not Visible on pagehttps://www.stage.adobe.com/vn_en/products/photoshop/remove-object.html expected [true] but found [false],
	Jarvis Chat is not Visible on pagehttps://www.stage.adobe.com/vn_en/products/photoshop/landpa.html expected [true] but found [false],
	Jarvis Chat is not Visible on pagehttps://www.stage.adobe.com/vn_en/products/photoshop/generative-fill.html expected [true] but found [false],
	Jarvis Chat is not Visible on pagehttps://www.stage.adobe.com/vn_en/products/photoshop/features.html expected [true] but found [false],
	Jarvis Chat is not Visible on pagehttps://www.stage.adobe.com/eg_en/products/photoshop.html expected [true] but found [false],
	Jarvis Chat is not Visible on pagehttps://www.stage.adobe.com/vn_en/products/photoshop/generative-expand.html expected [true] but found [false],
	Jarvis Chat is not Visible on pagehttps://www.stage.adobe.com/eg_en/products/photoshop/ai-ideation.html expected [true] but found [false],
	Jarvis Chat is not Visible on pagehttps://www.stage.adobe.com/vn_en/products/photoshop/ai.html expected [true] but found [false],
	Jarvis Chat is not Visible on pagehttps://www.stage.adobe.com/eg_en/products/photoshop/ai.html expected [true] but found [false],
	Jarvis Chat is not Visible on pagehttps://www.stage.adobe.com/vn_en/products/photoshop/ai-ideation.html expected [true] but found [false],
	Jarvis Chat is not Visible on pagehttps://www.stage.adobe.com/eg_en/products/photoshop/features.html expected [true] but found [false],
	Jarvis Chat is not Visible on pagehttps://www.stage.adobe.com/lu_en/products/photoshop.html expected [true] but found [false],
	Jarvis Chat is not Visible on pagehttps://www.stage.adobe.com/eg_en/products/photoshop/generative-fill.html expected [true] but found [false],
	Jarvis Chat is not Visible on pagehttps://www.stage.adobe.com/vn_en/products/photoshop.html expected [true] but found [false],
	Jarvis Chat is not Visible on pagehttps://www.stage.adobe.com/eg_en/products/photoshop/landpa.html expected [true] but found [false],
	Jarvis Chat is not Visible on pagehttps://www.stage.adobe.com/lu_en/products/photoshop/ai-ideation.html expected [true] but found [false],
	Jarvis Chat is not Visible on pagehttps://www.stage.adobe.com/eg_en/products/photoshop/generative-expand.html expected [true] but found [false],
	Jarvis Chat is not Visible on pagehttps://www.stage.adobe.com/lu_en/products/photoshop/features.html expected [true] but found [false],
	Jarvis Chat is not Visible on pagehttps://www.stage.adobe.com/eg_en/products/photoshop/remove-object.html expected [true] but found [false],
	Jarvis Chat is not Visible on pagehttps://www.stage.adobe.com/lu_en/products/photoshop/generative-fill.html expected [true] but found [false],
	Jarvis Chat is not Visible on pagehttps://www.stage.adobe.com/lu_en/products/photoshop/generative-expand.html expected [true] but found [false],
	Jarvis Chat is not Visible on pagehttps://www.stage.adobe.com/lu_en/products/photoshop/landpa.html expected [true] but found [false],
	Jarvis Chat is not Visible on pagehttps://www.stage.adobe.com/lu_en/products/photoshop/ai.html expected [true] but found [false],
	Jarvis Chat is not Visible on pagehttps://www.stage.adobe.com/lu_en/products/photoshop/remove-object.html expected [true] but found [false],
	Jarvis Chat is not Visible on pagehttps://www.stage.adobe.com/gr_en/products/photoshop.html expected [true] but found [false],
	Jarvis Chat is not Visible on pagehttps://www.stage.adobe.com/gr_en/products/photoshop/ai.html expected [true] but found [false],
	Jarvis Chat is not Visible on pagehttps://www.stage.adobe.com/gr_en/products/photoshop/ai-ideation.html expected [true] but found [false],
	Jarvis Chat is not Visible on pagehttps://www.stage.adobe.com/mena_en/products/photoshop/ai-ideation.html expected [true] but found [false],
	Jarvis Chat is not Visible on pagehttps://www.stage.adobe.com/gr_en/products/photoshop/features.html expected [true] but found [false],
	Jarvis Chat is not Visible on pagehttps://www.stage.adobe.com/mena_en/products/photoshop.html expected [true] but found [false],
	Jarvis Chat is not Visible on pagehttps://www.stage.adobe.com/gr_en/products/photoshop/generative-expand.html expected [true] but found [false],
	Jarvis Chat is not Visible on pagehttps://www.stage.adobe.com/gr_en/products/photoshop/generative-fill.html expected [true] but found [false],
	Jarvis Chat is not Visible on pagehttps://www.stage.adobe.com/gr_en/products/photoshop/landpa.html expected [true] but found [false],
	Jarvis Chat is not Visible on pagehttps://www.stage.adobe.com/mena_en/products/photoshop/ai.html expected [true] but found [false],
	Jarvis Chat is not Visible on pagehttps://www.stage.adobe.com/gr_en/products/photoshop/remove-object.html expected [true] but found [false],
	Jarvis Chat is not Visible on pagehttps://www.stage.adobe.com/mena_en/products/photoshop/features.html expected [true] but found [false],
	Jarvis Chat is not Visible on pagehttps://www.stage.adobe.com/mena_en/products/photoshop/generative-expand.html expected [true] but found [false],
	Jarvis Chat is not Visible on pagehttps://www.stage.adobe.com/mena_en/products/photoshop/generative-fill.html expected [true] but found [false],
	Jarvis Chat is not Visible on pagehttps://www.stage.adobe.com/mena_en/products/photoshop/landpa.html expected [true] but found [false],
	Jarvis Chat is not Visible on pagehttps://www.stage.adobe.com/mena_en/products/photoshop/remove-object.html expected [true] but found [false],
	Jarvis Chat is not Visible on pagehttps://www.stage.adobe.com/th_en/products/photoshop/remove-object.html expected [true] but found [false],
	Jarvis Chat is not Visible on pagehttps://www.stage.adobe.com/th_en/products/photoshop/landpa.html expected [true] but found [false],
	Jarvis Chat is not Visible on pagehttps://www.stage.adobe.com/th_en/products/photoshop/generative-fill.html expected [true] but found [false],
	Jarvis Chat is not Visible on pagehttps://www.stage.adobe.com/th_en/products/photoshop/generative-expand.html expected [true] but found [false],
	Jarvis Chat is not Visible on pagehttps://www.stage.adobe.com/th_en/products/photoshop/ai.html expected [true] but found [false],
	Jarvis Chat is not Visible on pagehttps://www.stage.adobe.com/th_en/products/photoshop/features.html expected [true] but found [false],
	Jarvis Chat is not Visible on pagehttps://www.stage.adobe.com/th_en/products/photoshop/ai-ideation.html expected [true] but found [false],
	Jarvis Chat is not Visible on pagehttps://www.stage.adobe.com/hk_en/products/photoshop.html expected [true] but found [false],
	Jarvis Chat is not Visible on pagehttps://www.stage.adobe.com/hk_en/products/photoshop/ai-ideation.html expected [true] but found [false],
	Jarvis Chat is not Visible on pagehttps://www.stage.adobe.com/th_en/products/photoshop.html expected [true] but found [false],
	Jarvis Chat is not Visible on pagehttps://www.stage.adobe.com/hk_en/products/photoshop/generative-expand.html expected [true] but found [false],
	Jarvis Chat is not Visible on pagehttps://www.stage.adobe.com/hk_en/products/photoshop/ai.html expected [true] but found [false],
	Jarvis Chat is not Visible on pagehttps://www.stage.adobe.com/hk_en/products/photoshop/features.html expected [true] but found [false],
	Jarvis Chat is not Visible on pagehttps://www.stage.adobe.com/my_en/products/photoshop.html expected [true] but found [false],
	Jarvis Chat is not Visible on pagehttps://www.stage.adobe.com/hk_en/products/photoshop/landpa.html expected [true] but found [false],
	Jarvis Chat is not Visible on pagehttps://www.stage.adobe.com/my_en/products/photoshop/ai-ideation.html expected [true] but found [false],
	Jarvis Chat is not Visible on pagehttps://www.stage.adobe.com/hk_en/products/photoshop/generative-fill.html expected [true] but found [false],
	Jarvis Chat is not Visible on pagehttps://www.stage.adobe.com/my_en/products/photoshop/ai.html expected [true] but found [false],
	Jarvis Chat is not Visible on pagehttps://www.stage.adobe.com/hk_en/products/photoshop/remove-object.html expected [true] but found [false],
	Jarvis Chat is not Visible on pagehttps://www.stage.adobe.com/my_en/products/photoshop/features.html expected [true] but found [false],
	Jarvis Chat is not Visible on pagehttps://www.stage.adobe.com/my_en/products/photoshop/generative-expand.html expected [true] but found [false],
	Jarvis Chat is not Visible on pagehttps://www.stage.adobe.com/my_en/products/photoshop/generative-fill.html expected [true] but found [false],
	Jarvis Chat is not Visible on pagehttps://www.stage.adobe.com/my_en/products/photoshop/landpa.html expected [true] but found [false],
	Jarvis Chat is not Visible on pagehttps://www.stage.adobe.com/my_en/products/photoshop/remove-object.html expected [true] but found [false],
	Jarvis Chat is not Visible on pagehttps://www.stage.adobe.com/sg/products/photoshop/remove-object.html expected [true] but found [false],
	Jarvis Chat is not Visible on pagehttps://www.stage.adobe.com/sg/products/photoshop/landpa.html expected [true] but found [false],
	Jarvis Chat is not Visible on pagehttps://www.stage.adobe.com/sg/products/photoshop/generative-fill.html expected [true] but found [false],
	Jarvis Chat is not Visible on pagehttps://www.stage.adobe.com/sg/products/photoshop/generative-expand.html expected [true] but found [false],
	Jarvis Chat is not Visible on pagehttps://www.stage.adobe.com/sg/products/photoshop/ai.html expected [true] but found [false],
	Jarvis Chat is not Visible on pagehttps://www.stage.adobe.com/sg/products/photoshop/features.html expected [true] but found [false],
	Jarvis Chat is not Visible on pagehttps://www.stage.adobe.com/sg/products/photoshop/ai-ideation.html expected [true] but found [false],
[...]
Jarvis Chat is not Visible on pagehttps://www.stage.adobe.com/qa_en/products/photoshop/ai-ideation.html expected [true] but found [false],
Jarvis Chat is not Visible on pagehttps://www.stage.adobe.com/be_en/products/photoshop/ai.html expected [true] but found [false],
Jarvis Chat is not Visible on pagehttps://www.stage.adobe.com/qa_en/products/photoshop/ai.html expected [true] but found [false],
Jarvis Chat is not Visible on pagehttps://www.stage.adobe.com/in/products/photoshop/ai-ideation.html expected [true] but found [false],
Jarvis Chat is not Visible on pagehttps://www.stage.adobe.com/be_en/products/photoshop/features.html expected [true] but found [false],
Jarvis Chat is not Visible on pagehttps://www.stage.adobe.com/qa_en/products/photoshop/features.html expected [true] but found [false],
Jarvis Chat is not Visible on pagehttps://www.stage.adobe.com/in/products/photoshop/ai.html expected [true] but found [false],
Jarvis Chat is not Visible on pagehttps://www.stage.adobe.com/be_en/products/photoshop/generative-fill.html expected [true] but found [false],
Jarvis Chat is not Visible on pagehttps://www.stage.adobe.com/qa_en/products/photoshop/generative-expand.html expected [true] but found [false],
Jarvis Chat is not Visible on pagehttps://www.stage.adobe.com/in/products/photoshop/generative-expand.html expected [true] but found [false],
Jarvis Chat is not Visible on pagehttps://www.stage.adobe.com/be_en/products/photoshop/landpa.html expected [true] but found [false],
Jarvis Chat is not Visible on pagehttps://www.stage.adobe.com/qa_en/products/photoshop/landpa.html expected [true] but found [false],
Jarvis Chat is not Visible on pagehttps://www.stage.adobe.com/in/products/photoshop/generative-fill.html expected [true] but found [false],
Jarvis Chat is not Visible on pagehttps://www.stage.adobe.com/be_en/products/photoshop/generative-expand.html expected [true] but found [false],
Jarvis Chat is not Visible on pagehttps://www.stage.adobe.com/qa_en/products/photoshop/generative-fill.html expected [true] but found [false],
Jarvis Chat is not Visible on pagehttps://www.stage.adobe.com/be_en/products/photoshop/remove-object.html expected [true] but found [false],
Jarvis Chat is not Visible on pagehttps://www.stage.adobe.com/qa_en/products/photoshop/remove-object.html expected [true] but found [false],
Jarvis Chat is not Visible on pagehttps://www.stage.adobe.com/in/products/photoshop/features.html expected [true] but found [false],
Jarvis Chat is not Visible on pagehttps://www.stage.adobe.com/in/products/photoshop/landpa.html expected [true] but found [false],
Jarvis Chat is not Visible on pagehttps://www.stage.adobe.com/in/products/photoshop/remove-object.html expected [true] but found [false],
Jarvis Chat is not Visible on pagehttps://www.stage.adobe.com/za/products/photoshop/remove-object.html expected [true] but found [false],
Jarvis Chat is not Visible on pagehttps://www.stage.adobe.com/za/products/photoshop/landpa.html expected [true] but found [false],
Jarvis Chat is not Visible on pagehttps://www.stage.adobe.com/za/products/photoshop/generative-fill.html expected [true] but found [false],
Jarvis Chat is not Visible on pagehttps://www.stage.adobe.com/za/products/photoshop/features.html expected [true] but found [false],
Jarvis Chat is not Visible on pagehttps://www.stage.adobe.com/ca/products/photoshop.html expected [true] but found [false],
Jarvis Chat is not Visible on pagehttps://www.stage.adobe.com/za/products/photoshop/ai.html expected [true] but found [false],
Jarvis Chat is not Visible on pagehttps://www.stage.adobe.com/ca/products/photoshop/ai-ideation.html expected [true] but found [false],
Jarvis Chat is not Visible on pagehttps://www.stage.adobe.com/za/products/photoshop/generative-expand.html expected [true] but found [false],
Jarvis Chat is not Visible on pagehttps://www.stage.adobe.com/ca/products/photoshop/ai.html expected [true] but found [false],
Jarvis Chat is not Visible on pagehttps://www.stage.adobe.com/za/products/photoshop/ai-ideation.html expected [true] but found [false],
Jarvis Chat is not Visible on pagehttps://www.stage.adobe.com/kw_en/products/photoshop.html expected [true] but found [false],
Jarvis Chat is not Visible on pagehttps://www.stage.adobe.com/kw_en/products/photoshop/ai-ideation.html expected [true] but found [false],
Jarvis Chat is not Visible on pagehttps://www.stage.adobe.com/ca/products/photoshop/features.html expected [true] but found [false],
Jarvis Chat is not Visible on pagehttps://www.stage.adobe.com/za/products/photoshop.html expected [true] but found [false],
Jarvis Chat is not Visible on pagehttps://www.stage.adobe.com/kw_en/products/photoshop/ai.html expected [true] but found [false],
Jarvis Chat is not Visible on pagehttps://www.stage.adobe.com/ca/products/photoshop/generative-fill.html expected [true] but found [false],
Jarvis Chat is not Visible on pagehttps://www.stage.adobe.com/ca/products/photoshop/generative-expand.html expected [true] but found [false],
Jarvis Chat is not Visible on pagehttps://www.stage.adobe.com/kw_en/products/photoshop/features.html expected [true] but found [false],
Jarvis Chat is not Visible on pagehttps://www.stage.adobe.com/ca/products/photoshop/landpa.html expected [true] but found [false],
Jarvis Chat is not Visible on pagehttps://www.stage.adobe.com/kw_en/products/photoshop/generative-expand.html expected [true] but found [false],
Jarvis Chat is not Visible on pagehttps://www.stage.adobe.com/ca/products/photoshop/remove-object.html expected [true] but found [false],
Jarvis Chat is not Visible on pagehttps://www.stage.adobe.com/kw_en/products/photoshop/landpa.html expected [true] but found [false],
Jarvis Chat is not Visible on pagehttps://www.stage.adobe.com/kw_en/products/photoshop/generative-fill.html expected [true] but found [false],
Jarvis Chat is not Visible on pagehttps://www.stage.adobe.com/kw_en/products/photoshop/remove-object.html expected [true] but found [false],
Jarvis Chat is not Visible on pagehttps://www.stage.adobe.com/vn_en/products/photoshop/remove-object.html expected [true] but found [false],
Jarvis Chat is not Visible on pagehttps://www.stage.adobe.com/vn_en/products/photoshop/landpa.html expected [true] but found [false],
Jarvis Chat is not Visible on pagehttps://www.stage.adobe.com/vn_en/products/photoshop/generative-fill.html expected [true] but found [false],
Jarvis Chat is not Visible on pagehttps://www.stage.adobe.com/vn_en/products/photoshop/features.html expected [true] but found [false],
Jarvis Chat is not Visible on pagehttps://www.stage.adobe.com/eg_en/products/photoshop.html expected [true] but found [false],
Jarvis Chat is not Visible on pagehttps://www.stage.adobe.com/vn_en/products/photoshop/generative-expand.html expected [true] but found [false],
Jarvis Chat is not Visible on pagehttps://www.stage.adobe.com/eg_en/products/photoshop/ai-ideation.html expected [true] but found [false],
Jarvis Chat is not Visible on pagehttps://www.stage.adobe.com/vn_en/products/photoshop/ai.html expected [true] but found [false],
Jarvis Chat is not Visible on pagehttps://www.stage.adobe.com/eg_en/products/photoshop/ai.html expected [true] but found [false],
Jarvis Chat is not Visible on pagehttps://www.stage.adobe.com/vn_en/products/photoshop/ai-ideation.html expected [true] but found [false],
Jarvis Chat is not Visible on pagehttps://www.stage.adobe.com/eg_en/products/photoshop/features.html expected [true] but found [false],
Jarvis Chat is not Visible on pagehttps://www.stage.adobe.com/lu_en/products/photoshop.html expected [true] but found [false],
Jarvis Chat is not Visible on pagehttps://www.stage.adobe.com/eg_en/products/photoshop/generative-fill.html expected [true] but found [false],
Jarvis Chat is not Visible on pagehttps://www.stage.adobe.com/vn_en/products/photoshop.html expected [true] but found [false],
Jarvis Chat is not Visible on pagehttps://www.stage.adobe.com/eg_en/products/photoshop/landpa.html expected [true] but found [false],
Jarvis Chat is not Visible on pagehttps://www.stage.adobe.com/lu_en/products/photoshop/ai-ideation.html expected [true] but found [false],
Jarvis Chat is not Visible on pagehttps://www.stage.adobe.com/eg_en/products/photoshop/generative-expand.html expected [true] but found [false],
Jarvis Chat is not Visible on pagehttps://www.stage.adobe.com/lu_en/products/photoshop/features.html expected [true] but found [false],
Jarvis Chat is not Visible on pagehttps://www.stage.adobe.com/eg_en/products/photoshop/remove-object.html expected [true] but found [false],
Jarvis Chat is not Visible on pagehttps://www.stage.adobe.com/lu_en/products/photoshop/generative-fill.html expected [true] but found [false],
Jarvis Chat is not Visible on pagehttps://www.stage.adobe.com/lu_en/products/photoshop/generative-expand.html expected [true] but found [false],
Jarvis Chat is not Visible on pagehttps://www.stage.adobe.com/lu_en/products/photoshop/landpa.html expected [true] but found [false],
Jarvis Chat is not Visible on pagehttps://www.stage.adobe.com/lu_en/products/photoshop/ai.html expected [true] but found [false],
Jarvis Chat is not Visible on pagehttps://www.stage.adobe.com/lu_en/products/photoshop/remove-object.html expected [true] but found [false],
Jarvis Chat is not Visible on pagehttps://www.stage.adobe.com/gr_en/products/photoshop.html expected [true] but found [false],
Jarvis Chat is not Visible on pagehttps://www.stage.adobe.com/gr_en/products/photoshop/ai.html expected [true] but found [false],
Jarvis Chat is not Visible on pagehttps://www.stage.adobe.com/gr_en/products/photoshop/ai-ideation.html expected [true] but found [false],
Jarvis Chat is not Visible on pagehttps://www.stage.adobe.com/mena_en/products/photoshop/ai-ideation.html expected [true] but found [false],
Jarvis Chat is not Visible on pagehttps://www.stage.adobe.com/gr_en/products/photoshop/features.html expected [true] but found [false],
Jarvis Chat is not Visible on pagehttps://www.stage.adobe.com/mena_en/products/photoshop.html expected [true] but found [false],
Jarvis Chat is not Visible on pagehttps://www.stage.adobe.com/gr_en/products/photoshop/generative-expand.html expected [true] but found [false],
Jarvis Chat is not Visible on pagehttps://www.stage.adobe.com/gr_en/products/photoshop/generative-fill.html expected [true] but found [false],
Jarvis Chat is not Visible on pagehttps://www.stage.adobe.com/gr_en/products/photoshop/landpa.html expected [true] but found [false],
Jarvis Chat is not Visible on pagehttps://www.stage.adobe.com/mena_en/products/photoshop/ai.html expected [true] but found [false],
Jarvis Chat is not Visible on pagehttps://www.stage.adobe.com/gr_en/products/photoshop/remove-object.html expected [true] but found [false],
Jarvis Chat is not Visible on pagehttps://www.stage.adobe.com/mena_en/products/photoshop/features.html expected [true] but found [false],
Jarvis Chat is not Visible on pagehttps://www.stage.adobe.com/mena_en/products/photoshop/generative-expand.html expected [true] but found [false],
Jarvis Chat is not Visible on pagehttps://www.stage.adobe.com/mena_en/products/photoshop/generative-fill.html expected [true] but found [false],
Jarvis Chat is not Visible on pagehttps://www.stage.adobe.com/mena_en/products/photoshop/landpa.html expected [true] but found [false],
Jarvis Chat is not Visible on pagehttps://www.stage.adobe.com/mena_en/products/photoshop/remove-object.html expected [true] but found [false],
Jarvis Chat is not Visible on pagehttps://www.stage.adobe.com/th_en/products/photoshop/remove-object.html expected [true] but found [false],
Jarvis Chat is not Visible on pagehttps://www.stage.adobe.com/th_en/products/photoshop/landpa.html expected [true] but found [false],
Jarvis Chat is not Visible on pagehttps://www.stage.adobe.com/th_en/products/photoshop/generative-fill.html expected [true] but found [false],
Jarvis Chat is not Visible on pagehttps://www.stage.adobe.com/th_en/products/photoshop/generative-expand.html expected [true] but found [false],
Jarvis Chat is not Visible on pagehttps://www.stage.adobe.com/th_en/products/photoshop/ai.html expected [true] but found [false],
Jarvis Chat is not Visible on pagehttps://www.stage.adobe.com/th_en/products/photoshop/features.html expected [true] but found [false],
Jarvis Chat is not Visible on pagehttps://www.stage.adobe.com/th_en/products/photoshop/ai-ideation.html expected [true] but found [false],
Jarvis Chat is not Visible on pagehttps://www.stage.adobe.com/hk_en/products/photoshop.html expected [true] but found [false],
Jarvis Chat is not Visible on pagehttps://www.stage.adobe.com/hk_en/products/photoshop/ai-ideation.html expected [true] but found [false],
Jarvis Chat is not Visible on pagehttps://www.stage.adobe.com/th_en/products/photoshop.html expected [true] but found [false],
Jarvis Chat is not Visible on pagehttps://www.stage.adobe.com/hk_en/products/photoshop/generative-expand.html expected [true] but found [false],
Jarvis Chat is not Visible on pagehttps://www.stage.adobe.com/hk_en/products/photoshop/ai.html expected [true] but found [false],
Jarvis Chat is not Visible on pagehttps://www.stage.adobe.com/hk_en/products/photoshop/features.html expected [true] but found [false],
Jarvis Chat is not Visible on pagehttps://www.stage.adobe.com/my_en/products/photoshop.html expected [true] but found [false],
Jarvis Chat is not Visible on pagehttps://www.stage.adobe.com/hk_en/products/photoshop/landpa.html expected [true] but found [false],
Jarvis Chat is not Visible on pagehttps://www.stage.adobe.com/my_en/products/photoshop/ai-ideation.html expected [true] but found [false],
Jarvis Chat is not Visible on pagehttps://www.stage.adobe.com/hk_en/products/photoshop/generative-fill.html expected [true] but found [false],
Jarvis Chat is not Visible on pagehttps://www.stage.adobe.com/my_en/products/photoshop/ai.html expected [true] but found [false],
Jarvis Chat is not Visible on pagehttps://www.stage.adobe.com/hk_en/products/photoshop/remove-object.html expected [true] but found [false],
Jarvis Chat is not Visible on pagehttps://www.stage.adobe.com/my_en/products/photoshop/features.html expected [true] but found [false],
Jarvis Chat is not Visible on pagehttps://www.stage.adobe.com/my_en/products/photoshop/generative-expand.html expected [true] but found [false],
Jarvis Chat is not Visible on pagehttps://www.stage.adobe.com/my_en/products/photoshop/generative-fill.html expected [true] but found [false],
Jarvis Chat is not Visible on pagehttps://www.stage.adobe.com/my_en/products/photoshop/landpa.html expected [true] but found [false],
Jarvis Chat is not Visible on pagehttps://www.stage.adobe.com/my_en/products/photoshop/remove-object.html expected [true] but found [false],
Jarvis Chat is not Visible on pagehttps://www.stage.adobe.com/sg/products/photoshop/remove-object.html expected [true] but found [false],
Jarvis Chat is not Visible on pagehttps://www.stage.adobe.com/sg/products/photoshop/landpa.html expected [true] but found [false],
Jarvis Chat is not Visible on pagehttps://www.stage.adobe.com/sg/products/photoshop/generative-fill.html expected [true] but found [false],
Jarvis Chat is not Visible on pagehttps://www.stage.adobe.com/sg/products/photoshop/generative-expand.html expected [true] but found [false],
Jarvis Chat is not Visible on pagehttps://www.stage.adobe.com/sg/products/photoshop/ai.html expected [true] but found [false],
Jarvis Chat is not Visible on pagehttps://www.stage.adobe.com/sg/products/photoshop/features.html expected [true] but found [false],
Jarvis Chat is not Visible on pagehttps://www.stage.adobe.com/sg/products/photoshop/ai-ideation.html expected [true] but found [false],
Jarvis Chat is not Visible on pagehttps://www.stage.adobe.com/id_en/products/photoshop.html expected [true] but found [false],
Jarvis Chat is not Visible on pagehttps://www.stage.adobe.com/id_en/products/photoshop/ai-ideation.html expected [true] but found [false],
Jarvis Chat is not Visible on pagehttps://www.stage.adobe.com/sg/products/photoshop.html expected [true] but found [false],
Jarvis Chat is not Visible on pagehttps://www.stage.adobe.com/id_en/products/photoshop/features.html expected [true] but found [false],
Jarvis Chat is not Visible on pagehttps://www.stage.adobe.com/id_en/products/photoshop/ai.html expected [true] but found [false],
Jarvis Chat is not Visible on pagehttps://www.stage.adobe.com/ng/products/photoshop.html expected [true] but found [false],
Jarvis Chat is not Visible on pagehttps://www.stage.adobe.com/id_en/products/photoshop/generative-expand.html expected [true] but found [false],
Jarvis Chat is not Visible on pagehttps://www.stage.adobe.com/ng/products/photoshop/ai-ideation.html expected [true] but found [false],
Jarvis Chat is not Visible on pagehttps://www.stage.adobe.com/id_en/products/photoshop/generative-fill.html expected [true] but found [false],
Jarvis Chat is not Visible on pagehttps://www.stage.adobe.com/ng/products/photoshop/ai.html expected [true] but found [false],
Jarvis Chat is not Visible on pagehttps://www.stage.adobe.com/id_en/products/photoshop/landpa.html expected [true] but found [false],
Jarvis Chat is not Visible on pagehttps://www.stage.adobe.com/ng/products/photoshop/features.html expected [true] but found [false],
Jarvis Chat is not Visible on pagehttps://www.stage.adobe.com/ng/products/photoshop/generative-expand.html expected [true] but found [false],
Jarvis Chat is not Visible on pagehttps://www.stage.adobe.com/id_en/products/photoshop/remove-object.html expected [true] but found [false],
Jarvis Chat is not Visible on pagehttps://www.stage.adobe.com/ng/products/photoshop/landpa.html expected [true] but found [false],
Jarvis Chat is not Visible on pagehttps://www.stage.adobe.com/ng/products/photoshop/generative-fill.html expected [true] but found [false],
Jarvis Chat is not Visible on pagehttps://www.stage.adobe.com/ng/products/photoshop/remove-object.html expected [true] but found [false],
Jarvis Chat is not Visible on pagehttps://www.stage.adobe.com/sa_en/products/photoshop/remove-object.html expected [true] but found [false],
Jarvis Chat is not Visible on pagehttps://www.stage.adobe.com/sa_en/products/photoshop.html expected [true] but found [false],
Jarvis Chat is not Visible on pagehttps://www.stage.adobe.com/sa_en/products/photoshop/landpa.html expected [true] but found [false],
Jarvis Chat is not Visible on pagehttps://www.stage.adobe.com/sa_en/products/photoshop/generative-fill.html expected [true] but found [false]
at org.testng.asserts.SoftAssert.assertAll(SoftAssert.java:47)
at org.testng.asserts.SoftAssert.assertAll(SoftAssert.java:31)
at dotcom.adobe.tests.MiloCreativeCloudTests_P.verifyJarvisChatIsDisplayedOnPage2(MiloCreativeCloudTests_P.java:2780)
at java.base/jdk.internal.reflect.DirectMethodHandleAccessor.invoke(DirectMethodHandleAccessor.java:104)
at java.base/java.lang.reflect.Method.invoke(Method.java:578)
at org.testng.internal.MethodInvocationHelper.invokeMethod(MethodInvocationHelper.java:133)
at org.testng.internal.TestInvoker.invokeMethod(TestInvoker.java:598)
at org.testng.internal.TestInvoker.invokeTestMethod(TestInvoker.java:173)
at org.testng.internal.MethodRunner.runInSequence(MethodRunner.java:46)
at org.testng.internal.TestInvoker$MethodInvocationAgent.invoke(TestInvoker.java:824)
at org.testng.internal.TestInvoker.invokeTestMethods(TestInvoker.java:146)
at org.testng.internal.TestMethodWorker.invokeTestMethods(TestMethodWorker.java:146)
at org.testng.internal.TestMethodWorker.run(TestMethodWorker.java:128)
at java.base/java.util.concurrent.ThreadPoolExecutor.runWorker(ThreadPoolExecutor.java:1144)
at java.base/java.util.concurrent.ThreadPoolExecutor$Worker.run(ThreadPoolExecutor.java:642)
at java.base/java.lang.Thread.run(Thread.java:1589)
]]>
    </failure>
  </testcase> <!-- verifyJarvisChatIsDisplayedOnPage2 -->
  <system-out/>
</testsuite> <!-- dotcom.adobe.tests.MiloCreativeCloudTests_P -->
